2026-02-24 14:16:49 - ADBTools.Main - INFO - [main.py:19] - [main] - ================================================================================
2026-02-24 14:16:49 - ADBTools.Main - INFO - [main.py:20] - [main] - ADBTools 应用程序启动
2026-02-24 14:16:49 - ADBTools.Main - INFO - [main.py:21] - [main] - Python 版本: 3.10.16 | packaged by Anaconda, Inc. | (main, Dec 11 2024, 16:19:12) [MSC v.1929 64 bit (AMD64)]
2026-02-24 14:16:49 - ADBTools.Main - INFO - [main.py:22] - [main] - 工作目录: D:\Personal files\ADBTools
2026-02-24 14:16:49 - ADBTools.Main - INFO - [main.py:23] - [main] - ================================================================================
2026-02-24 14:16:49 - ADBTools.Main - INFO - [main.py:28] - [main] - 加载 ADB 主窗口模块...
2026-02-24 14:16:50 - ADBTools.ADB_Module - INFO - [ADB_module.py:108] - [__init__] - 初始化 ADB 主窗口...
2026-02-24 14:16:51 - ADBTools.UI - INFO - [logger_manager.py:560] - [log_button_click] - [2026-02-24 14:16:51.518] [Thread-29716] 用户操作: 点击 RefreshButton 按钮 -> 刷新设备列表
2026-02-24 14:16:51 - ADBTools.RefreshDevicesThread - INFO - [refresh_devices_thread.py:37] - [__init__] - 刷新设备列表线程初始化
2026-02-24 14:16:51 - ADBTools.RefreshDevicesThread - INFO - [refresh_devices_thread.py:41] - [run] - ================================================================================
2026-02-24 14:16:51 - ADBTools.Thread - INFO - [logger_manager.py:644] - [log_thread_start] - [2026-02-24 14:16:51.525] [Thread-29716] 线程启动: RefreshDevicesThread | 详情: {'action': '刷新设备列表'}
2026-02-24 14:16:51 - ADBTools.RefreshDevicesThread - INFO - [refresh_devices_thread.py:42] - [run] - 开始执行刷新设备列表操作
2026-02-24 14:16:51 - ADBTools.RefreshDevicesThread - INFO - [refresh_devices_thread.py:43] - [run] - ================================================================================
2026-02-24 14:16:51 - ADBTools.RefreshDevicesThread - INFO - [refresh_devices_thread.py:51] - [run] - 发送进度信号: 正在刷新设备列表...
2026-02-24 14:16:51 - ADBTools.RefreshDevicesThread - INFO - [refresh_devices_thread.py:54] - [run] - 准备执行 ADB 命令: devices
2026-02-24 14:16:51 - ADBTools.ADB_Utils - INFO - [adb_utils.py:78] - [get_adb_path] - 开始查找ADB可执行文件...
2026-02-24 14:16:51 - ADBTools.ADB_Utils - DEBUG - [adb_utils.py:82] - [get_adb_path] - ADB搜索路径: ['adb', 'adb.exe', './adb.exe', './tools/adb.exe', 'C:\\Program Files (x86)\\Android\\android-sdk\\platform-tools\\adb.exe', 'D:\\work_tools\\adb-1\\adb.exe']
2026-02-24 14:16:51 - ADBTools.Main - INFO - [main.py:32] - [main] - ADB 主窗口创建成功，版本: 1.6.7
2026-02-24 14:16:51 - ADBTools.ADB_Utils - INFO - [adb_utils.py:109] - [get_adb_path] - 找到ADB (系统PATH): D:\work_tools\adb-1\adb.exe
2026-02-24 14:16:51 - ADBTools.ADB_Utils - DEBUG - [adb_utils.py:154] - [run_adb_command] - [2026-02-24 14:16:51.639] [Thread-33400] 执行ADB命令 [全局]: devices
2026-02-24 14:16:51 - ADBTools.ADB_Utils - DEBUG - [adb_utils.py:173] - [run_adb_command] - [2026-02-24 14:16:51.639] [Thread-33400] ADB命令执行成功 [全局]: devices (耗时: 0.118s)
2026-02-24 14:16:51 - ADBTools.RefreshDevicesThread - INFO - [refresh_devices_thread.py:60] - [run] - ADB 命令执行完成，开始解析结果...
2026-02-24 14:16:51 - ADBTools.RefreshDevicesThread - INFO - [refresh_devices_thread.py:76] - [run] - ADB 命令返回内容长度: 49 字符
2026-02-24 14:16:51 - ADBTools.RefreshDevicesThread - INFO - [refresh_devices_thread.py:89] - [run] - ADB命令返回 2 行内容
2026-02-24 14:16:51 - ADBTools.RefreshDevicesThread - DEBUG - [refresh_devices_thread.py:95] - [run] - 解析第 1 行: List of devices attached
2026-02-24 14:16:51 - ADBTools.RefreshDevicesThread - DEBUG - [refresh_devices_thread.py:95] - [run] - 解析第 2 行: GFEDCBA0987654321	device
2026-02-24 14:16:51 - ADBTools.RefreshDevicesThread - INFO - [refresh_devices_thread.py:101] - [run] - ✓ 发现设备: GFEDCBA0987654321 (状态: device)
2026-02-24 14:16:51 - ADBTools.RefreshDevicesThread - INFO - [refresh_devices_thread.py:107] - [run] - 设备解析完成，共找到 1 个设备
2026-02-24 14:16:51 - ADBTools.RefreshDevicesThread - INFO - [refresh_devices_thread.py:112] - [run] - 设备列表:
2026-02-24 14:16:51 - ADBTools.RefreshDevicesThread - INFO - [refresh_devices_thread.py:114] - [run] -   - GFEDCBA0987654321
2026-02-24 14:16:51 - ADBTools.RefreshDevicesThread - INFO - [refresh_devices_thread.py:133] - [run] - ================================================================================
2026-02-24 14:16:51 - ADBTools.RefreshDevicesThread - INFO - [refresh_devices_thread.py:134] - [run] - 刷新设备列表操作完成
2026-02-24 14:16:51 - ADBTools.RefreshDevicesThread - INFO - [refresh_devices_thread.py:135] - [run] - ================================================================================
2026-02-24 14:16:51 - ADBTools.Device - INFO - [logger_manager.py:605] - [log_device_operation] - [2026-02-24 14:16:51.770] [Thread-29716] 设备操作: u2_connect_attempt | 设备: GFEDCBA0987654321 | 详情: {'mode': 'u2', 'action': '尝试u2连接'}
2026-02-24 14:16:51 - ADBTools.U2ConnectThread - INFO - [u2_connect_thread.py:99] - [__init__] - U2ConnectThread初始化: 目标设备 GFEDCBA0987654321
2026-02-24 14:16:51 - ADBTools.Thread - INFO - [logger_manager.py:644] - [log_thread_start] - [2026-02-24 14:16:51.778] [Thread-29716] 线程启动: U2ConnectThread | 详情: {'device_id': 'GFEDCBA0987654321', 'mode': 'u2'}
2026-02-24 14:16:51 - ADBTools.Thread - INFO - [logger_manager.py:644] - [log_thread_start] - [2026-02-24 14:16:51.778] [Thread-21140] 线程启动: U2ConnectThread | 详情: {'device_id': 'GFEDCBA0987654321'}
2026-02-24 14:16:51 - ADBTools.Device - INFO - [logger_manager.py:605] - [log_device_operation] - [2026-02-24 14:16:51.779] [Thread-21140] 设备操作: u2_connect_start | 设备: GFEDCBA0987654321 | 详情: {'mode': 'u2'}
2026-02-24 14:16:51 - ADBTools.U2ConnectThread - INFO - [u2_connect_thread.py:111] - [run] - 开始u2连接: GFEDCBA0987654321
2026-02-24 14:16:51 - ADBTools.ADB_Module - INFO - [ADB_module.py:2119] - [_on_refresh_thread_finished] - 设备列表刷新完成
2026-02-24 14:16:55 - ADBTools.U2ConnectThread - INFO - [u2_connect_thread.py:130] - [run] - u2连接成功: GFEDCBA0987654321 | 耗时: 3.533s
2026-02-24 14:16:55 - ADBTools.U2ConnectThread - INFO - [u2_connect_thread.py:131] - [run] - 设备信息: {'serial': 'GFEDCBA0987654321', 'model': 'Unknown', 'brand': 'Unknown', 'version': 'Unknown', 'sdk': 'Unknown', 'manufacturer': 'Unknown'}
2026-02-24 14:16:55 - ADBTools.Device - INFO - [logger_manager.py:605] - [log_device_operation] - [2026-02-24 14:16:55.313] [Thread-21140] 设备操作: u2_connect_success | 设备: GFEDCBA0987654321 | 详情: {'mode': 'u2', 'status': 'connected', 'device_info': {'serial': 'GFEDCBA0987654321', 'model': 'Unknown', 'brand': 'Unknown', 'version': 'Unknown', 'sdk': 'Unknown', 'manufacturer': 'Unknown'}, 'elapsed_time': 3.532515048980713}
2026-02-24 14:16:55 - ADBTools.Thread - INFO - [logger_manager.py:662] - [log_thread_complete] - [2026-02-24 14:16:55.314] [Thread-21140] 线程完成: U2ConnectThread | 结果: success | 详情: {'device_id': 'GFEDCBA0987654321', 'elapsed_time': 3.532515048980713, 'device_info': {'serial': 'GFEDCBA0987654321', 'model': 'Unknown', 'brand': 'Unknown', 'version': 'Unknown', 'sdk': 'Unknown', 'manufacturer': 'Unknown'}}
2026-02-24 14:16:55 - ADBTools.Device - INFO - [logger_manager.py:605] - [log_device_operation] - [2026-02-24 14:16:55.317] [Thread-29716] 设备操作: u2_connect_success | 设备: GFEDCBA0987654321 | 详情: {'mode': 'u2', 'status': 'connected'}
2026-02-24 14:16:55 - ADBTools.Thread - INFO - [logger_manager.py:662] - [log_thread_complete] - [2026-02-24 14:16:55.318] [Thread-29716] 线程完成: U2ConnectThread | 结果: success | 详情: {'device_id': 'GFEDCBA0987654321', 'mode': 'u2'}
2026-02-24 14:17:00 - ADBTools.UI - INFO - [logger_manager.py:560] - [log_button_click] - [2026-02-24 14:17:00.602] [Thread-29716] 用户操作: 点击 reinit_u2_button 按钮 -> 重新初始化uiautomator2
2026-02-24 14:17:01 - ADBTools.U2ReinitDialog - INFO - [u2_reinit_dialog.py:34] - [__init__] - u2重新初始化对话框已创建
2026-02-24 14:17:01 - ADBTools.Thread - INFO - [logger_manager.py:644] - [log_thread_start] - [2026-02-24 14:17:01.453] [Thread-29716] 线程启动: U2ReinitThread | 详情: {'device_id': 'GFEDCBA0987654321', 'action': '重新初始化uiautomator2'}
2026-02-24 14:17:01 - ADBTools.U2Reinit - INFO - [u2_reinit_thread.py:146] - [run] - ================================================================================
2026-02-24 14:17:01 - ADBTools.U2Reinit - INFO - [u2_reinit_thread.py:147] - [run] - 开始重新初始化uiautomator2服务
2026-02-24 14:17:01 - ADBTools.U2Reinit - INFO - [u2_reinit_thread.py:148] - [run] - ================================================================================
2026-02-24 14:17:01 - ADBTools.U2Reinit - INFO - [u2_reinit_thread.py:152] - [run] - 步骤 1/5: 断开现有连接
2026-02-24 14:17:01 - ADBTools.U2ReinitDialog - DEBUG - [u2_reinit_dialog.py:104] - [add_progress] - 进度更新: 步骤 1/5: 断开现有连接...
2026-02-24 14:17:01 - ADBTools.U2Reinit - INFO - [u2_reinit_thread.py:159] - [run] -   - 正在断开u2连接
2026-02-24 14:17:01 - ADBTools.U2ReinitDialog - DEBUG - [u2_reinit_dialog.py:104] - [add_progress] - 进度更新:   - 正在断开u2连接...
2026-02-24 14:17:02 - ADBTools.U2Reinit - INFO - [u2_reinit_thread.py:166] - [run] - 步骤 2/5: 停止uiautomator2服务
2026-02-24 14:17:02 - ADBTools.ADB_Utils - DEBUG - [adb_utils.py:75] - [get_adb_path] - 使用缓存的ADB路径: D:\work_tools\adb-1\adb.exe
2026-02-24 14:17:02 - ADBTools.U2ReinitDialog - DEBUG - [u2_reinit_dialog.py:104] - [add_progress] - 进度更新: 步骤 2/5: 停止uiautomator2服务...
2026-02-24 14:17:02 - ADBTools.U2Reinit - INFO - [u2_reinit_thread.py:175] - [run] -   - 执行命令: "D:\work_tools\adb-1\adb.exe" -s GFEDCBA0987654321 shell am force-stop com.github.uiautomator
2026-02-24 14:17:02 - ADBTools.U2ReinitDialog - DEBUG - [u2_reinit_dialog.py:104] - [add_progress] - 进度更新:   - 执行命令: "D:\work_tools\adb-1\adb.exe" -s GFEDCBA0987654321 shell am force-stop com.github.uiautomator
2026-02-24 14:17:04 - ADBTools.U2Reinit - INFO - [u2_reinit_thread.py:181] - [run] -   - ✓ uiautomator2服务已停止
2026-02-24 14:17:04 - ADBTools.U2ReinitDialog - DEBUG - [u2_reinit_dialog.py:104] - [add_progress] - 进度更新:   - ✓ uiautomator2服务已停止
2026-02-24 14:17:04 - ADBTools.U2Reinit - INFO - [u2_reinit_thread.py:188] - [run] - 步骤 3/5: 清理uiautomator2相关进程
2026-02-24 14:17:04 - ADBTools.ADB_Utils - DEBUG - [adb_utils.py:75] - [get_adb_path] - 使用缓存的ADB路径: D:\work_tools\adb-1\adb.exe
2026-02-24 14:17:04 - ADBTools.U2Reinit - INFO - [u2_reinit_thread.py:197] - [run] -   - 查找uiautomator2进程
2026-02-24 14:17:04 - ADBTools.U2ReinitDialog - DEBUG - [u2_reinit_dialog.py:104] - [add_progress] - 进度更新: 步骤 3/5: 清理uiautomator2相关进程...
2026-02-24 14:17:04 - ADBTools.U2ReinitDialog - DEBUG - [u2_reinit_dialog.py:104] - [add_progress] - 进度更新:   - 查找uiautomator2进程...
2026-02-24 14:17:05 - ADBTools.U2ReinitDialog - DEBUG - [u2_reinit_dialog.py:104] - [add_progress] - 进度更新:   - ✓ 进程清理完成
2026-02-24 14:17:05 - ADBTools.U2Reinit - INFO - [u2_reinit_thread.py:208] - [run] -   - ✓ 进程清理完成
2026-02-24 14:17:05 - ADBTools.U2Reinit - INFO - [u2_reinit_thread.py:215] - [run] - 步骤 4/5: 重新初始化uiautomator2
2026-02-24 14:17:05 - ADBTools.U2ReinitDialog - DEBUG - [u2_reinit_dialog.py:104] - [add_progress] - 进度更新: 步骤 4/5: 重新初始化uiautomator2...
2026-02-24 14:17:05 - ADBTools.U2Reinit - INFO - [u2_reinit_thread.py:220] - [run] -   - 正在连接设备 GFEDCBA0987654321
2026-02-24 14:17:05 - ADBTools.U2ReinitDialog - DEBUG - [u2_reinit_dialog.py:104] - [add_progress] - 进度更新:   - 正在连接设备 GFEDCBA0987654321...
2026-02-24 14:17:05 - ADBTools.U2Reinit - DEBUG - [u2_reinit_thread.py:266] - [process_logs] -   [U2] file u2.jar md5: 7e67a4ff98c4529dca84931dff114885
2026-02-24 14:17:05 - ADBTools.U2ReinitDialog - DEBUG - [u2_reinit_dialog.py:104] - [add_progress] - 进度更新:   [U2] file u2.jar md5: 7e67a4ff98c4529dca84931dff114885
2026-02-24 14:17:06 - ADBTools.U2Reinit - INFO - [u2_reinit_thread.py:279] - [run] -   - 正在安装/更新uiautomator2服务
2026-02-24 14:17:06 - ADBTools.U2ReinitDialog - DEBUG - [u2_reinit_dialog.py:104] - [add_progress] - 进度更新:   - 正在安装/更新uiautomator2服务...
2026-02-24 14:17:06 - ADBTools.U2ReinitDialog - DEBUG - [u2_reinit_dialog.py:104] - [add_progress] - 进度更新:   - 设备连接成功，uiautomator2已就绪
2026-02-24 14:17:08 - ADBTools.U2Reinit - INFO - [u2_reinit_thread.py:304] - [run] -   - ✓ uiautomator2初始化成功
2026-02-24 14:17:08 - ADBTools.U2ReinitDialog - DEBUG - [u2_reinit_dialog.py:104] - [add_progress] - 进度更新:   - ✓ uiautomator2初始化成功
2026-02-24 14:17:08 - ADBTools.U2Reinit - INFO - [u2_reinit_thread.py:305] - [run] -   - 设备信息: {'currentPackageName': 'com.saicmotor.hmi.launcher', 'displayHeight': 720, 'displayRotation': 0, 'displaySizeDpX': 1920, 'displaySizeDpY': 720, 'displayWidth': 1920, 'productName': 'mt2712_saic_as33hevmy26', 'screenOn': True, 'sdkInt': 28, 'naturalOrientation': True}
2026-02-24 14:17:08 - ADBTools.U2Reinit - INFO - [u2_reinit_thread.py:316] - [run] - 步骤 5/5: 验证连接
2026-02-24 14:17:08 - ADBTools.U2ReinitDialog - DEBUG - [u2_reinit_dialog.py:104] - [add_progress] - 进度更新: 步骤 5/5: 验证连接...
2026-02-24 14:17:08 - ADBTools.U2Reinit - INFO - [u2_reinit_thread.py:330] - [run] -   - ✓ 连接验证成功，当前应用: com.saicmotor.hmi.launcher
2026-02-24 14:17:08 - ADBTools.U2ReinitDialog - DEBUG - [u2_reinit_dialog.py:104] - [add_progress] - 进度更新:   - ✓ 连接验证成功，当前应用: com.saicmotor.hmi.launcher
2026-02-24 14:17:08 - ADBTools.U2Reinit - INFO - [u2_reinit_thread.py:343] - [run] - ================================================================================
2026-02-24 14:17:08 - ADBTools.U2Reinit - INFO - [u2_reinit_thread.py:344] - [run] - uiautomator2重新初始化完成
2026-02-24 14:17:08 - ADBTools.U2ReinitDialog - INFO - [u2_reinit_dialog.py:135] - [set_success] - 初始化成功: uiautomator2重新初始化成功！
设备: GFEDCBA0987654321
当前应用: com.saicmotor.hmi.launcher
2026-02-24 14:17:08 - ADBTools.U2Reinit - INFO - [u2_reinit_thread.py:345] - [run] - ================================================================================
2026-02-24 14:17:08 - ADBTools.Thread - INFO - [logger_manager.py:662] - [log_thread_complete] - [2026-02-24 14:17:08.601] [Thread-38976] 线程完成: U2ReinitThread | 结果: success | 详情: {'device_id': 'GFEDCBA0987654321'}
2026-02-24 14:17:09 - ADBTools.UI - INFO - [logger_manager.py:560] - [log_button_click] - [2026-02-24 14:17:09.603] [Thread-29716] 用户操作: 点击 RefreshButton 按钮 -> 刷新设备列表
2026-02-24 14:17:09 - ADBTools.RefreshDevicesThread - INFO - [refresh_devices_thread.py:37] - [__init__] - 刷新设备列表线程初始化
2026-02-24 14:17:09 - ADBTools.Thread - INFO - [logger_manager.py:644] - [log_thread_start] - [2026-02-24 14:17:09.604] [Thread-29716] 线程启动: RefreshDevicesThread | 详情: {'action': '刷新设备列表'}
2026-02-24 14:17:09 - ADBTools.RefreshDevicesThread - INFO - [refresh_devices_thread.py:41] - [run] - ================================================================================
2026-02-24 14:17:09 - ADBTools.RefreshDevicesThread - INFO - [refresh_devices_thread.py:42] - [run] - 开始执行刷新设备列表操作
2026-02-24 14:17:09 - ADBTools.RefreshDevicesThread - INFO - [refresh_devices_thread.py:43] - [run] - ================================================================================
2026-02-24 14:17:09 - ADBTools.RefreshDevicesThread - INFO - [refresh_devices_thread.py:51] - [run] - 发送进度信号: 正在刷新设备列表...
2026-02-24 14:17:09 - ADBTools.RefreshDevicesThread - INFO - [refresh_devices_thread.py:54] - [run] - 准备执行 ADB 命令: devices
2026-02-24 14:17:09 - ADBTools.ADB_Utils - DEBUG - [adb_utils.py:75] - [get_adb_path] - 使用缓存的ADB路径: D:\work_tools\adb-1\adb.exe
2026-02-24 14:17:09 - ADBTools.ADB_Utils - DEBUG - [adb_utils.py:154] - [run_adb_command] - [2026-02-24 14:17:09.608] [Thread-23884] 执行ADB命令 [全局]: devices
2026-02-24 14:17:09 - ADBTools.ADB_Utils - DEBUG - [adb_utils.py:173] - [run_adb_command] - [2026-02-24 14:17:09.608] [Thread-23884] ADB命令执行成功 [全局]: devices (耗时: 0.120s)
2026-02-24 14:17:09 - ADBTools.RefreshDevicesThread - INFO - [refresh_devices_thread.py:60] - [run] - ADB 命令执行完成，开始解析结果...
2026-02-24 14:17:09 - ADBTools.RefreshDevicesThread - INFO - [refresh_devices_thread.py:76] - [run] - ADB 命令返回内容长度: 49 字符
2026-02-24 14:17:09 - ADBTools.RefreshDevicesThread - INFO - [refresh_devices_thread.py:89] - [run] - ADB命令返回 2 行内容
2026-02-24 14:17:09 - ADBTools.RefreshDevicesThread - DEBUG - [refresh_devices_thread.py:95] - [run] - 解析第 1 行: List of devices attached
2026-02-24 14:17:09 - ADBTools.RefreshDevicesThread - DEBUG - [refresh_devices_thread.py:95] - [run] - 解析第 2 行: GFEDCBA0987654321	device
2026-02-24 14:17:09 - ADBTools.RefreshDevicesThread - INFO - [refresh_devices_thread.py:101] - [run] - ✓ 发现设备: GFEDCBA0987654321 (状态: device)
2026-02-24 14:17:09 - ADBTools.RefreshDevicesThread - INFO - [refresh_devices_thread.py:107] - [run] - 设备解析完成，共找到 1 个设备
2026-02-24 14:17:09 - ADBTools.RefreshDevicesThread - INFO - [refresh_devices_thread.py:112] - [run] - 设备列表:
2026-02-24 14:17:09 - ADBTools.RefreshDevicesThread - INFO - [refresh_devices_thread.py:114] - [run] -   - GFEDCBA0987654321
2026-02-24 14:17:09 - ADBTools.RefreshDevicesThread - INFO - [refresh_devices_thread.py:133] - [run] - ================================================================================
2026-02-24 14:17:09 - ADBTools.RefreshDevicesThread - INFO - [refresh_devices_thread.py:134] - [run] - 刷新设备列表操作完成
2026-02-24 14:17:09 - ADBTools.RefreshDevicesThread - INFO - [refresh_devices_thread.py:135] - [run] - ================================================================================
2026-02-24 14:17:09 - ADBTools.ADB_Module - INFO - [ADB_module.py:2119] - [_on_refresh_thread_finished] - 设备列表刷新完成
2026-02-24 14:18:13 - ADBTools.Main - INFO - [main.py:37] - [closeevent] - 应用程序正在关闭...
2026-02-24 14:18:13 - ADBTools.Main - INFO - [main.py:48] - [closeevent] - 应用程序已正常关闭
2026-02-24 14:18:13 - ADBTools.Main - INFO - [main.py:49] - [closeevent] - ================================================================================
