2026-01-30 09:50:22 - ADBTools.Main - INFO - [main.py:19] - [main] - ================================================================================
2026-01-30 09:50:22 - ADBTools.Main - INFO - [main.py:20] - [main] - ADBTools 应用程序启动
2026-01-30 09:50:22 - ADBTools.Main - INFO - [main.py:21] - [main] - Python 版本: 3.10.16 | packaged by Anaconda, Inc. | (main, Dec 11 2024, 16:19:12) [MSC v.1929 64 bit (AMD64)]
2026-01-30 09:50:22 - ADBTools.Main - INFO - [main.py:22] - [main] - 工作目录: D:\Personal files\ADBTools
2026-01-30 09:50:22 - ADBTools.Main - INFO - [main.py:23] - [main] - ================================================================================
2026-01-30 09:50:22 - ADBTools.Main - INFO - [main.py:28] - [main] - 加载 ADB 主窗口模块...
2026-01-30 09:50:24 - ADBTools.ADB_Module - INFO - [ADB_module.py:108] - [__init__] - 初始化 ADB 主窗口...
2026-01-30 09:50:24 - ADBTools.UI - INFO - [logger_manager.py:556] - [log_button_click] - [2026-01-30 09:50:24.974] [Thread-14004] 用户操作: 点击 RefreshButton 按钮 -> 刷新设备列表
2026-01-30 09:50:24 - ADBTools.RefreshDevicesThread - INFO - [refresh_devices_thread.py:37] - [__init__] - 刷新设备列表线程初始化
2026-01-30 09:50:24 - ADBTools.Thread - INFO - [logger_manager.py:640] - [log_thread_start] - [2026-01-30 09:50:24.979] [Thread-14004] 线程启动: RefreshDevicesThread | 详情: {'action': '刷新设备列表'}
2026-01-30 09:50:24 - ADBTools.RefreshDevicesThread - INFO - [refresh_devices_thread.py:41] - [run] - ================================================================================
2026-01-30 09:50:24 - ADBTools.RefreshDevicesThread - INFO - [refresh_devices_thread.py:42] - [run] - 开始执行刷新设备列表操作
2026-01-30 09:50:24 - ADBTools.RefreshDevicesThread - INFO - [refresh_devices_thread.py:43] - [run] - ================================================================================
2026-01-30 09:50:24 - ADBTools.RefreshDevicesThread - INFO - [refresh_devices_thread.py:51] - [run] - 发送进度信号: 正在刷新设备列表...
2026-01-30 09:50:24 - ADBTools.RefreshDevicesThread - INFO - [refresh_devices_thread.py:54] - [run] - 准备执行 ADB 命令: devices
2026-01-30 09:50:24 - ADBTools.ADB_Utils - INFO - [adb_utils.py:78] - [get_adb_path] - 开始查找ADB可执行文件...
2026-01-30 09:50:24 - ADBTools.Main - INFO - [main.py:32] - [main] - ADB 主窗口创建成功，版本: 1.6.4
2026-01-30 09:50:24 - ADBTools.ADB_Utils - DEBUG - [adb_utils.py:82] - [get_adb_path] - ADB搜索路径: ['adb', 'adb.exe', './adb.exe', './tools/adb.exe', 'C:\\Program Files (x86)\\Android\\android-sdk\\platform-tools\\adb.exe', 'D:\\work_tools\\adb-1\\adb.exe']
2026-01-30 09:50:25 - ADBTools.ADB_Utils - INFO - [adb_utils.py:109] - [get_adb_path] - 找到ADB (系统PATH): D:\work_tools\adb-1\adb.exe
2026-01-30 09:50:25 - ADBTools.ADB_Utils - DEBUG - [adb_utils.py:154] - [run_adb_command] - [2026-01-30 09:50:25.231] [Thread-38164] 执行ADB命令 [全局]: devices
2026-01-30 09:50:25 - ADBTools.ADB_Utils - DEBUG - [adb_utils.py:173] - [run_adb_command] - [2026-01-30 09:50:25.231] [Thread-38164] ADB命令执行成功 [全局]: devices (耗时: 0.173s)
2026-01-30 09:50:25 - ADBTools.RefreshDevicesThread - INFO - [refresh_devices_thread.py:60] - [run] - ADB 命令执行完成，开始解析结果...
2026-01-30 09:50:25 - ADBTools.RefreshDevicesThread - INFO - [refresh_devices_thread.py:76] - [run] - ADB 命令返回内容长度: 45 字符
2026-01-30 09:50:25 - ADBTools.RefreshDevicesThread - INFO - [refresh_devices_thread.py:89] - [run] - ADB命令返回 2 行内容
2026-01-30 09:50:25 - ADBTools.RefreshDevicesThread - DEBUG - [refresh_devices_thread.py:95] - [run] - 解析第 1 行: List of devices attached
2026-01-30 09:50:25 - ADBTools.RefreshDevicesThread - DEBUG - [refresh_devices_thread.py:95] - [run] - 解析第 2 行: emulator-5554	device
2026-01-30 09:50:25 - ADBTools.RefreshDevicesThread - INFO - [refresh_devices_thread.py:101] - [run] - ✓ 发现设备: emulator-5554 (状态: device)
2026-01-30 09:50:25 - ADBTools.RefreshDevicesThread - INFO - [refresh_devices_thread.py:107] - [run] - 设备解析完成，共找到 1 个设备
2026-01-30 09:50:25 - ADBTools.RefreshDevicesThread - INFO - [refresh_devices_thread.py:112] - [run] - 设备列表:
2026-01-30 09:50:25 - ADBTools.RefreshDevicesThread - INFO - [refresh_devices_thread.py:114] - [run] -   - emulator-5554
2026-01-30 09:50:25 - ADBTools.RefreshDevicesThread - INFO - [refresh_devices_thread.py:133] - [run] - ================================================================================
2026-01-30 09:50:25 - ADBTools.RefreshDevicesThread - INFO - [refresh_devices_thread.py:134] - [run] - 刷新设备列表操作完成
2026-01-30 09:50:25 - ADBTools.RefreshDevicesThread - INFO - [refresh_devices_thread.py:135] - [run] - ================================================================================
2026-01-30 09:50:25 - ADBTools.Device - INFO - [logger_manager.py:601] - [log_device_operation] - [2026-01-30 09:50:25.416] [Thread-14004] 设备操作: u2_connect_attempt | 设备: emulator-5554 | 详情: {'mode': 'u2', 'action': '尝试u2连接'}
2026-01-30 09:50:25 - ADBTools.U2ConnectThread - INFO - [u2_connect_thread.py:23] - [__init__] - U2ConnectThread初始化: 目标设备 emulator-5554
2026-01-30 09:50:25 - ADBTools.Thread - INFO - [logger_manager.py:640] - [log_thread_start] - [2026-01-30 09:50:25.420] [Thread-14004] 线程启动: U2ConnectThread | 详情: {'device_id': 'emulator-5554', 'mode': 'u2'}
2026-01-30 09:50:25 - ADBTools.Thread - INFO - [logger_manager.py:640] - [log_thread_start] - [2026-01-30 09:50:25.420] [Thread-50636] 线程启动: U2ConnectThread | 详情: {'device_id': 'emulator-5554'}
2026-01-30 09:50:25 - ADBTools.ADB_Module - INFO - [ADB_module.py:1789] - [_on_refresh_thread_finished] - 设备列表刷新完成
2026-01-30 09:50:25 - ADBTools.Device - INFO - [logger_manager.py:601] - [log_device_operation] - [2026-01-30 09:50:25.421] [Thread-50636] 设备操作: u2_connect_start | 设备: emulator-5554 | 详情: {'mode': 'u2'}
2026-01-30 09:50:25 - ADBTools.U2ConnectThread - INFO - [u2_connect_thread.py:35] - [run] - 开始u2连接: emulator-5554
2026-01-30 09:50:25 - ADBTools.U2ConnectThread - INFO - [u2_connect_thread.py:54] - [run] - u2连接成功: emulator-5554 | 耗时: 0.394s
2026-01-30 09:50:25 - ADBTools.U2ConnectThread - INFO - [u2_connect_thread.py:55] - [run] - 设备信息: {'serial': 'emulator-5554', 'model': 'Unknown', 'brand': 'Unknown', 'version': 'Unknown', 'sdk': 'Unknown', 'manufacturer': 'Unknown'}
2026-01-30 09:50:25 - ADBTools.Device - INFO - [logger_manager.py:601] - [log_device_operation] - [2026-01-30 09:50:25.814] [Thread-50636] 设备操作: u2_connect_success | 设备: emulator-5554 | 详情: {'mode': 'u2', 'status': 'connected', 'device_info': {'serial': 'emulator-5554', 'model': 'Unknown', 'brand': 'Unknown', 'version': 'Unknown', 'sdk': 'Unknown', 'manufacturer': 'Unknown'}, 'elapsed_time': 0.39360809326171875}
2026-01-30 09:50:25 - ADBTools.Thread - INFO - [logger_manager.py:658] - [log_thread_complete] - [2026-01-30 09:50:25.814] [Thread-50636] 线程完成: U2ConnectThread | 结果: success | 详情: {'device_id': 'emulator-5554', 'elapsed_time': 0.39360809326171875, 'device_info': {'serial': 'emulator-5554', 'model': 'Unknown', 'brand': 'Unknown', 'version': 'Unknown', 'sdk': 'Unknown', 'manufacturer': 'Unknown'}}
2026-01-30 09:50:25 - ADBTools.Device - INFO - [logger_manager.py:601] - [log_device_operation] - [2026-01-30 09:50:25.816] [Thread-14004] 设备操作: u2_connect_success | 设备: emulator-5554 | 详情: {'mode': 'u2', 'status': 'connected'}
2026-01-30 09:50:25 - ADBTools.Thread - INFO - [logger_manager.py:658] - [log_thread_complete] - [2026-01-30 09:50:25.817] [Thread-14004] 线程完成: U2ConnectThread | 结果: success | 详情: {'device_id': 'emulator-5554', 'mode': 'u2'}
2026-01-30 10:23:40 - ADBTools.UI - INFO - [logger_manager.py:556] - [log_button_click] - [2026-01-30 10:23:40.285] [Thread-14004] 用户操作: 点击 RefreshButton 按钮 -> 刷新设备列表
2026-01-30 10:23:40 - ADBTools.RefreshDevicesThread - INFO - [refresh_devices_thread.py:37] - [__init__] - 刷新设备列表线程初始化
2026-01-30 10:23:40 - ADBTools.Thread - INFO - [logger_manager.py:640] - [log_thread_start] - [2026-01-30 10:23:40.287] [Thread-14004] 线程启动: RefreshDevicesThread | 详情: {'action': '刷新设备列表'}
2026-01-30 10:23:40 - ADBTools.RefreshDevicesThread - INFO - [refresh_devices_thread.py:41] - [run] - ================================================================================
2026-01-30 10:23:40 - ADBTools.RefreshDevicesThread - INFO - [refresh_devices_thread.py:42] - [run] - 开始执行刷新设备列表操作
2026-01-30 10:23:40 - ADBTools.RefreshDevicesThread - INFO - [refresh_devices_thread.py:43] - [run] - ================================================================================
2026-01-30 10:23:40 - ADBTools.RefreshDevicesThread - INFO - [refresh_devices_thread.py:51] - [run] - 发送进度信号: 正在刷新设备列表...
2026-01-30 10:23:40 - ADBTools.RefreshDevicesThread - INFO - [refresh_devices_thread.py:54] - [run] - 准备执行 ADB 命令: devices
2026-01-30 10:23:40 - ADBTools.ADB_Utils - DEBUG - [adb_utils.py:75] - [get_adb_path] - 使用缓存的ADB路径: D:\work_tools\adb-1\adb.exe
2026-01-30 10:23:40 - ADBTools.ADB_Utils - DEBUG - [adb_utils.py:154] - [run_adb_command] - [2026-01-30 10:23:40.292] [Thread-76752] 执行ADB命令 [全局]: devices
2026-01-30 10:23:40 - ADBTools.ADB_Utils - DEBUG - [adb_utils.py:173] - [run_adb_command] - [2026-01-30 10:23:40.292] [Thread-76752] ADB命令执行成功 [全局]: devices (耗时: 0.130s)
2026-01-30 10:23:40 - ADBTools.RefreshDevicesThread - INFO - [refresh_devices_thread.py:60] - [run] - ADB 命令执行完成，开始解析结果...
2026-01-30 10:23:40 - ADBTools.RefreshDevicesThread - INFO - [refresh_devices_thread.py:76] - [run] - ADB 命令返回内容长度: 49 字符
2026-01-30 10:23:40 - ADBTools.RefreshDevicesThread - INFO - [refresh_devices_thread.py:89] - [run] - ADB命令返回 2 行内容
2026-01-30 10:23:40 - ADBTools.RefreshDevicesThread - DEBUG - [refresh_devices_thread.py:95] - [run] - 解析第 1 行: List of devices attached
2026-01-30 10:23:40 - ADBTools.RefreshDevicesThread - DEBUG - [refresh_devices_thread.py:95] - [run] - 解析第 2 行: GFEDCBA0987654321	device
2026-01-30 10:23:40 - ADBTools.RefreshDevicesThread - INFO - [refresh_devices_thread.py:101] - [run] - ✓ 发现设备: GFEDCBA0987654321 (状态: device)
2026-01-30 10:23:40 - ADBTools.RefreshDevicesThread - INFO - [refresh_devices_thread.py:107] - [run] - 设备解析完成，共找到 1 个设备
2026-01-30 10:23:40 - ADBTools.RefreshDevicesThread - INFO - [refresh_devices_thread.py:112] - [run] - 设备列表:
2026-01-30 10:23:40 - ADBTools.RefreshDevicesThread - INFO - [refresh_devices_thread.py:114] - [run] -   - GFEDCBA0987654321
2026-01-30 10:23:40 - ADBTools.RefreshDevicesThread - INFO - [refresh_devices_thread.py:133] - [run] - ================================================================================
2026-01-30 10:23:40 - ADBTools.RefreshDevicesThread - INFO - [refresh_devices_thread.py:134] - [run] - 刷新设备列表操作完成
2026-01-30 10:23:40 - ADBTools.RefreshDevicesThread - INFO - [refresh_devices_thread.py:135] - [run] - ================================================================================
2026-01-30 10:23:40 - ADBTools.ADB_Module - INFO - [ADB_module.py:1390] - [_cleanup_u2_connection] - 清理旧的u2连接: emulator-5554
2026-01-30 10:23:40 - ADBTools.ADB_Module - INFO - [ADB_module.py:1393] - [_cleanup_u2_connection] - 旧连接已清理
2026-01-30 10:23:40 - ADBTools.Device - INFO - [logger_manager.py:601] - [log_device_operation] - [2026-01-30 10:23:40.431] [Thread-14004] 设备操作: u2_connect_attempt | 设备: GFEDCBA0987654321 | 详情: {'mode': 'u2', 'action': '尝试u2连接'}
2026-01-30 10:23:40 - ADBTools.U2ConnectThread - INFO - [u2_connect_thread.py:23] - [__init__] - U2ConnectThread初始化: 目标设备 GFEDCBA0987654321
2026-01-30 10:23:40 - ADBTools.Thread - INFO - [logger_manager.py:640] - [log_thread_start] - [2026-01-30 10:23:40.431] [Thread-14004] 线程启动: U2ConnectThread | 详情: {'device_id': 'GFEDCBA0987654321', 'mode': 'u2'}
2026-01-30 10:23:40 - ADBTools.Thread - INFO - [logger_manager.py:640] - [log_thread_start] - [2026-01-30 10:23:40.431] [Thread-2784] 线程启动: U2ConnectThread | 详情: {'device_id': 'GFEDCBA0987654321'}
2026-01-30 10:23:40 - ADBTools.ADB_Module - INFO - [ADB_module.py:1789] - [_on_refresh_thread_finished] - 设备列表刷新完成
2026-01-30 10:23:40 - ADBTools.Device - INFO - [logger_manager.py:601] - [log_device_operation] - [2026-01-30 10:23:40.432] [Thread-2784] 设备操作: u2_connect_start | 设备: GFEDCBA0987654321 | 详情: {'mode': 'u2'}
2026-01-30 10:23:40 - ADBTools.U2ConnectThread - INFO - [u2_connect_thread.py:35] - [run] - 开始u2连接: GFEDCBA0987654321
2026-01-30 10:23:46 - ADBTools.U2ConnectThread - INFO - [u2_connect_thread.py:54] - [run] - u2连接成功: GFEDCBA0987654321 | 耗时: 5.957s
2026-01-30 10:23:46 - ADBTools.U2ConnectThread - INFO - [u2_connect_thread.py:55] - [run] - 设备信息: {'serial': 'GFEDCBA0987654321', 'model': 'Unknown', 'brand': 'Unknown', 'version': 'Unknown', 'sdk': 'Unknown', 'manufacturer': 'Unknown'}
2026-01-30 10:23:46 - ADBTools.Device - INFO - [logger_manager.py:601] - [log_device_operation] - [2026-01-30 10:23:46.389] [Thread-2784] 设备操作: u2_connect_success | 设备: GFEDCBA0987654321 | 详情: {'mode': 'u2', 'status': 'connected', 'device_info': {'serial': 'GFEDCBA0987654321', 'model': 'Unknown', 'brand': 'Unknown', 'version': 'Unknown', 'sdk': 'Unknown', 'manufacturer': 'Unknown'}, 'elapsed_time': 5.9568867683410645}
2026-01-30 10:23:46 - ADBTools.Thread - INFO - [logger_manager.py:658] - [log_thread_complete] - [2026-01-30 10:23:46.390] [Thread-2784] 线程完成: U2ConnectThread | 结果: success | 详情: {'device_id': 'GFEDCBA0987654321', 'elapsed_time': 5.9568867683410645, 'device_info': {'serial': 'GFEDCBA0987654321', 'model': 'Unknown', 'brand': 'Unknown', 'version': 'Unknown', 'sdk': 'Unknown', 'manufacturer': 'Unknown'}}
2026-01-30 10:23:46 - ADBTools.Device - INFO - [logger_manager.py:601] - [log_device_operation] - [2026-01-30 10:23:46.393] [Thread-14004] 设备操作: u2_connect_success | 设备: GFEDCBA0987654321 | 详情: {'mode': 'u2', 'status': 'connected'}
2026-01-30 10:23:46 - ADBTools.Thread - INFO - [logger_manager.py:658] - [log_thread_complete] - [2026-01-30 10:23:46.394] [Thread-14004] 线程完成: U2ConnectThread | 结果: success | 详情: {'device_id': 'GFEDCBA0987654321', 'mode': 'u2'}
2026-01-30 10:24:02 - ADBTools.UI - INFO - [logger_manager.py:556] - [log_button_click] - [2026-01-30 10:24:02.700] [Thread-14004] 用户操作: 点击 open_yf_page 按钮 -> 启动YF升级页面 (com.yfve.usbupdate)
2026-01-30 10:24:02 - ADBTools.ADB_Utils - DEBUG - [adb_utils.py:75] - [get_adb_path] - 使用缓存的ADB路径: D:\work_tools\adb-1\adb.exe
2026-01-30 10:24:02 - ADBTools.ADB_Utils - DEBUG - [adb_utils.py:154] - [run_adb_command] - [2026-01-30 10:24:02.702] [Thread-14004] 执行ADB命令 [全局]: devices
2026-01-30 10:24:02 - ADBTools.ADB_Utils - DEBUG - [adb_utils.py:173] - [run_adb_command] - [2026-01-30 10:24:02.702] [Thread-14004] ADB命令执行成功 [全局]: devices (耗时: 0.136s)
2026-01-30 10:24:02 - ADBTools.UI - INFO - [logger_manager.py:556] - [log_button_click] - [2026-01-30 10:24:02.840] [Thread-14004] 用户操作: 点击 start_app 按钮 -> 启动应用: com.yfve.usbupdate
2026-01-30 10:24:02 - ADBTools.ADB_Module - INFO - [ADB_module.py:1465] - [start_app_action] - 启动应用: com.yfve.usbupdate
2026-01-30 10:24:02 - ADBTools.Method - INFO - [logger_manager.py:578] - [log_method_result] - [2026-01-30 10:24:02.847] [Thread-14004] ✓ start_app_action 完成: 启动线程已启动: com.yfve.usbupdate
2026-01-30 10:42:49 - ADBTools.Main - INFO - [main.py:37] - [closeevent] - 应用程序正在关闭...
2026-01-30 10:42:49 - ADBTools.Main - INFO - [main.py:48] - [closeevent] - 应用程序已正常关闭
2026-01-30 10:42:49 - ADBTools.Main - INFO - [main.py:49] - [closeevent] - ================================================================================
2026-01-30 13:07:37 - ADBTools.Main - INFO - [main.py:19] - [main] - ================================================================================
2026-01-30 13:07:37 - ADBTools.Main - INFO - [main.py:20] - [main] - ADBTools 应用程序启动
2026-01-30 13:07:37 - ADBTools.Main - INFO - [main.py:21] - [main] - Python 版本: 3.10.16 | packaged by Anaconda, Inc. | (main, Dec 11 2024, 16:19:12) [MSC v.1929 64 bit (AMD64)]
2026-01-30 13:07:37 - ADBTools.Main - INFO - [main.py:22] - [main] - 工作目录: D:\Personal files\ADBTools
2026-01-30 13:07:37 - ADBTools.Main - INFO - [main.py:23] - [main] - ================================================================================
2026-01-30 13:07:37 - ADBTools.Main - INFO - [main.py:28] - [main] - 加载 ADB 主窗口模块...
2026-01-30 13:07:39 - ADBTools.ADB_Module - INFO - [ADB_module.py:108] - [__init__] - 初始化 ADB 主窗口...
2026-01-30 13:07:40 - ADBTools.UI - INFO - [logger_manager.py:556] - [log_button_click] - [2026-01-30 13:07:40.026] [Thread-32416] 用户操作: 点击 RefreshButton 按钮 -> 刷新设备列表
2026-01-30 13:07:40 - ADBTools.RefreshDevicesThread - INFO - [refresh_devices_thread.py:37] - [__init__] - 刷新设备列表线程初始化
2026-01-30 13:07:40 - ADBTools.Thread - INFO - [logger_manager.py:640] - [log_thread_start] - [2026-01-30 13:07:40.033] [Thread-32416] 线程启动: RefreshDevicesThread | 详情: {'action': '刷新设备列表'}
2026-01-30 13:07:40 - ADBTools.RefreshDevicesThread - INFO - [refresh_devices_thread.py:41] - [run] - ================================================================================
2026-01-30 13:07:40 - ADBTools.RefreshDevicesThread - INFO - [refresh_devices_thread.py:42] - [run] - 开始执行刷新设备列表操作
2026-01-30 13:07:40 - ADBTools.RefreshDevicesThread - INFO - [refresh_devices_thread.py:43] - [run] - ================================================================================
2026-01-30 13:07:40 - ADBTools.RefreshDevicesThread - INFO - [refresh_devices_thread.py:51] - [run] - 发送进度信号: 正在刷新设备列表...
2026-01-30 13:07:40 - ADBTools.RefreshDevicesThread - INFO - [refresh_devices_thread.py:54] - [run] - 准备执行 ADB 命令: devices
2026-01-30 13:07:40 - ADBTools.ADB_Utils - INFO - [adb_utils.py:78] - [get_adb_path] - 开始查找ADB可执行文件...
2026-01-30 13:07:40 - ADBTools.ADB_Utils - DEBUG - [adb_utils.py:82] - [get_adb_path] - ADB搜索路径: ['adb', 'adb.exe', './adb.exe', './tools/adb.exe', 'C:\\Program Files (x86)\\Android\\android-sdk\\platform-tools\\adb.exe', 'D:\\work_tools\\adb-1\\adb.exe']
2026-01-30 13:07:40 - ADBTools.Main - INFO - [main.py:32] - [main] - ADB 主窗口创建成功，版本: 1.6.4
2026-01-30 13:07:40 - ADBTools.ADB_Utils - INFO - [adb_utils.py:109] - [get_adb_path] - 找到ADB (系统PATH): D:\work_tools\adb-1\adb.exe
2026-01-30 13:07:40 - ADBTools.ADB_Utils - DEBUG - [adb_utils.py:154] - [run_adb_command] - [2026-01-30 13:07:40.151] [Thread-2984] 执行ADB命令 [全局]: devices
2026-01-30 13:07:40 - ADBTools.ADB_Utils - DEBUG - [adb_utils.py:173] - [run_adb_command] - [2026-01-30 13:07:40.151] [Thread-2984] ADB命令执行成功 [全局]: devices (耗时: 0.139s)
2026-01-30 13:07:40 - ADBTools.RefreshDevicesThread - INFO - [refresh_devices_thread.py:60] - [run] - ADB 命令执行完成，开始解析结果...
2026-01-30 13:07:40 - ADBTools.RefreshDevicesThread - INFO - [refresh_devices_thread.py:76] - [run] - ADB 命令返回内容长度: 50 字符
2026-01-30 13:07:40 - ADBTools.RefreshDevicesThread - INFO - [refresh_devices_thread.py:89] - [run] - ADB命令返回 2 行内容
2026-01-30 13:07:40 - ADBTools.RefreshDevicesThread - DEBUG - [refresh_devices_thread.py:95] - [run] - 解析第 1 行: List of devices attached
2026-01-30 13:07:40 - ADBTools.RefreshDevicesThread - DEBUG - [refresh_devices_thread.py:95] - [run] - 解析第 2 行: 192.168.43.24:5555	device
2026-01-30 13:07:40 - ADBTools.RefreshDevicesThread - INFO - [refresh_devices_thread.py:101] - [run] - ✓ 发现设备: 192.168.43.24:5555 (状态: device)
2026-01-30 13:07:40 - ADBTools.RefreshDevicesThread - INFO - [refresh_devices_thread.py:107] - [run] - 设备解析完成，共找到 1 个设备
2026-01-30 13:07:40 - ADBTools.RefreshDevicesThread - INFO - [refresh_devices_thread.py:112] - [run] - 设备列表:
2026-01-30 13:07:40 - ADBTools.RefreshDevicesThread - INFO - [refresh_devices_thread.py:114] - [run] -   - 192.168.43.24:5555
2026-01-30 13:07:40 - ADBTools.RefreshDevicesThread - INFO - [refresh_devices_thread.py:133] - [run] - ================================================================================
2026-01-30 13:07:40 - ADBTools.RefreshDevicesThread - INFO - [refresh_devices_thread.py:134] - [run] - 刷新设备列表操作完成
2026-01-30 13:07:40 - ADBTools.RefreshDevicesThread - INFO - [refresh_devices_thread.py:135] - [run] - ================================================================================
2026-01-30 13:07:40 - ADBTools.Device - INFO - [logger_manager.py:601] - [log_device_operation] - [2026-01-30 13:07:40.367] [Thread-32416] 设备操作: u2_connect_attempt | 设备: 192.168.43.24:5555 | 详情: {'mode': 'u2', 'action': '尝试u2连接'}
2026-01-30 13:07:40 - ADBTools.U2ConnectThread - INFO - [u2_connect_thread.py:23] - [__init__] - U2ConnectThread初始化: 目标设备 192.168.43.24:5555
2026-01-30 13:07:40 - ADBTools.Thread - INFO - [logger_manager.py:640] - [log_thread_start] - [2026-01-30 13:07:40.370] [Thread-32416] 线程启动: U2ConnectThread | 详情: {'device_id': '192.168.43.24:5555', 'mode': 'u2'}
2026-01-30 13:07:40 - ADBTools.Thread - INFO - [logger_manager.py:640] - [log_thread_start] - [2026-01-30 13:07:40.371] [Thread-63200] 线程启动: U2ConnectThread | 详情: {'device_id': '192.168.43.24:5555'}
2026-01-30 13:07:40 - ADBTools.ADB_Module - INFO - [ADB_module.py:1789] - [_on_refresh_thread_finished] - 设备列表刷新完成
2026-01-30 13:07:40 - ADBTools.Device - INFO - [logger_manager.py:601] - [log_device_operation] - [2026-01-30 13:07:40.371] [Thread-63200] 设备操作: u2_connect_start | 设备: 192.168.43.24:5555 | 详情: {'mode': 'u2'}
2026-01-30 13:07:40 - ADBTools.U2ConnectThread - INFO - [u2_connect_thread.py:35] - [run] - 开始u2连接: 192.168.43.24:5555
2026-01-30 13:07:44 - ADBTools.U2ConnectThread - INFO - [u2_connect_thread.py:54] - [run] - u2连接成功: 192.168.43.24:5555 | 耗时: 3.694s
2026-01-30 13:07:44 - ADBTools.U2ConnectThread - INFO - [u2_connect_thread.py:55] - [run] - 设备信息: {'serial': '192.168.43.24:5555', 'model': 'Unknown', 'brand': 'Unknown', 'version': 'Unknown', 'sdk': 'Unknown', 'manufacturer': 'Unknown'}
2026-01-30 13:07:44 - ADBTools.Device - INFO - [logger_manager.py:601] - [log_device_operation] - [2026-01-30 13:07:44.066] [Thread-63200] 设备操作: u2_connect_success | 设备: 192.168.43.24:5555 | 详情: {'mode': 'u2', 'status': 'connected', 'device_info': {'serial': '192.168.43.24:5555', 'model': 'Unknown', 'brand': 'Unknown', 'version': 'Unknown', 'sdk': 'Unknown', 'manufacturer': 'Unknown'}, 'elapsed_time': 3.6942954063415527}
2026-01-30 13:07:44 - ADBTools.Thread - INFO - [logger_manager.py:658] - [log_thread_complete] - [2026-01-30 13:07:44.066] [Thread-63200] 线程完成: U2ConnectThread | 结果: success | 详情: {'device_id': '192.168.43.24:5555', 'elapsed_time': 3.6942954063415527, 'device_info': {'serial': '192.168.43.24:5555', 'model': 'Unknown', 'brand': 'Unknown', 'version': 'Unknown', 'sdk': 'Unknown', 'manufacturer': 'Unknown'}}
2026-01-30 13:07:44 - ADBTools.Device - INFO - [logger_manager.py:601] - [log_device_operation] - [2026-01-30 13:07:44.070] [Thread-32416] 设备操作: u2_connect_success | 设备: 192.168.43.24:5555 | 详情: {'mode': 'u2', 'status': 'connected'}
2026-01-30 13:07:44 - ADBTools.Thread - INFO - [logger_manager.py:658] - [log_thread_complete] - [2026-01-30 13:07:44.071] [Thread-32416] 线程完成: U2ConnectThread | 结果: success | 详情: {'device_id': '192.168.43.24:5555', 'mode': 'u2'}
2026-01-30 13:07:50 - ADBTools.ADB_Utils - DEBUG - [adb_utils.py:75] - [get_adb_path] - 使用缓存的ADB路径: D:\work_tools\adb-1\adb.exe
2026-01-30 13:07:50 - ADBTools.ADB_Utils - DEBUG - [adb_utils.py:154] - [run_adb_command] - [2026-01-30 13:07:50.207] [Thread-32416] 执行ADB命令 [全局]: devices
2026-01-30 13:07:50 - ADBTools.ADB_Utils - DEBUG - [adb_utils.py:173] - [run_adb_command] - [2026-01-30 13:07:50.207] [Thread-32416] ADB命令执行成功 [全局]: devices (耗时: 0.129s)
2026-01-30 13:07:50 - ADBTools.UI - INFO - [logger_manager.py:556] - [log_button_click] - [2026-01-30 13:07:50.339] [Thread-32416] 用户操作: 点击 list_package_button 按钮 -> 获取应用列表 (搜索: bind)
2026-01-30 13:07:51 - ADBTools.ADB_Module - INFO - [ADB_module.py:1548] - [_handle_list_package_results] - ✓ 找到 1 个应用
2026-01-30 13:07:51 - ADBTools.ADB_Module - INFO - [ADB_module.py:1552] - [_handle_list_package_results] -   1. com.saicmotor.bindingvehicle, 版本号: 2.0.28
2026-01-30 13:07:51 - ADBTools.Method - INFO - [logger_manager.py:578] - [log_method_result] - [2026-01-30 13:07:51.321] [Thread-32416] ✓ list_package 完成: 获取完成
2026-01-30 13:07:59 - ADBTools.ADB_Utils - DEBUG - [adb_utils.py:75] - [get_adb_path] - 使用缓存的ADB路径: D:\work_tools\adb-1\adb.exe
2026-01-30 13:07:59 - ADBTools.ADB_Utils - DEBUG - [adb_utils.py:154] - [run_adb_command] - [2026-01-30 13:07:59.995] [Thread-32416] 执行ADB命令 [全局]: devices
2026-01-30 13:08:00 - ADBTools.ADB_Utils - DEBUG - [adb_utils.py:173] - [run_adb_command] - [2026-01-30 13:07:59.995] [Thread-32416] ADB命令执行成功 [全局]: devices (耗时: 0.118s)
2026-01-30 13:08:00 - ADBTools.UI - INFO - [logger_manager.py:556] - [log_button_click] - [2026-01-30 13:08:00.119] [Thread-32416] 用户操作: 点击 list_package_button 按钮 -> 获取应用列表 (搜索: agent)
2026-01-30 13:08:01 - ADBTools.ADB_Module - INFO - [ADB_module.py:1548] - [_handle_list_package_results] - ✓ 找到 1 个应用
2026-01-30 13:08:01 - ADBTools.ADB_Module - INFO - [ADB_module.py:1552] - [_handle_list_package_results] -   1. com.saicmotor.voiceagent, 版本号: 0.1.0.68
2026-01-30 13:08:01 - ADBTools.Method - INFO - [logger_manager.py:578] - [log_method_result] - [2026-01-30 13:08:01.187] [Thread-32416] ✓ list_package 完成: 获取完成
2026-01-30 13:11:42 - ADBTools.ADB_Utils - DEBUG - [adb_utils.py:75] - [get_adb_path] - 使用缓存的ADB路径: D:\work_tools\adb-1\adb.exe
2026-01-30 13:11:42 - ADBTools.ADB_Utils - DEBUG - [adb_utils.py:154] - [run_adb_command] - [2026-01-30 13:11:42.996] [Thread-32416] 执行ADB命令 [全局]: devices
2026-01-30 13:11:43 - ADBTools.ADB_Utils - DEBUG - [adb_utils.py:173] - [run_adb_command] - [2026-01-30 13:11:42.996] [Thread-32416] ADB命令执行成功 [全局]: devices (耗时: 0.113s)
2026-01-30 13:11:43 - ADBTools.UI - INFO - [logger_manager.py:556] - [log_button_click] - [2026-01-30 13:11:43.111] [Thread-32416] 用户操作: 点击 list_package_button 按钮 -> 获取应用列表 (搜索: voice)
2026-01-30 13:11:45 - ADBTools.ADB_Module - INFO - [ADB_module.py:1548] - [_handle_list_package_results] - ✓ 找到 4 个应用
2026-01-30 13:11:45 - ADBTools.ADB_Module - INFO - [ADB_module.py:1552] - [_handle_list_package_results] -   1. com.saicmotor.voicetts, 版本号: 0.0.3.56
2026-01-30 13:11:45 - ADBTools.ADB_Module - INFO - [ADB_module.py:1552] - [_handle_list_package_results] -   2. com.saicmotor.voicevui, 版本号: 0.0.6.50
2026-01-30 13:11:45 - ADBTools.ADB_Module - INFO - [ADB_module.py:1552] - [_handle_list_package_results] -   3. com.saicmotor.voiceagent, 版本号: 0.1.0.75
2026-01-30 13:11:45 - ADBTools.ADB_Module - INFO - [ADB_module.py:1552] - [_handle_list_package_results] -   4. com.saicmotor.voiceservice, 版本号: 0.0.8.21
2026-01-30 13:11:45 - ADBTools.Method - INFO - [logger_manager.py:578] - [log_method_result] - [2026-01-30 13:11:45.033] [Thread-32416] ✓ list_package 完成: 获取完成
2026-01-30 13:11:56 - ADBTools.ADB_Utils - DEBUG - [adb_utils.py:75] - [get_adb_path] - 使用缓存的ADB路径: D:\work_tools\adb-1\adb.exe
2026-01-30 13:11:56 - ADBTools.ADB_Utils - DEBUG - [adb_utils.py:154] - [run_adb_command] - [2026-01-30 13:11:56.095] [Thread-32416] 执行ADB命令 [全局]: devices
2026-01-30 13:11:56 - ADBTools.ADB_Utils - DEBUG - [adb_utils.py:173] - [run_adb_command] - [2026-01-30 13:11:56.095] [Thread-32416] ADB命令执行成功 [全局]: devices (耗时: 0.100s)
2026-01-30 13:11:56 - ADBTools.UI - INFO - [logger_manager.py:556] - [log_button_click] - [2026-01-30 13:11:56.198] [Thread-32416] 用户操作: 点击 view_apk_path 按钮 -> 查看应用安装路径
2026-01-30 13:11:57 - ADBTools.ADB_Module - INFO - [ADB_module.py:1732] - [view_apk_path_wrapper] - 查看应用: com.saicmotor.voiceservice
2026-01-30 13:11:57 - ADBTools.Method - INFO - [logger_manager.py:578] - [log_method_result] - [2026-01-30 13:11:57.336] [Thread-32416] ✓ view_apk_path_wrapper 完成: 查询线程已启动: com.saicmotor.voiceservice
2026-01-30 13:13:16 - ADBTools.ADB_Utils - DEBUG - [adb_utils.py:75] - [get_adb_path] - 使用缓存的ADB路径: D:\work_tools\adb-1\adb.exe
2026-01-30 13:13:16 - ADBTools.ADB_Utils - DEBUG - [adb_utils.py:154] - [run_adb_command] - [2026-01-30 13:13:16.111] [Thread-32416] 执行ADB命令 [全局]: devices
2026-01-30 13:13:16 - ADBTools.ADB_Utils - DEBUG - [adb_utils.py:173] - [run_adb_command] - [2026-01-30 13:13:16.111] [Thread-32416] ADB命令执行成功 [全局]: devices (耗时: 0.111s)
2026-01-30 13:13:16 - ADBTools.UI - INFO - [logger_manager.py:556] - [log_button_click] - [2026-01-30 13:13:16.225] [Thread-32416] 用户操作: 点击 list_package_button 按钮 -> 获取应用列表 (搜索: tts)
2026-01-30 13:13:17 - ADBTools.ADB_Module - INFO - [ADB_module.py:1548] - [_handle_list_package_results] - ✓ 找到 1 个应用
2026-01-30 13:13:17 - ADBTools.ADB_Module - INFO - [ADB_module.py:1552] - [_handle_list_package_results] -   1. com.saicmotor.voicetts, 版本号: 0.0.3.56
2026-01-30 13:13:17 - ADBTools.Method - INFO - [logger_manager.py:578] - [log_method_result] - [2026-01-30 13:13:17.331] [Thread-32416] ✓ list_package 完成: 获取完成
2026-01-30 13:13:24 - ADBTools.ADB_Utils - DEBUG - [adb_utils.py:75] - [get_adb_path] - 使用缓存的ADB路径: D:\work_tools\adb-1\adb.exe
2026-01-30 13:13:24 - ADBTools.ADB_Utils - DEBUG - [adb_utils.py:154] - [run_adb_command] - [2026-01-30 13:13:24.827] [Thread-32416] 执行ADB命令 [全局]: devices
2026-01-30 13:13:24 - ADBTools.ADB_Utils - DEBUG - [adb_utils.py:173] - [run_adb_command] - [2026-01-30 13:13:24.827] [Thread-32416] ADB命令执行成功 [全局]: devices (耗时: 0.115s)
2026-01-30 13:13:24 - ADBTools.UI - INFO - [logger_manager.py:556] - [log_button_click] - [2026-01-30 13:13:24.945] [Thread-32416] 用户操作: 点击 list_package_button 按钮 -> 获取应用列表 (搜索: vui)
2026-01-30 13:13:25 - ADBTools.ADB_Module - INFO - [ADB_module.py:1548] - [_handle_list_package_results] - ✓ 找到 1 个应用
2026-01-30 13:13:25 - ADBTools.ADB_Module - INFO - [ADB_module.py:1552] - [_handle_list_package_results] -   1. com.saicmotor.voicevui, 版本号: 0.0.6.50
2026-01-30 13:13:25 - ADBTools.Method - INFO - [logger_manager.py:578] - [log_method_result] - [2026-01-30 13:13:25.529] [Thread-32416] ✓ list_package 完成: 获取完成
2026-01-30 13:13:44 - ADBTools.ADB_Utils - DEBUG - [adb_utils.py:75] - [get_adb_path] - 使用缓存的ADB路径: D:\work_tools\adb-1\adb.exe
2026-01-30 13:13:44 - ADBTools.ADB_Utils - DEBUG - [adb_utils.py:154] - [run_adb_command] - [2026-01-30 13:13:44.677] [Thread-32416] 执行ADB命令 [全局]: devices
2026-01-30 13:13:44 - ADBTools.ADB_Utils - DEBUG - [adb_utils.py:173] - [run_adb_command] - [2026-01-30 13:13:44.677] [Thread-32416] ADB命令执行成功 [全局]: devices (耗时: 0.105s)
2026-01-30 13:13:44 - ADBTools.UI - INFO - [logger_manager.py:556] - [log_button_click] - [2026-01-30 13:13:44.783] [Thread-32416] 用户操作: 点击 list_package_button 按钮 -> 获取应用列表 (搜索: update)
2026-01-30 13:13:45 - ADBTools.ADB_Module - INFO - [ADB_module.py:1548] - [_handle_list_package_results] - ✓ 找到 1 个应用
2026-01-30 13:13:45 - ADBTools.ADB_Module - INFO - [ADB_module.py:1552] - [_handle_list_package_results] -   1. com.saicmotor.update, 版本号: 1.0.16
2026-01-30 13:13:45 - ADBTools.Method - INFO - [logger_manager.py:578] - [log_method_result] - [2026-01-30 13:13:45.748] [Thread-32416] ✓ list_package 完成: 获取完成
2026-01-30 13:13:52 - ADBTools.ADB_Utils - DEBUG - [adb_utils.py:75] - [get_adb_path] - 使用缓存的ADB路径: D:\work_tools\adb-1\adb.exe
2026-01-30 13:13:52 - ADBTools.ADB_Utils - DEBUG - [adb_utils.py:154] - [run_adb_command] - [2026-01-30 13:13:52.164] [Thread-32416] 执行ADB命令 [全局]: devices
2026-01-30 13:13:52 - ADBTools.ADB_Utils - DEBUG - [adb_utils.py:173] - [run_adb_command] - [2026-01-30 13:13:52.164] [Thread-32416] ADB命令执行成功 [全局]: devices (耗时: 0.116s)
2026-01-30 13:13:52 - ADBTools.UI - INFO - [logger_manager.py:556] - [log_button_click] - [2026-01-30 13:13:52.282] [Thread-32416] 用户操作: 点击 list_package_button 按钮 -> 获取应用列表 (搜索: inbox)
2026-01-30 13:13:52 - ADBTools.ADB_Module - INFO - [ADB_module.py:1548] - [_handle_list_package_results] - ✓ 找到 1 个应用
2026-01-30 13:13:52 - ADBTools.ADB_Module - INFO - [ADB_module.py:1552] - [_handle_list_package_results] -   1. com.saicmotor.saicinbox, 版本号: A13_Inbox_V1.0.128
2026-01-30 13:13:52 - ADBTools.Method - INFO - [logger_manager.py:578] - [log_method_result] - [2026-01-30 13:13:52.910] [Thread-32416] ✓ list_package 完成: 获取完成
2026-01-30 13:14:13 - ADBTools.ADB_Utils - DEBUG - [adb_utils.py:75] - [get_adb_path] - 使用缓存的ADB路径: D:\work_tools\adb-1\adb.exe
2026-01-30 13:14:13 - ADBTools.ADB_Utils - DEBUG - [adb_utils.py:154] - [run_adb_command] - [2026-01-30 13:14:13.300] [Thread-32416] 执行ADB命令 [全局]: devices
2026-01-30 13:14:13 - ADBTools.ADB_Utils - DEBUG - [adb_utils.py:173] - [run_adb_command] - [2026-01-30 13:14:13.300] [Thread-32416] ADB命令执行成功 [全局]: devices (耗时: 0.109s)
2026-01-30 13:14:13 - ADBTools.UI - INFO - [logger_manager.py:556] - [log_button_click] - [2026-01-30 13:14:13.411] [Thread-32416] 用户操作: 点击 list_package_button 按钮 -> 获取应用列表 (搜索: login)
2026-01-30 13:14:14 - ADBTools.ADB_Module - INFO - [ADB_module.py:1548] - [_handle_list_package_results] - ✓ 找到 2 个应用
2026-01-30 13:14:14 - ADBTools.ADB_Module - INFO - [ADB_module.py:1552] - [_handle_list_package_results] -   1. com.android.hotspot2.osulogin, 版本号: 13
2026-01-30 13:14:14 - ADBTools.ADB_Module - INFO - [ADB_module.py:1552] - [_handle_list_package_results] -   2. com.saic.avnlogin, 版本号: 3.1.58
2026-01-30 13:14:14 - ADBTools.Method - INFO - [logger_manager.py:578] - [log_method_result] - [2026-01-30 13:14:14.653] [Thread-32416] ✓ list_package 完成: 获取完成
2026-01-30 13:14:31 - ADBTools.ADB_Utils - DEBUG - [adb_utils.py:75] - [get_adb_path] - 使用缓存的ADB路径: D:\work_tools\adb-1\adb.exe
2026-01-30 13:14:31 - ADBTools.ADB_Utils - DEBUG - [adb_utils.py:154] - [run_adb_command] - [2026-01-30 13:14:31.481] [Thread-32416] 执行ADB命令 [全局]: devices
2026-01-30 13:14:31 - ADBTools.ADB_Utils - DEBUG - [adb_utils.py:173] - [run_adb_command] - [2026-01-30 13:14:31.481] [Thread-32416] ADB命令执行成功 [全局]: devices (耗时: 0.106s)
2026-01-30 13:14:31 - ADBTools.UI - INFO - [logger_manager.py:556] - [log_button_click] - [2026-01-30 13:14:31.589] [Thread-32416] 用户操作: 点击 list_package_button 按钮 -> 获取应用列表 (搜索: vehicle)
2026-01-30 13:14:33 - ADBTools.ADB_Module - INFO - [ADB_module.py:1548] - [_handle_list_package_results] - ✓ 找到 2 个应用
2026-01-30 13:14:33 - ADBTools.ADB_Module - INFO - [ADB_module.py:1552] - [_handle_list_package_results] -   1. com.saicvehicleservice, 版本号: 2.0.0.35
2026-01-30 13:14:33 - ADBTools.ADB_Module - INFO - [ADB_module.py:1552] - [_handle_list_package_results] -   2. com.saicmotor.bindingvehicle, 版本号: 2.0.28
2026-01-30 13:14:33 - ADBTools.Method - INFO - [logger_manager.py:578] - [log_method_result] - [2026-01-30 13:14:33.119] [Thread-32416] ✓ list_package 完成: 获取完成
2026-01-30 13:15:08 - ADBTools.ADB_Utils - DEBUG - [adb_utils.py:75] - [get_adb_path] - 使用缓存的ADB路径: D:\work_tools\adb-1\adb.exe
2026-01-30 13:15:08 - ADBTools.ADB_Utils - DEBUG - [adb_utils.py:154] - [run_adb_command] - [2026-01-30 13:15:08.933] [Thread-32416] 执行ADB命令 [全局]: devices
2026-01-30 13:15:09 - ADBTools.ADB_Utils - DEBUG - [adb_utils.py:173] - [run_adb_command] - [2026-01-30 13:15:08.933] [Thread-32416] ADB命令执行成功 [全局]: devices (耗时: 0.115s)
2026-01-30 13:15:09 - ADBTools.UI - INFO - [logger_manager.py:556] - [log_button_click] - [2026-01-30 13:15:09.049] [Thread-32416] 用户操作: 点击 list_package_button 按钮 -> 获取应用列表 (搜索: weather)
2026-01-30 13:15:09 - ADBTools.ADB_Module - INFO - [ADB_module.py:1548] - [_handle_list_package_results] - ✓ 找到 1 个应用
2026-01-30 13:15:09 - ADBTools.ADB_Module - INFO - [ADB_module.py:1552] - [_handle_list_package_results] -   1. com.saicmotor.weathers, 版本号: A13_Weather_V1.0.96
2026-01-30 13:15:09 - ADBTools.Method - INFO - [logger_manager.py:578] - [log_method_result] - [2026-01-30 13:15:09.582] [Thread-32416] ✓ list_package 完成: 获取完成
2026-01-30 13:15:17 - ADBTools.ADB_Utils - DEBUG - [adb_utils.py:75] - [get_adb_path] - 使用缓存的ADB路径: D:\work_tools\adb-1\adb.exe
2026-01-30 13:15:17 - ADBTools.ADB_Utils - DEBUG - [adb_utils.py:154] - [run_adb_command] - [2026-01-30 13:15:17.243] [Thread-32416] 执行ADB命令 [全局]: devices
2026-01-30 13:15:17 - ADBTools.ADB_Utils - DEBUG - [adb_utils.py:173] - [run_adb_command] - [2026-01-30 13:15:17.243] [Thread-32416] ADB命令执行成功 [全局]: devices (耗时: 0.107s)
2026-01-30 13:15:17 - ADBTools.UI - INFO - [logger_manager.py:556] - [log_button_click] - [2026-01-30 13:15:17.352] [Thread-32416] 用户操作: 点击 list_package_button 按钮 -> 获取应用列表 (搜索: nng)
2026-01-30 13:15:18 - ADBTools.ADB_Module - INFO - [ADB_module.py:1548] - [_handle_list_package_results] - ✓ 找到 1 个应用
2026-01-30 13:15:18 - ADBTools.ADB_Module - INFO - [ADB_module.py:1552] - [_handle_list_package_results] -   1. com.nng.igo.primong, 版本号: 9.35.2.303169
2026-01-30 13:15:18 - ADBTools.Method - INFO - [logger_manager.py:578] - [log_method_result] - [2026-01-30 13:15:18.331] [Thread-32416] ✓ list_package 完成: 获取完成
2026-01-30 13:19:11 - ADBTools.ADB_Utils - DEBUG - [adb_utils.py:75] - [get_adb_path] - 使用缓存的ADB路径: D:\work_tools\adb-1\adb.exe
2026-01-30 13:19:11 - ADBTools.ADB_Utils - DEBUG - [adb_utils.py:154] - [run_adb_command] - [2026-01-30 13:19:11.334] [Thread-32416] 执行ADB命令 [全局]: devices
2026-01-30 13:19:11 - ADBTools.ADB_Utils - DEBUG - [adb_utils.py:173] - [run_adb_command] - [2026-01-30 13:19:11.334] [Thread-32416] ADB命令执行成功 [全局]: devices (耗时: 0.113s)
2026-01-30 13:19:11 - ADBTools.UI - INFO - [logger_manager.py:556] - [log_button_click] - [2026-01-30 13:19:11.449] [Thread-32416] 用户操作: 点击 list_package_button 按钮 -> 获取应用列表 (搜索: ada)
2026-01-30 13:19:12 - ADBTools.ADB_Module - INFO - [ADB_module.py:1548] - [_handle_list_package_results] - ✓ 找到 3 个应用
2026-01-30 13:19:12 - ADBTools.ADB_Module - INFO - [ADB_module.py:1552] - [_handle_list_package_results] -   1. com.saicmotor.adapterservice, 版本号: 1.3.8
2026-01-30 13:19:12 - ADBTools.ADB_Module - INFO - [ADB_module.py:1552] - [_handle_list_package_results] -   2. com.android.modulemetadata, 版本号: 13
2026-01-30 13:19:12 - ADBTools.ADB_Module - INFO - [ADB_module.py:1552] - [_handle_list_package_results] -   3. com.xtad.lbsadapter, 版本号: 2_15_240730
2026-01-30 13:19:12 - ADBTools.Method - INFO - [logger_manager.py:578] - [log_method_result] - [2026-01-30 13:19:12.917] [Thread-32416] ✓ list_package 完成: 获取完成
2026-01-30 13:19:22 - ADBTools.ADB_Utils - DEBUG - [adb_utils.py:75] - [get_adb_path] - 使用缓存的ADB路径: D:\work_tools\adb-1\adb.exe
2026-01-30 13:19:22 - ADBTools.ADB_Utils - DEBUG - [adb_utils.py:154] - [run_adb_command] - [2026-01-30 13:19:22.687] [Thread-32416] 执行ADB命令 [全局]: devices
2026-01-30 13:19:22 - ADBTools.ADB_Utils - DEBUG - [adb_utils.py:173] - [run_adb_command] - [2026-01-30 13:19:22.687] [Thread-32416] ADB命令执行成功 [全局]: devices (耗时: 0.114s)
2026-01-30 13:19:22 - ADBTools.UI - INFO - [logger_manager.py:556] - [log_button_click] - [2026-01-30 13:19:22.804] [Thread-32416] 用户操作: 点击 view_apk_path 按钮 -> 查看应用安装路径
2026-01-30 13:19:23 - ADBTools.ADB_Module - INFO - [ADB_module.py:1732] - [view_apk_path_wrapper] - 查看应用: com.saicmotor.adapterservice
2026-01-30 13:19:23 - ADBTools.Method - INFO - [logger_manager.py:578] - [log_method_result] - [2026-01-30 13:19:23.534] [Thread-32416] ✓ view_apk_path_wrapper 完成: 查询线程已启动: com.saicmotor.adapterservice
2026-01-30 13:24:27 - ADBTools.ADB_Utils - DEBUG - [adb_utils.py:75] - [get_adb_path] - 使用缓存的ADB路径: D:\work_tools\adb-1\adb.exe
2026-01-30 13:24:27 - ADBTools.ADB_Utils - DEBUG - [adb_utils.py:154] - [run_adb_command] - [2026-01-30 13:24:27.796] [Thread-32416] 执行ADB命令 [全局]: devices
2026-01-30 13:24:27 - ADBTools.ADB_Utils - DEBUG - [adb_utils.py:173] - [run_adb_command] - [2026-01-30 13:24:27.796] [Thread-32416] ADB命令执行成功 [全局]: devices (耗时: 0.108s)
2026-01-30 13:24:27 - ADBTools.UI - INFO - [logger_manager.py:556] - [log_button_click] - [2026-01-30 13:24:27.906] [Thread-32416] 用户操作: 点击 list_package_button 按钮 -> 获取应用列表 (搜索: amazon)
2026-01-30 13:24:28 - ADBTools.ADB_Module - INFO - [ADB_module.py:1548] - [_handle_list_package_results] - ✓ 找到 1 个应用
2026-01-30 13:24:28 - ADBTools.ADB_Module - INFO - [ADB_module.py:1552] - [_handle_list_package_results] -   1. com.saicmotor.onlinemedia.amazon.v2, 版本号: EV52_6125P_V1.0.99
2026-01-30 13:24:28 - ADBTools.Method - INFO - [logger_manager.py:578] - [log_method_result] - [2026-01-30 13:24:28.998] [Thread-32416] ✓ list_package 完成: 获取完成
2026-01-30 13:29:25 - ADBTools.ADB_Utils - DEBUG - [adb_utils.py:75] - [get_adb_path] - 使用缓存的ADB路径: D:\work_tools\adb-1\adb.exe
2026-01-30 13:29:25 - ADBTools.ADB_Utils - DEBUG - [adb_utils.py:154] - [run_adb_command] - [2026-01-30 13:29:25.666] [Thread-32416] 执行ADB命令 [全局]: devices
2026-01-30 13:29:25 - ADBTools.ADB_Utils - DEBUG - [adb_utils.py:173] - [run_adb_command] - [2026-01-30 13:29:25.666] [Thread-32416] ADB命令执行成功 [全局]: devices (耗时: 0.112s)
2026-01-30 13:29:25 - ADBTools.UI - INFO - [logger_manager.py:556] - [log_button_click] - [2026-01-30 13:29:25.780] [Thread-32416] 用户操作: 点击 list_package_button 按钮 -> 获取应用列表 (搜索: amazon)
2026-01-30 13:29:26 - ADBTools.ADB_Module - INFO - [ADB_module.py:1548] - [_handle_list_package_results] - ✓ 找到 1 个应用
2026-01-30 13:29:26 - ADBTools.ADB_Module - INFO - [ADB_module.py:1552] - [_handle_list_package_results] -   1. com.saicmotor.onlinemedia.amazon.v2, 版本号: EV52_6125P_V1.0.201
2026-01-30 13:29:26 - ADBTools.Method - INFO - [logger_manager.py:578] - [log_method_result] - [2026-01-30 13:29:26.417] [Thread-32416] ✓ list_package 完成: 获取完成
2026-01-30 13:29:29 - ADBTools.ADB_Utils - DEBUG - [adb_utils.py:75] - [get_adb_path] - 使用缓存的ADB路径: D:\work_tools\adb-1\adb.exe
2026-01-30 13:29:29 - ADBTools.ADB_Utils - DEBUG - [adb_utils.py:154] - [run_adb_command] - [2026-01-30 13:29:29.640] [Thread-32416] 执行ADB命令 [全局]: devices
2026-01-30 13:29:29 - ADBTools.ADB_Utils - DEBUG - [adb_utils.py:173] - [run_adb_command] - [2026-01-30 13:29:29.640] [Thread-32416] ADB命令执行成功 [全局]: devices (耗时: 0.111s)
2026-01-30 13:29:29 - ADBTools.UI - INFO - [logger_manager.py:556] - [log_button_click] - [2026-01-30 13:29:29.752] [Thread-32416] 用户操作: 点击 list_package_button 按钮 -> 获取应用列表 (搜索: ada)
2026-01-30 13:29:31 - ADBTools.ADB_Module - INFO - [ADB_module.py:1548] - [_handle_list_package_results] - ✓ 找到 3 个应用
2026-01-30 13:29:31 - ADBTools.ADB_Module - INFO - [ADB_module.py:1552] - [_handle_list_package_results] -   1. com.saicmotor.adapterservice, 版本号: 1.3.9
2026-01-30 13:29:31 - ADBTools.ADB_Module - INFO - [ADB_module.py:1552] - [_handle_list_package_results] -   2. com.android.modulemetadata, 版本号: 13
2026-01-30 13:29:31 - ADBTools.ADB_Module - INFO - [ADB_module.py:1552] - [_handle_list_package_results] -   3. com.xtad.lbsadapter, 版本号: 2_15_240730
2026-01-30 13:29:31 - ADBTools.Method - INFO - [logger_manager.py:578] - [log_method_result] - [2026-01-30 13:29:31.142] [Thread-32416] ✓ list_package 完成: 获取完成
2026-01-30 13:29:43 - ADBTools.ADB_Utils - DEBUG - [adb_utils.py:75] - [get_adb_path] - 使用缓存的ADB路径: D:\work_tools\adb-1\adb.exe
2026-01-30 13:29:43 - ADBTools.ADB_Utils - DEBUG - [adb_utils.py:154] - [run_adb_command] - [2026-01-30 13:29:43.266] [Thread-32416] 执行ADB命令 [全局]: devices
2026-01-30 13:29:43 - ADBTools.ADB_Utils - DEBUG - [adb_utils.py:173] - [run_adb_command] - [2026-01-30 13:29:43.266] [Thread-32416] ADB命令执行成功 [全局]: devices (耗时: 0.107s)
2026-01-30 13:29:43 - ADBTools.UI - INFO - [logger_manager.py:556] - [log_button_click] - [2026-01-30 13:29:43.376] [Thread-32416] 用户操作: 点击 list_package_button 按钮 -> 获取应用列表 (搜索: bind)
2026-01-30 13:29:44 - ADBTools.ADB_Module - INFO - [ADB_module.py:1548] - [_handle_list_package_results] - ✓ 找到 1 个应用
2026-01-30 13:29:44 - ADBTools.ADB_Module - INFO - [ADB_module.py:1552] - [_handle_list_package_results] -   1. com.saicmotor.bindingvehicle, 版本号: 2.0.28
2026-01-30 13:29:44 - ADBTools.Method - INFO - [logger_manager.py:578] - [log_method_result] - [2026-01-30 13:29:44.166] [Thread-32416] ✓ list_package 完成: 获取完成
2026-01-30 13:29:48 - ADBTools.ADB_Utils - DEBUG - [adb_utils.py:75] - [get_adb_path] - 使用缓存的ADB路径: D:\work_tools\adb-1\adb.exe
2026-01-30 13:29:48 - ADBTools.ADB_Utils - DEBUG - [adb_utils.py:154] - [run_adb_command] - [2026-01-30 13:29:48.790] [Thread-32416] 执行ADB命令 [全局]: devices
2026-01-30 13:29:48 - ADBTools.ADB_Utils - DEBUG - [adb_utils.py:173] - [run_adb_command] - [2026-01-30 13:29:48.790] [Thread-32416] ADB命令执行成功 [全局]: devices (耗时: 0.106s)
2026-01-30 13:29:48 - ADBTools.UI - INFO - [logger_manager.py:556] - [log_button_click] - [2026-01-30 13:29:48.898] [Thread-32416] 用户操作: 点击 list_package_button 按钮 -> 获取应用列表 (搜索: agent)
2026-01-30 13:29:49 - ADBTools.ADB_Module - INFO - [ADB_module.py:1548] - [_handle_list_package_results] - ✓ 找到 1 个应用
2026-01-30 13:29:49 - ADBTools.ADB_Module - INFO - [ADB_module.py:1552] - [_handle_list_package_results] -   1. com.saicmotor.voiceagent, 版本号: 0.1.0.75
2026-01-30 13:29:49 - ADBTools.Method - INFO - [logger_manager.py:578] - [log_method_result] - [2026-01-30 13:29:49.520] [Thread-32416] ✓ list_package 完成: 获取完成
2026-01-30 13:29:56 - ADBTools.ADB_Utils - DEBUG - [adb_utils.py:75] - [get_adb_path] - 使用缓存的ADB路径: D:\work_tools\adb-1\adb.exe
2026-01-30 13:29:56 - ADBTools.ADB_Utils - DEBUG - [adb_utils.py:154] - [run_adb_command] - [2026-01-30 13:29:56.745] [Thread-32416] 执行ADB命令 [全局]: devices
2026-01-30 13:29:56 - ADBTools.ADB_Utils - DEBUG - [adb_utils.py:173] - [run_adb_command] - [2026-01-30 13:29:56.745] [Thread-32416] ADB命令执行成功 [全局]: devices (耗时: 0.111s)
2026-01-30 13:29:56 - ADBTools.UI - INFO - [logger_manager.py:556] - [log_button_click] - [2026-01-30 13:29:56.858] [Thread-32416] 用户操作: 点击 list_package_button 按钮 -> 获取应用列表 (搜索: voiceservice)
2026-01-30 13:29:57 - ADBTools.ADB_Module - INFO - [ADB_module.py:1548] - [_handle_list_package_results] - ✓ 找到 1 个应用
2026-01-30 13:29:57 - ADBTools.ADB_Module - INFO - [ADB_module.py:1552] - [_handle_list_package_results] -   1. com.saicmotor.voiceservice, 版本号: 0.0.8.25
2026-01-30 13:29:57 - ADBTools.Method - INFO - [logger_manager.py:578] - [log_method_result] - [2026-01-30 13:29:57.462] [Thread-32416] ✓ list_package 完成: 获取完成
2026-01-30 13:30:06 - ADBTools.ADB_Utils - DEBUG - [adb_utils.py:75] - [get_adb_path] - 使用缓存的ADB路径: D:\work_tools\adb-1\adb.exe
2026-01-30 13:30:06 - ADBTools.ADB_Utils - DEBUG - [adb_utils.py:154] - [run_adb_command] - [2026-01-30 13:30:06.471] [Thread-32416] 执行ADB命令 [全局]: devices
2026-01-30 13:30:06 - ADBTools.ADB_Utils - DEBUG - [adb_utils.py:173] - [run_adb_command] - [2026-01-30 13:30:06.471] [Thread-32416] ADB命令执行成功 [全局]: devices (耗时: 0.106s)
2026-01-30 13:30:06 - ADBTools.UI - INFO - [logger_manager.py:556] - [log_button_click] - [2026-01-30 13:30:06.580] [Thread-32416] 用户操作: 点击 list_package_button 按钮 -> 获取应用列表 (搜索: update)
2026-01-30 13:30:07 - ADBTools.ADB_Module - INFO - [ADB_module.py:1548] - [_handle_list_package_results] - ✓ 找到 1 个应用
2026-01-30 13:30:07 - ADBTools.ADB_Module - INFO - [ADB_module.py:1552] - [_handle_list_package_results] -   1. com.saicmotor.update, 版本号: 1.0.16
2026-01-30 13:30:07 - ADBTools.Method - INFO - [logger_manager.py:578] - [log_method_result] - [2026-01-30 13:30:07.098] [Thread-32416] ✓ list_package 完成: 获取完成
2026-01-30 13:30:12 - ADBTools.ADB_Utils - DEBUG - [adb_utils.py:75] - [get_adb_path] - 使用缓存的ADB路径: D:\work_tools\adb-1\adb.exe
2026-01-30 13:30:12 - ADBTools.ADB_Utils - DEBUG - [adb_utils.py:154] - [run_adb_command] - [2026-01-30 13:30:12.135] [Thread-32416] 执行ADB命令 [全局]: devices
2026-01-30 13:30:12 - ADBTools.ADB_Utils - DEBUG - [adb_utils.py:173] - [run_adb_command] - [2026-01-30 13:30:12.135] [Thread-32416] ADB命令执行成功 [全局]: devices (耗时: 0.103s)
2026-01-30 13:30:12 - ADBTools.UI - INFO - [logger_manager.py:556] - [log_button_click] - [2026-01-30 13:30:12.239] [Thread-32416] 用户操作: 点击 datong_batch_install_test_button 按钮 -> 验证批量推包版本号
2026-01-30 13:30:20 - ADBTools.ADB_Module - INFO - [ADB_module.py:972] - [datong_batch_verify_version_action] - 选择文件夹: D:/Work_files/项目/SV92/SOC/apk
2026-01-30 13:30:20 - ADBTools.ADB_Module - INFO - [ADB_module.py:983] - [datong_batch_verify_version_action] - 找到 14 个APK文件
2026-01-30 13:30:21 - ADBTools.Method - INFO - [logger_manager.py:578] - [log_method_result] - [2026-01-30 13:30:21.418] [Thread-32416] ✓ datong_batch_verify_version_action 完成: 版本验证线程已启动 (14个文件)
2026-01-30 13:31:12 - ADBTools.ADB_Utils - DEBUG - [adb_utils.py:75] - [get_adb_path] - 使用缓存的ADB路径: D:\work_tools\adb-1\adb.exe
2026-01-30 13:31:12 - ADBTools.ADB_Utils - DEBUG - [adb_utils.py:154] - [run_adb_command] - [2026-01-30 13:31:12.243] [Thread-32416] 执行ADB命令 [全局]: devices
2026-01-30 13:31:12 - ADBTools.ADB_Utils - DEBUG - [adb_utils.py:173] - [run_adb_command] - [2026-01-30 13:31:12.243] [Thread-32416] ADB命令执行成功 [全局]: devices (耗时: 0.108s)
2026-01-30 13:31:12 - ADBTools.UI - INFO - [logger_manager.py:556] - [log_button_click] - [2026-01-30 13:31:12.354] [Thread-32416] 用户操作: 点击 list_package_button 按钮 -> 获取应用列表 (搜索: nng)
2026-01-30 13:31:13 - ADBTools.ADB_Module - INFO - [ADB_module.py:1548] - [_handle_list_package_results] - ✓ 找到 1 个应用
2026-01-30 13:31:13 - ADBTools.ADB_Module - INFO - [ADB_module.py:1552] - [_handle_list_package_results] -   1. com.nng.igo.primong, 版本号: 9.35.2.303169
2026-01-30 13:31:13 - ADBTools.Method - INFO - [logger_manager.py:578] - [log_method_result] - [2026-01-30 13:31:13.027] [Thread-32416] ✓ list_package 完成: 获取完成
2026-01-30 13:31:18 - ADBTools.ADB_Utils - DEBUG - [adb_utils.py:75] - [get_adb_path] - 使用缓存的ADB路径: D:\work_tools\adb-1\adb.exe
2026-01-30 13:31:18 - ADBTools.ADB_Utils - DEBUG - [adb_utils.py:154] - [run_adb_command] - [2026-01-30 13:31:18.159] [Thread-32416] 执行ADB命令 [全局]: devices
2026-01-30 13:31:18 - ADBTools.ADB_Utils - DEBUG - [adb_utils.py:173] - [run_adb_command] - [2026-01-30 13:31:18.159] [Thread-32416] ADB命令执行成功 [全局]: devices (耗时: 0.112s)
2026-01-30 13:31:18 - ADBTools.UI - INFO - [logger_manager.py:556] - [log_button_click] - [2026-01-30 13:31:18.274] [Thread-32416] 用户操作: 点击 view_apk_path 按钮 -> 查看应用安装路径
2026-01-30 13:31:18 - ADBTools.ADB_Module - INFO - [ADB_module.py:1732] - [view_apk_path_wrapper] - 查看应用: com.nng.igo.primong
2026-01-30 13:31:18 - ADBTools.Method - INFO - [logger_manager.py:578] - [log_method_result] - [2026-01-30 13:31:18.978] [Thread-32416] ✓ view_apk_path_wrapper 完成: 查询线程已启动: com.nng.igo.primong
2026-01-30 13:35:18 - ADBTools.ADB_Utils - DEBUG - [adb_utils.py:75] - [get_adb_path] - 使用缓存的ADB路径: D:\work_tools\adb-1\adb.exe
2026-01-30 13:35:18 - ADBTools.ADB_Utils - DEBUG - [adb_utils.py:154] - [run_adb_command] - [2026-01-30 13:35:18.190] [Thread-32416] 执行ADB命令 [全局]: devices
2026-01-30 13:35:18 - ADBTools.ADB_Utils - DEBUG - [adb_utils.py:173] - [run_adb_command] - [2026-01-30 13:35:18.190] [Thread-32416] ADB命令执行成功 [全局]: devices (耗时: 0.116s)
2026-01-30 13:35:18 - ADBTools.UI - INFO - [logger_manager.py:556] - [log_button_click] - [2026-01-30 13:35:18.308] [Thread-32416] 用户操作: 点击 datong_batch_install_test_button 按钮 -> 验证批量推包版本号
2026-01-30 13:35:32 - ADBTools.ADB_Module - INFO - [ADB_module.py:972] - [datong_batch_verify_version_action] - 选择文件夹: D:/Work_files/项目/SV92/SOC/apk
2026-01-30 13:35:32 - ADBTools.ADB_Module - INFO - [ADB_module.py:983] - [datong_batch_verify_version_action] - 找到 14 个APK文件
2026-01-30 13:35:33 - ADBTools.Method - INFO - [logger_manager.py:578] - [log_method_result] - [2026-01-30 13:35:33.062] [Thread-32416] ✓ datong_batch_verify_version_action 完成: 版本验证线程已启动 (14个文件)
2026-01-30 13:39:10 - ADBTools.UI - INFO - [logger_manager.py:556] - [log_button_click] - [2026-01-30 13:39:10.597] [Thread-32416] 用户操作: 点击 RefreshButton 按钮 -> 刷新设备列表
2026-01-30 13:39:10 - ADBTools.RefreshDevicesThread - INFO - [refresh_devices_thread.py:37] - [__init__] - 刷新设备列表线程初始化
2026-01-30 13:39:10 - ADBTools.Thread - INFO - [logger_manager.py:640] - [log_thread_start] - [2026-01-30 13:39:10.598] [Thread-32416] 线程启动: RefreshDevicesThread | 详情: {'action': '刷新设备列表'}
2026-01-30 13:39:10 - ADBTools.RefreshDevicesThread - INFO - [refresh_devices_thread.py:41] - [run] - ================================================================================
2026-01-30 13:39:10 - ADBTools.RefreshDevicesThread - INFO - [refresh_devices_thread.py:42] - [run] - 开始执行刷新设备列表操作
2026-01-30 13:39:10 - ADBTools.RefreshDevicesThread - INFO - [refresh_devices_thread.py:43] - [run] - ================================================================================
2026-01-30 13:39:10 - ADBTools.RefreshDevicesThread - INFO - [refresh_devices_thread.py:51] - [run] - 发送进度信号: 正在刷新设备列表...
2026-01-30 13:39:10 - ADBTools.RefreshDevicesThread - INFO - [refresh_devices_thread.py:54] - [run] - 准备执行 ADB 命令: devices
2026-01-30 13:39:10 - ADBTools.ADB_Utils - DEBUG - [adb_utils.py:75] - [get_adb_path] - 使用缓存的ADB路径: D:\work_tools\adb-1\adb.exe
2026-01-30 13:39:10 - ADBTools.ADB_Utils - DEBUG - [adb_utils.py:154] - [run_adb_command] - [2026-01-30 13:39:10.602] [Thread-72152] 执行ADB命令 [全局]: devices
2026-01-30 13:39:10 - ADBTools.ADB_Utils - DEBUG - [adb_utils.py:173] - [run_adb_command] - [2026-01-30 13:39:10.602] [Thread-72152] ADB命令执行成功 [全局]: devices (耗时: 0.101s)
2026-01-30 13:39:10 - ADBTools.RefreshDevicesThread - INFO - [refresh_devices_thread.py:60] - [run] - ADB 命令执行完成，开始解析结果...
2026-01-30 13:39:10 - ADBTools.RefreshDevicesThread - INFO - [refresh_devices_thread.py:76] - [run] - ADB 命令返回内容长度: 50 字符
2026-01-30 13:39:10 - ADBTools.RefreshDevicesThread - INFO - [refresh_devices_thread.py:89] - [run] - ADB命令返回 2 行内容
2026-01-30 13:39:10 - ADBTools.RefreshDevicesThread - DEBUG - [refresh_devices_thread.py:95] - [run] - 解析第 1 行: List of devices attached
2026-01-30 13:39:10 - ADBTools.RefreshDevicesThread - DEBUG - [refresh_devices_thread.py:95] - [run] - 解析第 2 行: 192.168.43.24:5555	device
2026-01-30 13:39:10 - ADBTools.RefreshDevicesThread - INFO - [refresh_devices_thread.py:101] - [run] - ✓ 发现设备: 192.168.43.24:5555 (状态: device)
2026-01-30 13:39:10 - ADBTools.RefreshDevicesThread - INFO - [refresh_devices_thread.py:107] - [run] - 设备解析完成，共找到 1 个设备
2026-01-30 13:39:10 - ADBTools.RefreshDevicesThread - INFO - [refresh_devices_thread.py:112] - [run] - 设备列表:
2026-01-30 13:39:10 - ADBTools.RefreshDevicesThread - INFO - [refresh_devices_thread.py:114] - [run] -   - 192.168.43.24:5555
2026-01-30 13:39:10 - ADBTools.RefreshDevicesThread - INFO - [refresh_devices_thread.py:133] - [run] - ================================================================================
2026-01-30 13:39:10 - ADBTools.RefreshDevicesThread - INFO - [refresh_devices_thread.py:134] - [run] - 刷新设备列表操作完成
2026-01-30 13:39:10 - ADBTools.RefreshDevicesThread - INFO - [refresh_devices_thread.py:135] - [run] - ================================================================================
2026-01-30 13:39:10 - ADBTools.ADB_Module - INFO - [ADB_module.py:1789] - [_on_refresh_thread_finished] - 设备列表刷新完成
2026-01-30 13:39:12 - ADBTools.ADB_Utils - DEBUG - [adb_utils.py:75] - [get_adb_path] - 使用缓存的ADB路径: D:\work_tools\adb-1\adb.exe
2026-01-30 13:39:12 - ADBTools.ADB_Utils - DEBUG - [adb_utils.py:154] - [run_adb_command] - [2026-01-30 13:39:12.898] [Thread-32416] 执行ADB命令 [全局]: devices
2026-01-30 13:39:13 - ADBTools.ADB_Utils - DEBUG - [adb_utils.py:173] - [run_adb_command] - [2026-01-30 13:39:12.898] [Thread-32416] ADB命令执行成功 [全局]: devices (耗时: 0.107s)
2026-01-30 13:39:13 - ADBTools.UI - INFO - [logger_manager.py:556] - [log_button_click] - [2026-01-30 13:39:13.006] [Thread-32416] 用户操作: 点击 datong_batch_install_test_button 按钮 -> 验证批量推包版本号
2026-01-30 13:39:23 - ADBTools.ADB_Module - INFO - [ADB_module.py:972] - [datong_batch_verify_version_action] - 选择文件夹: D:/Work_files/项目/SV92/SOC/apk
2026-01-30 13:39:23 - ADBTools.ADB_Module - INFO - [ADB_module.py:983] - [datong_batch_verify_version_action] - 找到 14 个APK文件
2026-01-30 13:39:24 - ADBTools.Method - INFO - [logger_manager.py:578] - [log_method_result] - [2026-01-30 13:39:24.040] [Thread-32416] ✓ datong_batch_verify_version_action 完成: 版本验证线程已启动 (14个文件)
2026-01-30 13:39:38 - ADBTools.ADB_Utils - DEBUG - [adb_utils.py:75] - [get_adb_path] - 使用缓存的ADB路径: D:\work_tools\adb-1\adb.exe
2026-01-30 13:39:38 - ADBTools.ADB_Utils - DEBUG - [adb_utils.py:154] - [run_adb_command] - [2026-01-30 13:39:38.752] [Thread-32416] 执行ADB命令 [全局]: devices
2026-01-30 13:39:38 - ADBTools.ADB_Utils - DEBUG - [adb_utils.py:173] - [run_adb_command] - [2026-01-30 13:39:38.752] [Thread-32416] ADB命令执行成功 [全局]: devices (耗时: 0.105s)
2026-01-30 13:39:38 - ADBTools.UI - INFO - [logger_manager.py:556] - [log_button_click] - [2026-01-30 13:39:38.859] [Thread-32416] 用户操作: 点击 datong_batch_install_test_button 按钮 -> 验证批量推包版本号
2026-01-30 13:39:44 - ADBTools.ADB_Module - INFO - [ADB_module.py:972] - [datong_batch_verify_version_action] - 选择文件夹: D:/Work_files/项目/SV92/SOC/apk
2026-01-30 13:39:44 - ADBTools.ADB_Module - INFO - [ADB_module.py:983] - [datong_batch_verify_version_action] - 找到 14 个APK文件
2026-01-30 13:39:45 - ADBTools.Method - INFO - [logger_manager.py:578] - [log_method_result] - [2026-01-30 13:39:45.322] [Thread-32416] ✓ datong_batch_verify_version_action 完成: 版本验证线程已启动 (14个文件)
2026-01-30 17:07:41 - ADBTools.Main - INFO - [main.py:37] - [closeevent] - 应用程序正在关闭...
2026-01-30 17:07:41 - ADBTools.Main - INFO - [main.py:48] - [closeevent] - 应用程序已正常关闭
2026-01-30 17:07:41 - ADBTools.Main - INFO - [main.py:49] - [closeevent] - ================================================================================
2026-01-30 18:26:56 - ADBTools.Main - INFO - [main.py:19] - [main] - ================================================================================
2026-01-30 18:26:56 - ADBTools.Main - INFO - [main.py:20] - [main] - ADBTools 应用程序启动
2026-01-30 18:26:56 - ADBTools.Main - INFO - [main.py:21] - [main] - Python 版本: 3.10.16 | packaged by Anaconda, Inc. | (main, Dec 11 2024, 16:19:12) [MSC v.1929 64 bit (AMD64)]
2026-01-30 18:26:56 - ADBTools.Main - INFO - [main.py:22] - [main] - 工作目录: D:\Personal files\ADBTools
2026-01-30 18:26:56 - ADBTools.Main - INFO - [main.py:23] - [main] - ================================================================================
2026-01-30 18:26:57 - ADBTools.Main - INFO - [main.py:28] - [main] - 加载 ADB 主窗口模块...
2026-01-30 18:27:03 - ADBTools.ADB_Module - INFO - [ADB_module.py:108] - [__init__] - 初始化 ADB 主窗口...
2026-01-30 18:27:04 - ADBTools.UI - INFO - [logger_manager.py:556] - [log_button_click] - [2026-01-30 18:27:04.195] [Thread-36796] 用户操作: 点击 RefreshButton 按钮 -> 刷新设备列表
2026-01-30 18:27:04 - ADBTools.RefreshDevicesThread - INFO - [refresh_devices_thread.py:37] - [__init__] - 刷新设备列表线程初始化
2026-01-30 18:27:04 - ADBTools.RefreshDevicesThread - INFO - [refresh_devices_thread.py:41] - [run] - ================================================================================
2026-01-30 18:27:04 - ADBTools.Thread - INFO - [logger_manager.py:640] - [log_thread_start] - [2026-01-30 18:27:04.206] [Thread-36796] 线程启动: RefreshDevicesThread | 详情: {'action': '刷新设备列表'}
2026-01-30 18:27:04 - ADBTools.RefreshDevicesThread - INFO - [refresh_devices_thread.py:42] - [run] - 开始执行刷新设备列表操作
2026-01-30 18:27:04 - ADBTools.RefreshDevicesThread - INFO - [refresh_devices_thread.py:43] - [run] - ================================================================================
2026-01-30 18:27:04 - ADBTools.RefreshDevicesThread - INFO - [refresh_devices_thread.py:51] - [run] - 发送进度信号: 正在刷新设备列表...
2026-01-30 18:27:04 - ADBTools.RefreshDevicesThread - INFO - [refresh_devices_thread.py:54] - [run] - 准备执行 ADB 命令: devices
2026-01-30 18:27:04 - ADBTools.ADB_Utils - INFO - [adb_utils.py:78] - [get_adb_path] - 开始查找ADB可执行文件...
2026-01-30 18:27:04 - ADBTools.ADB_Utils - DEBUG - [adb_utils.py:82] - [get_adb_path] - ADB搜索路径: ['adb', 'adb.exe', './adb.exe', './tools/adb.exe', 'C:\\Program Files (x86)\\Android\\android-sdk\\platform-tools\\adb.exe', 'D:\\work_tools\\adb-1\\adb.exe']
2026-01-30 18:27:04 - ADBTools.Main - INFO - [main.py:32] - [main] - ADB 主窗口创建成功，版本: 1.6.4
2026-01-30 18:27:04 - ADBTools.ADB_Utils - INFO - [adb_utils.py:109] - [get_adb_path] - 找到ADB (系统PATH): D:\work_tools\adb-1\adb.exe
2026-01-30 18:27:04 - ADBTools.ADB_Utils - DEBUG - [adb_utils.py:154] - [run_adb_command] - [2026-01-30 18:27:04.376] [Thread-32328] 执行ADB命令 [全局]: devices
2026-01-30 18:27:04 - ADBTools.ADB_Utils - DEBUG - [adb_utils.py:173] - [run_adb_command] - [2026-01-30 18:27:04.376] [Thread-32328] ADB命令执行成功 [全局]: devices (耗时: 0.242s)
2026-01-30 18:27:04 - ADBTools.RefreshDevicesThread - INFO - [refresh_devices_thread.py:60] - [run] - ADB 命令执行完成，开始解析结果...
2026-01-30 18:27:04 - ADBTools.RefreshDevicesThread - INFO - [refresh_devices_thread.py:76] - [run] - ADB 命令返回内容长度: 50 字符
2026-01-30 18:27:04 - ADBTools.RefreshDevicesThread - INFO - [refresh_devices_thread.py:89] - [run] - ADB命令返回 2 行内容
2026-01-30 18:27:04 - ADBTools.RefreshDevicesThread - DEBUG - [refresh_devices_thread.py:95] - [run] - 解析第 1 行: List of devices attached
2026-01-30 18:27:04 - ADBTools.RefreshDevicesThread - DEBUG - [refresh_devices_thread.py:95] - [run] - 解析第 2 行: 192.168.43.24:5555	device
2026-01-30 18:27:04 - ADBTools.RefreshDevicesThread - INFO - [refresh_devices_thread.py:101] - [run] - ✓ 发现设备: 192.168.43.24:5555 (状态: device)
2026-01-30 18:27:04 - ADBTools.RefreshDevicesThread - INFO - [refresh_devices_thread.py:107] - [run] - 设备解析完成，共找到 1 个设备
2026-01-30 18:27:04 - ADBTools.RefreshDevicesThread - INFO - [refresh_devices_thread.py:112] - [run] - 设备列表:
2026-01-30 18:27:04 - ADBTools.RefreshDevicesThread - INFO - [refresh_devices_thread.py:114] - [run] -   - 192.168.43.24:5555
2026-01-30 18:27:04 - ADBTools.RefreshDevicesThread - INFO - [refresh_devices_thread.py:133] - [run] - ================================================================================
2026-01-30 18:27:04 - ADBTools.RefreshDevicesThread - INFO - [refresh_devices_thread.py:134] - [run] - 刷新设备列表操作完成
2026-01-30 18:27:04 - ADBTools.RefreshDevicesThread - INFO - [refresh_devices_thread.py:135] - [run] - ================================================================================
2026-01-30 18:27:04 - ADBTools.Device - INFO - [logger_manager.py:601] - [log_device_operation] - [2026-01-30 18:27:04.630] [Thread-36796] 设备操作: u2_connect_attempt | 设备: 192.168.43.24:5555 | 详情: {'mode': 'u2', 'action': '尝试u2连接'}
2026-01-30 18:27:04 - ADBTools.U2ConnectThread - INFO - [u2_connect_thread.py:23] - [__init__] - U2ConnectThread初始化: 目标设备 192.168.43.24:5555
2026-01-30 18:27:04 - ADBTools.Thread - INFO - [logger_manager.py:640] - [log_thread_start] - [2026-01-30 18:27:04.635] [Thread-36796] 线程启动: U2ConnectThread | 详情: {'device_id': '192.168.43.24:5555', 'mode': 'u2'}
2026-01-30 18:27:04 - ADBTools.Thread - INFO - [logger_manager.py:640] - [log_thread_start] - [2026-01-30 18:27:04.636] [Thread-36536] 线程启动: U2ConnectThread | 详情: {'device_id': '192.168.43.24:5555'}
2026-01-30 18:27:04 - ADBTools.Device - INFO - [logger_manager.py:601] - [log_device_operation] - [2026-01-30 18:27:04.637] [Thread-36536] 设备操作: u2_connect_start | 设备: 192.168.43.24:5555 | 详情: {'mode': 'u2'}
2026-01-30 18:27:04 - ADBTools.U2ConnectThread - INFO - [u2_connect_thread.py:35] - [run] - 开始u2连接: 192.168.43.24:5555
2026-01-30 18:27:04 - ADBTools.ADB_Module - INFO - [ADB_module.py:1789] - [_on_refresh_thread_finished] - 设备列表刷新完成
2026-01-30 18:27:07 - ADBTools.U2ConnectThread - INFO - [u2_connect_thread.py:54] - [run] - u2连接成功: 192.168.43.24:5555 | 耗时: 2.758s
2026-01-30 18:27:07 - ADBTools.U2ConnectThread - INFO - [u2_connect_thread.py:55] - [run] - 设备信息: {'serial': '192.168.43.24:5555', 'model': 'Unknown', 'brand': 'Unknown', 'version': 'Unknown', 'sdk': 'Unknown', 'manufacturer': 'Unknown'}
2026-01-30 18:27:07 - ADBTools.Device - INFO - [logger_manager.py:601] - [log_device_operation] - [2026-01-30 18:27:07.394] [Thread-36536] 设备操作: u2_connect_success | 设备: 192.168.43.24:5555 | 详情: {'mode': 'u2', 'status': 'connected', 'device_info': {'serial': '192.168.43.24:5555', 'model': 'Unknown', 'brand': 'Unknown', 'version': 'Unknown', 'sdk': 'Unknown', 'manufacturer': 'Unknown'}, 'elapsed_time': 2.758227825164795}
2026-01-30 18:27:07 - ADBTools.Thread - INFO - [logger_manager.py:658] - [log_thread_complete] - [2026-01-30 18:27:07.395] [Thread-36536] 线程完成: U2ConnectThread | 结果: success | 详情: {'device_id': '192.168.43.24:5555', 'elapsed_time': 2.758227825164795, 'device_info': {'serial': '192.168.43.24:5555', 'model': 'Unknown', 'brand': 'Unknown', 'version': 'Unknown', 'sdk': 'Unknown', 'manufacturer': 'Unknown'}}
2026-01-30 18:27:07 - ADBTools.Device - INFO - [logger_manager.py:601] - [log_device_operation] - [2026-01-30 18:27:07.397] [Thread-36796] 设备操作: u2_connect_success | 设备: 192.168.43.24:5555 | 详情: {'mode': 'u2', 'status': 'connected'}
2026-01-30 18:27:07 - ADBTools.Thread - INFO - [logger_manager.py:658] - [log_thread_complete] - [2026-01-30 18:27:07.397] [Thread-36796] 线程完成: U2ConnectThread | 结果: success | 详情: {'device_id': '192.168.43.24:5555', 'mode': 'u2'}
2026-01-30 18:27:11 - ADBTools.ADB_Utils - DEBUG - [adb_utils.py:75] - [get_adb_path] - 使用缓存的ADB路径: D:\work_tools\adb-1\adb.exe
2026-01-30 18:27:11 - ADBTools.ADB_Utils - DEBUG - [adb_utils.py:154] - [run_adb_command] - [2026-01-30 18:27:11.233] [Thread-36796] 执行ADB命令 [全局]: devices
2026-01-30 18:27:11 - ADBTools.ADB_Utils - DEBUG - [adb_utils.py:173] - [run_adb_command] - [2026-01-30 18:27:11.233] [Thread-36796] ADB命令执行成功 [全局]: devices (耗时: 0.128s)
2026-01-30 18:27:11 - ADBTools.UI - INFO - [logger_manager.py:556] - [log_button_click] - [2026-01-30 18:27:11.364] [Thread-36796] 用户操作: 点击 force_stop_app 按钮 -> 强制停止应用
2026-01-30 18:27:13 - ADBTools.ADB_Module - INFO - [ADB_module.py:2209] - [show_force_stop_app_dialog] - 强制停止应用: com.nng.igo.primong
2026-01-30 18:27:13 - ADBTools.Method - ERROR - [logger_manager.py:585] - [log_method_result] - [2026-01-30 18:27:13.102] [Thread-36796] ✗ show_force_stop_app_dialog 失败: 'ForceStopAppThread' object has no attribute 'result_signal'
2026-01-30 18:27:17 - ADBTools.Main - INFO - [main.py:37] - [closeevent] - 应用程序正在关闭...
2026-01-30 18:27:17 - ADBTools.Main - INFO - [main.py:48] - [closeevent] - 应用程序已正常关闭
2026-01-30 18:27:17 - ADBTools.Main - INFO - [main.py:49] - [closeevent] - ================================================================================
2026-01-30 18:27:42 - ADBTools.Main - INFO - [main.py:19] - [main] - ================================================================================
2026-01-30 18:27:42 - ADBTools.Main - INFO - [main.py:20] - [main] - ADBTools 应用程序启动
2026-01-30 18:27:42 - ADBTools.Main - INFO - [main.py:21] - [main] - Python 版本: 3.10.16 | packaged by Anaconda, Inc. | (main, Dec 11 2024, 16:19:12) [MSC v.1929 64 bit (AMD64)]
2026-01-30 18:27:42 - ADBTools.Main - INFO - [main.py:22] - [main] - 工作目录: D:\Personal files\ADBTools
2026-01-30 18:27:42 - ADBTools.Main - INFO - [main.py:23] - [main] - ================================================================================
2026-01-30 18:27:42 - ADBTools.Main - INFO - [main.py:28] - [main] - 加载 ADB 主窗口模块...
2026-01-30 18:27:44 - ADBTools.ADB_Module - INFO - [ADB_module.py:108] - [__init__] - 初始化 ADB 主窗口...
2026-01-30 18:27:45 - ADBTools.UI - INFO - [logger_manager.py:556] - [log_button_click] - [2026-01-30 18:27:45.001] [Thread-15300] 用户操作: 点击 RefreshButton 按钮 -> 刷新设备列表
2026-01-30 18:27:45 - ADBTools.RefreshDevicesThread - INFO - [refresh_devices_thread.py:37] - [__init__] - 刷新设备列表线程初始化
2026-01-30 18:27:45 - ADBTools.Thread - INFO - [logger_manager.py:640] - [log_thread_start] - [2026-01-30 18:27:45.006] [Thread-15300] 线程启动: RefreshDevicesThread | 详情: {'action': '刷新设备列表'}
2026-01-30 18:27:45 - ADBTools.RefreshDevicesThread - INFO - [refresh_devices_thread.py:41] - [run] - ================================================================================
2026-01-30 18:27:45 - ADBTools.RefreshDevicesThread - INFO - [refresh_devices_thread.py:42] - [run] - 开始执行刷新设备列表操作
2026-01-30 18:27:45 - ADBTools.RefreshDevicesThread - INFO - [refresh_devices_thread.py:43] - [run] - ================================================================================
2026-01-30 18:27:45 - ADBTools.RefreshDevicesThread - INFO - [refresh_devices_thread.py:51] - [run] - 发送进度信号: 正在刷新设备列表...
2026-01-30 18:27:45 - ADBTools.RefreshDevicesThread - INFO - [refresh_devices_thread.py:54] - [run] - 准备执行 ADB 命令: devices
2026-01-30 18:27:45 - ADBTools.Main - INFO - [main.py:32] - [main] - ADB 主窗口创建成功，版本: 1.6.4
2026-01-30 18:27:45 - ADBTools.ADB_Utils - INFO - [adb_utils.py:78] - [get_adb_path] - 开始查找ADB可执行文件...
2026-01-30 18:27:45 - ADBTools.ADB_Utils - DEBUG - [adb_utils.py:82] - [get_adb_path] - ADB搜索路径: ['adb', 'adb.exe', './adb.exe', './tools/adb.exe', 'C:\\Program Files (x86)\\Android\\android-sdk\\platform-tools\\adb.exe', 'D:\\work_tools\\adb-1\\adb.exe']
2026-01-30 18:27:45 - ADBTools.ADB_Utils - INFO - [adb_utils.py:109] - [get_adb_path] - 找到ADB (系统PATH): D:\work_tools\adb-1\adb.exe
2026-01-30 18:27:45 - ADBTools.ADB_Utils - DEBUG - [adb_utils.py:154] - [run_adb_command] - [2026-01-30 18:27:45.167] [Thread-27572] 执行ADB命令 [全局]: devices
2026-01-30 18:27:45 - ADBTools.ADB_Utils - DEBUG - [adb_utils.py:173] - [run_adb_command] - [2026-01-30 18:27:45.167] [Thread-27572] ADB命令执行成功 [全局]: devices (耗时: 0.139s)
2026-01-30 18:27:45 - ADBTools.RefreshDevicesThread - INFO - [refresh_devices_thread.py:60] - [run] - ADB 命令执行完成，开始解析结果...
2026-01-30 18:27:45 - ADBTools.RefreshDevicesThread - INFO - [refresh_devices_thread.py:76] - [run] - ADB 命令返回内容长度: 50 字符
2026-01-30 18:27:45 - ADBTools.RefreshDevicesThread - INFO - [refresh_devices_thread.py:89] - [run] - ADB命令返回 2 行内容
2026-01-30 18:27:45 - ADBTools.RefreshDevicesThread - DEBUG - [refresh_devices_thread.py:95] - [run] - 解析第 1 行: List of devices attached
2026-01-30 18:27:45 - ADBTools.RefreshDevicesThread - DEBUG - [refresh_devices_thread.py:95] - [run] - 解析第 2 行: 192.168.43.24:5555	device
2026-01-30 18:27:45 - ADBTools.RefreshDevicesThread - INFO - [refresh_devices_thread.py:101] - [run] - ✓ 发现设备: 192.168.43.24:5555 (状态: device)
2026-01-30 18:27:45 - ADBTools.RefreshDevicesThread - INFO - [refresh_devices_thread.py:107] - [run] - 设备解析完成，共找到 1 个设备
2026-01-30 18:27:45 - ADBTools.RefreshDevicesThread - INFO - [refresh_devices_thread.py:112] - [run] - 设备列表:
2026-01-30 18:27:45 - ADBTools.RefreshDevicesThread - INFO - [refresh_devices_thread.py:114] - [run] -   - 192.168.43.24:5555
2026-01-30 18:27:45 - ADBTools.RefreshDevicesThread - INFO - [refresh_devices_thread.py:133] - [run] - ================================================================================
2026-01-30 18:27:45 - ADBTools.RefreshDevicesThread - INFO - [refresh_devices_thread.py:134] - [run] - 刷新设备列表操作完成
2026-01-30 18:27:45 - ADBTools.RefreshDevicesThread - INFO - [refresh_devices_thread.py:135] - [run] - ================================================================================
2026-01-30 18:27:45 - ADBTools.Device - INFO - [logger_manager.py:601] - [log_device_operation] - [2026-01-30 18:27:45.319] [Thread-15300] 设备操作: u2_connect_attempt | 设备: 192.168.43.24:5555 | 详情: {'mode': 'u2', 'action': '尝试u2连接'}
2026-01-30 18:27:45 - ADBTools.U2ConnectThread - INFO - [u2_connect_thread.py:23] - [__init__] - U2ConnectThread初始化: 目标设备 192.168.43.24:5555
2026-01-30 18:27:45 - ADBTools.Thread - INFO - [logger_manager.py:640] - [log_thread_start] - [2026-01-30 18:27:45.323] [Thread-15300] 线程启动: U2ConnectThread | 详情: {'device_id': '192.168.43.24:5555', 'mode': 'u2'}
2026-01-30 18:27:45 - ADBTools.Thread - INFO - [logger_manager.py:640] - [log_thread_start] - [2026-01-30 18:27:45.323] [Thread-18428] 线程启动: U2ConnectThread | 详情: {'device_id': '192.168.43.24:5555'}
2026-01-30 18:27:45 - ADBTools.Device - INFO - [logger_manager.py:601] - [log_device_operation] - [2026-01-30 18:27:45.324] [Thread-18428] 设备操作: u2_connect_start | 设备: 192.168.43.24:5555 | 详情: {'mode': 'u2'}
2026-01-30 18:27:45 - ADBTools.ADB_Module - INFO - [ADB_module.py:1789] - [_on_refresh_thread_finished] - 设备列表刷新完成
2026-01-30 18:27:45 - ADBTools.U2ConnectThread - INFO - [u2_connect_thread.py:35] - [run] - 开始u2连接: 192.168.43.24:5555
2026-01-30 18:27:47 - ADBTools.U2ConnectThread - INFO - [u2_connect_thread.py:54] - [run] - u2连接成功: 192.168.43.24:5555 | 耗时: 2.471s
2026-01-30 18:27:47 - ADBTools.U2ConnectThread - INFO - [u2_connect_thread.py:55] - [run] - 设备信息: {'serial': '192.168.43.24:5555', 'model': 'Unknown', 'brand': 'Unknown', 'version': 'Unknown', 'sdk': 'Unknown', 'manufacturer': 'Unknown'}
2026-01-30 18:27:47 - ADBTools.Device - INFO - [logger_manager.py:601] - [log_device_operation] - [2026-01-30 18:27:47.795] [Thread-18428] 设备操作: u2_connect_success | 设备: 192.168.43.24:5555 | 详情: {'mode': 'u2', 'status': 'connected', 'device_info': {'serial': '192.168.43.24:5555', 'model': 'Unknown', 'brand': 'Unknown', 'version': 'Unknown', 'sdk': 'Unknown', 'manufacturer': 'Unknown'}, 'elapsed_time': 2.4710659980773926}
2026-01-30 18:27:47 - ADBTools.Thread - INFO - [logger_manager.py:658] - [log_thread_complete] - [2026-01-30 18:27:47.796] [Thread-18428] 线程完成: U2ConnectThread | 结果: success | 详情: {'device_id': '192.168.43.24:5555', 'elapsed_time': 2.4710659980773926, 'device_info': {'serial': '192.168.43.24:5555', 'model': 'Unknown', 'brand': 'Unknown', 'version': 'Unknown', 'sdk': 'Unknown', 'manufacturer': 'Unknown'}}
2026-01-30 18:27:47 - ADBTools.Device - INFO - [logger_manager.py:601] - [log_device_operation] - [2026-01-30 18:27:47.798] [Thread-15300] 设备操作: u2_connect_success | 设备: 192.168.43.24:5555 | 详情: {'mode': 'u2', 'status': 'connected'}
2026-01-30 18:27:47 - ADBTools.Thread - INFO - [logger_manager.py:658] - [log_thread_complete] - [2026-01-30 18:27:47.798] [Thread-15300] 线程完成: U2ConnectThread | 结果: success | 详情: {'device_id': '192.168.43.24:5555', 'mode': 'u2'}
2026-01-30 18:27:53 - ADBTools.ADB_Utils - DEBUG - [adb_utils.py:75] - [get_adb_path] - 使用缓存的ADB路径: D:\work_tools\adb-1\adb.exe
2026-01-30 18:27:53 - ADBTools.ADB_Utils - DEBUG - [adb_utils.py:154] - [run_adb_command] - [2026-01-30 18:27:53.578] [Thread-15300] 执行ADB命令 [全局]: devices
2026-01-30 18:27:53 - ADBTools.ADB_Utils - DEBUG - [adb_utils.py:173] - [run_adb_command] - [2026-01-30 18:27:53.578] [Thread-15300] ADB命令执行成功 [全局]: devices (耗时: 0.102s)
2026-01-30 18:27:53 - ADBTools.UI - INFO - [logger_manager.py:556] - [log_button_click] - [2026-01-30 18:27:53.681] [Thread-15300] 用户操作: 点击 list_package_button 按钮 -> 获取应用列表 (搜索: nng)
2026-01-30 18:27:54 - ADBTools.ADB_Module - INFO - [ADB_module.py:1548] - [_handle_list_package_results] - ✓ 找到 1 个应用
2026-01-30 18:27:54 - ADBTools.ADB_Module - INFO - [ADB_module.py:1552] - [_handle_list_package_results] -   1. com.nng.igo.primong, 版本号: 9.35.2.303306
2026-01-30 18:27:54 - ADBTools.Method - INFO - [logger_manager.py:578] - [log_method_result] - [2026-01-30 18:27:54.413] [Thread-15300] ✓ list_package 完成: 获取完成
2026-01-30 18:28:41 - ADBTools.ADB_Utils - DEBUG - [adb_utils.py:75] - [get_adb_path] - 使用缓存的ADB路径: D:\work_tools\adb-1\adb.exe
2026-01-30 18:28:41 - ADBTools.ADB_Utils - DEBUG - [adb_utils.py:154] - [run_adb_command] - [2026-01-30 18:28:41.609] [Thread-15300] 执行ADB命令 [全局]: devices
2026-01-30 18:28:41 - ADBTools.ADB_Utils - DEBUG - [adb_utils.py:173] - [run_adb_command] - [2026-01-30 18:28:41.609] [Thread-15300] ADB命令执行成功 [全局]: devices (耗时: 0.090s)
2026-01-30 18:28:41 - ADBTools.UI - INFO - [logger_manager.py:556] - [log_button_click] - [2026-01-30 18:28:41.700] [Thread-15300] 用户操作: 点击 force_stop_app 按钮 -> 强制停止应用
2026-01-30 18:29:04 - ADBTools.Method - ERROR - [logger_manager.py:585] - [log_method_result] - [2026-01-30 18:29:04.402] [Thread-15300] ✗ show_force_stop_app_dialog 失败: device offline
2026-01-30 18:36:24 - ADBTools.ADB_Utils - DEBUG - [adb_utils.py:75] - [get_adb_path] - 使用缓存的ADB路径: D:\work_tools\adb-1\adb.exe
2026-01-30 18:36:24 - ADBTools.ADB_Utils - DEBUG - [adb_utils.py:154] - [run_adb_command] - [2026-01-30 18:36:24.027] [Thread-15300] 执行ADB命令 [全局]: devices
2026-01-30 18:36:24 - ADBTools.ADB_Utils - DEBUG - [adb_utils.py:173] - [run_adb_command] - [2026-01-30 18:36:24.027] [Thread-15300] ADB命令执行成功 [全局]: devices (耗时: 0.081s)
2026-01-30 18:36:24 - ADBTools.UI - INFO - [logger_manager.py:556] - [log_button_click] - [2026-01-30 18:36:24.110] [Thread-15300] 用户操作: 点击 force_stop_app 按钮 -> 强制停止应用
2026-01-30 18:36:26 - ADBTools.ADB_Module - INFO - [ADB_module.py:2209] - [show_force_stop_app_dialog] - 强制停止应用: com.maxus.settings
2026-01-30 18:36:26 - ADBTools.Method - ERROR - [logger_manager.py:585] - [log_method_result] - [2026-01-30 18:36:26.511] [Thread-15300] ✗ show_force_stop_app_dialog 失败: 'ForceStopAppThread' object has no attribute 'result_signal'
2026-01-30 18:36:32 - ADBTools.UI - INFO - [logger_manager.py:556] - [log_button_click] - [2026-01-30 18:36:32.515] [Thread-15300] 用户操作: 点击 ComboxButton 按钮 -> 切换设备连接 (目标设备: 192.168.43.24:5555)
2026-01-30 18:36:32 - ADBTools.Device - INFO - [logger_manager.py:601] - [log_device_operation] - [2026-01-30 18:36:32.516] [Thread-15300] 设备操作: device_already_connected | 设备: 192.168.43.24:5555 | 详情: {'mode': 'u2', 'status': 'already_connected'}
2026-01-30 18:36:34 - ADBTools.ADB_Utils - DEBUG - [adb_utils.py:75] - [get_adb_path] - 使用缓存的ADB路径: D:\work_tools\adb-1\adb.exe
2026-01-30 18:36:34 - ADBTools.ADB_Utils - DEBUG - [adb_utils.py:154] - [run_adb_command] - [2026-01-30 18:36:34.236] [Thread-15300] 执行ADB命令 [全局]: devices
2026-01-30 18:36:34 - ADBTools.ADB_Utils - DEBUG - [adb_utils.py:173] - [run_adb_command] - [2026-01-30 18:36:34.236] [Thread-15300] ADB命令执行成功 [全局]: devices (耗时: 0.085s)
2026-01-30 18:36:34 - ADBTools.UI - INFO - [logger_manager.py:556] - [log_button_click] - [2026-01-30 18:36:34.322] [Thread-15300] 用户操作: 点击 force_stop_app 按钮 -> 强制停止应用
2026-01-30 18:36:35 - ADBTools.ADB_Module - INFO - [ADB_module.py:2209] - [show_force_stop_app_dialog] - 强制停止应用: com.maxus.settings
2026-01-30 18:36:35 - ADBTools.Method - ERROR - [logger_manager.py:585] - [log_method_result] - [2026-01-30 18:36:35.951] [Thread-15300] ✗ show_force_stop_app_dialog 失败: 'ForceStopAppThread' object has no attribute 'result_signal'
2026-01-30 18:36:43 - ADBTools.Main - INFO - [main.py:37] - [closeevent] - 应用程序正在关闭...
2026-01-30 18:36:43 - ADBTools.Main - INFO - [main.py:48] - [closeevent] - 应用程序已正常关闭
2026-01-30 18:36:43 - ADBTools.Main - INFO - [main.py:49] - [closeevent] - ================================================================================
2026-01-30 18:36:47 - ADBTools.Main - INFO - [main.py:19] - [main] - ================================================================================
2026-01-30 18:36:47 - ADBTools.Main - INFO - [main.py:20] - [main] - ADBTools 应用程序启动
2026-01-30 18:36:47 - ADBTools.Main - INFO - [main.py:21] - [main] - Python 版本: 3.10.16 | packaged by Anaconda, Inc. | (main, Dec 11 2024, 16:19:12) [MSC v.1929 64 bit (AMD64)]
2026-01-30 18:36:47 - ADBTools.Main - INFO - [main.py:22] - [main] - 工作目录: D:\Personal files\ADBTools
2026-01-30 18:36:47 - ADBTools.Main - INFO - [main.py:23] - [main] - ================================================================================
2026-01-30 18:36:47 - ADBTools.Main - INFO - [main.py:28] - [main] - 加载 ADB 主窗口模块...
2026-01-30 18:36:49 - ADBTools.ADB_Module - INFO - [ADB_module.py:108] - [__init__] - 初始化 ADB 主窗口...
2026-01-30 18:36:49 - ADBTools.UI - INFO - [logger_manager.py:556] - [log_button_click] - [2026-01-30 18:36:49.376] [Thread-3332] 用户操作: 点击 RefreshButton 按钮 -> 刷新设备列表
2026-01-30 18:36:49 - ADBTools.RefreshDevicesThread - INFO - [refresh_devices_thread.py:37] - [__init__] - 刷新设备列表线程初始化
2026-01-30 18:36:49 - ADBTools.Thread - INFO - [logger_manager.py:640] - [log_thread_start] - [2026-01-30 18:36:49.380] [Thread-3332] 线程启动: RefreshDevicesThread | 详情: {'action': '刷新设备列表'}
2026-01-30 18:36:49 - ADBTools.RefreshDevicesThread - INFO - [refresh_devices_thread.py:42] - [run] - 开始执行刷新设备列表操作
2026-01-30 18:36:49 - ADBTools.RefreshDevicesThread - INFO - [refresh_devices_thread.py:43] - [run] - ================================================================================
2026-01-30 18:36:49 - ADBTools.RefreshDevicesThread - INFO - [refresh_devices_thread.py:51] - [run] - 发送进度信号: 正在刷新设备列表...
2026-01-30 18:36:49 - ADBTools.RefreshDevicesThread - INFO - [refresh_devices_thread.py:54] - [run] - 准备执行 ADB 命令: devices
2026-01-30 18:36:49 - ADBTools.ADB_Utils - INFO - [adb_utils.py:78] - [get_adb_path] - 开始查找ADB可执行文件...
2026-01-30 18:36:49 - ADBTools.ADB_Utils - DEBUG - [adb_utils.py:82] - [get_adb_path] - ADB搜索路径: ['adb', 'adb.exe', './adb.exe', './tools/adb.exe', 'C:\\Program Files (x86)\\Android\\android-sdk\\platform-tools\\adb.exe', 'D:\\work_tools\\adb-1\\adb.exe']
2026-01-30 18:36:49 - ADBTools.Main - INFO - [main.py:32] - [main] - ADB 主窗口创建成功，版本: 1.6.4
2026-01-30 18:36:49 - ADBTools.ADB_Utils - INFO - [adb_utils.py:109] - [get_adb_path] - 找到ADB (系统PATH): D:\work_tools\adb-1\adb.exe
2026-01-30 18:36:49 - ADBTools.ADB_Utils - DEBUG - [adb_utils.py:154] - [run_adb_command] - [2026-01-30 18:36:49.450] [Thread-20748] 执行ADB命令 [全局]: devices
2026-01-30 18:36:49 - ADBTools.ADB_Utils - DEBUG - [adb_utils.py:173] - [run_adb_command] - [2026-01-30 18:36:49.450] [Thread-20748] ADB命令执行成功 [全局]: devices (耗时: 0.095s)
2026-01-30 18:36:49 - ADBTools.RefreshDevicesThread - INFO - [refresh_devices_thread.py:60] - [run] - ADB 命令执行完成，开始解析结果...
2026-01-30 18:36:49 - ADBTools.RefreshDevicesThread - INFO - [refresh_devices_thread.py:76] - [run] - ADB 命令返回内容长度: 50 字符
2026-01-30 18:36:49 - ADBTools.RefreshDevicesThread - INFO - [refresh_devices_thread.py:89] - [run] - ADB命令返回 2 行内容
2026-01-30 18:36:49 - ADBTools.RefreshDevicesThread - DEBUG - [refresh_devices_thread.py:95] - [run] - 解析第 1 行: List of devices attached
2026-01-30 18:36:49 - ADBTools.RefreshDevicesThread - DEBUG - [refresh_devices_thread.py:95] - [run] - 解析第 2 行: 192.168.43.24:5555	device
2026-01-30 18:36:49 - ADBTools.RefreshDevicesThread - INFO - [refresh_devices_thread.py:101] - [run] - ✓ 发现设备: 192.168.43.24:5555 (状态: device)
2026-01-30 18:36:49 - ADBTools.RefreshDevicesThread - INFO - [refresh_devices_thread.py:107] - [run] - 设备解析完成，共找到 1 个设备
2026-01-30 18:36:49 - ADBTools.RefreshDevicesThread - INFO - [refresh_devices_thread.py:112] - [run] - 设备列表:
2026-01-30 18:36:49 - ADBTools.RefreshDevicesThread - INFO - [refresh_devices_thread.py:114] - [run] -   - 192.168.43.24:5555
2026-01-30 18:36:49 - ADBTools.RefreshDevicesThread - INFO - [refresh_devices_thread.py:133] - [run] - ================================================================================
2026-01-30 18:36:49 - ADBTools.RefreshDevicesThread - INFO - [refresh_devices_thread.py:134] - [run] - 刷新设备列表操作完成
2026-01-30 18:36:49 - ADBTools.RefreshDevicesThread - INFO - [refresh_devices_thread.py:135] - [run] - ================================================================================
2026-01-30 18:36:49 - ADBTools.Device - INFO - [logger_manager.py:601] - [log_device_operation] - [2026-01-30 18:36:49.551] [Thread-3332] 设备操作: u2_connect_attempt | 设备: 192.168.43.24:5555 | 详情: {'mode': 'u2', 'action': '尝试u2连接'}
2026-01-30 18:36:49 - ADBTools.U2ConnectThread - INFO - [u2_connect_thread.py:23] - [__init__] - U2ConnectThread初始化: 目标设备 192.168.43.24:5555
2026-01-30 18:36:49 - ADBTools.Thread - INFO - [logger_manager.py:640] - [log_thread_start] - [2026-01-30 18:36:49.552] [Thread-3332] 线程启动: U2ConnectThread | 详情: {'device_id': '192.168.43.24:5555', 'mode': 'u2'}
2026-01-30 18:36:49 - ADBTools.Thread - INFO - [logger_manager.py:640] - [log_thread_start] - [2026-01-30 18:36:49.553] [Thread-18620] 线程启动: U2ConnectThread | 详情: {'device_id': '192.168.43.24:5555'}
2026-01-30 18:36:49 - ADBTools.ADB_Module - INFO - [ADB_module.py:1789] - [_on_refresh_thread_finished] - 设备列表刷新完成
2026-01-30 18:36:49 - ADBTools.Device - INFO - [logger_manager.py:601] - [log_device_operation] - [2026-01-30 18:36:49.553] [Thread-18620] 设备操作: u2_connect_start | 设备: 192.168.43.24:5555 | 详情: {'mode': 'u2'}
2026-01-30 18:36:49 - ADBTools.U2ConnectThread - INFO - [u2_connect_thread.py:35] - [run] - 开始u2连接: 192.168.43.24:5555
2026-01-30 18:36:53 - ADBTools.U2ConnectThread - INFO - [u2_connect_thread.py:54] - [run] - u2连接成功: 192.168.43.24:5555 | 耗时: 3.984s
2026-01-30 18:36:53 - ADBTools.U2ConnectThread - INFO - [u2_connect_thread.py:55] - [run] - 设备信息: {'serial': '192.168.43.24:5555', 'model': 'Unknown', 'brand': 'Unknown', 'version': 'Unknown', 'sdk': 'Unknown', 'manufacturer': 'Unknown'}
2026-01-30 18:36:53 - ADBTools.Device - INFO - [logger_manager.py:601] - [log_device_operation] - [2026-01-30 18:36:53.538] [Thread-18620] 设备操作: u2_connect_success | 设备: 192.168.43.24:5555 | 详情: {'mode': 'u2', 'status': 'connected', 'device_info': {'serial': '192.168.43.24:5555', 'model': 'Unknown', 'brand': 'Unknown', 'version': 'Unknown', 'sdk': 'Unknown', 'manufacturer': 'Unknown'}, 'elapsed_time': 3.9838619232177734}
2026-01-30 18:36:53 - ADBTools.Thread - INFO - [logger_manager.py:658] - [log_thread_complete] - [2026-01-30 18:36:53.538] [Thread-18620] 线程完成: U2ConnectThread | 结果: success | 详情: {'device_id': '192.168.43.24:5555', 'elapsed_time': 3.9838619232177734, 'device_info': {'serial': '192.168.43.24:5555', 'model': 'Unknown', 'brand': 'Unknown', 'version': 'Unknown', 'sdk': 'Unknown', 'manufacturer': 'Unknown'}}
2026-01-30 18:36:53 - ADBTools.Device - INFO - [logger_manager.py:601] - [log_device_operation] - [2026-01-30 18:36:53.539] [Thread-3332] 设备操作: u2_connect_success | 设备: 192.168.43.24:5555 | 详情: {'mode': 'u2', 'status': 'connected'}
2026-01-30 18:36:53 - ADBTools.Thread - INFO - [logger_manager.py:658] - [log_thread_complete] - [2026-01-30 18:36:53.540] [Thread-3332] 线程完成: U2ConnectThread | 结果: success | 详情: {'device_id': '192.168.43.24:5555', 'mode': 'u2'}
2026-01-30 18:36:58 - ADBTools.Main - INFO - [main.py:37] - [closeevent] - 应用程序正在关闭...
2026-01-30 18:36:58 - ADBTools.Main - INFO - [main.py:48] - [closeevent] - 应用程序已正常关闭
2026-01-30 18:36:58 - ADBTools.Main - INFO - [main.py:49] - [closeevent] - ================================================================================
