2026-01-28 16:41:25 - ADBTools.Main - INFO - [main.py:19] - [main] - ================================================================================
2026-01-28 16:41:25 - ADBTools.Main - INFO - [main.py:20] - [main] - ADBTools 应用程序启动
2026-01-28 16:41:25 - ADBTools.Main - INFO - [main.py:21] - [main] - Python 版本: 3.10.16 | packaged by Anaconda, Inc. | (main, Dec 11 2024, 16:19:12) [MSC v.1929 64 bit (AMD64)]
2026-01-28 16:41:25 - ADBTools.Main - INFO - [main.py:22] - [main] - 工作目录: D:\Personal files\ADBTools
2026-01-28 16:41:25 - ADBTools.Main - INFO - [main.py:23] - [main] - ================================================================================
2026-01-28 16:41:25 - ADBTools.Main - INFO - [main.py:28] - [main] - 加载 ADB 主窗口模块...
2026-01-28 16:41:27 - ADBTools.ADB_Module - INFO - [ADB_module.py:108] - [__init__] - 初始化 ADB 主窗口...
2026-01-28 16:41:28 - ADBTools.UI - INFO - [logger_manager.py:556] - [log_button_click] - [2026-01-28 16:41:28.173] [Thread-47700] 用户操作: 点击 RefreshButton 按钮 -> 刷新设备列表
2026-01-28 16:41:28 - ADBTools.RefreshDevicesThread - INFO - [refresh_devices_thread.py:37] - [__init__] - 刷新设备列表线程初始化
2026-01-28 16:41:28 - ADBTools.Thread - INFO - [logger_manager.py:640] - [log_thread_start] - [2026-01-28 16:41:28.178] [Thread-47700] 线程启动: RefreshDevicesThread | 详情: {'action': '刷新设备列表'}
2026-01-28 16:41:28 - ADBTools.RefreshDevicesThread - INFO - [refresh_devices_thread.py:42] - [run] - 开始执行刷新设备列表操作
2026-01-28 16:41:28 - ADBTools.RefreshDevicesThread - INFO - [refresh_devices_thread.py:43] - [run] - ================================================================================
2026-01-28 16:41:28 - ADBTools.RefreshDevicesThread - INFO - [refresh_devices_thread.py:51] - [run] - 发送进度信号: 正在刷新设备列表...
2026-01-28 16:41:28 - ADBTools.RefreshDevicesThread - INFO - [refresh_devices_thread.py:54] - [run] - 准备执行 ADB 命令: devices
2026-01-28 16:41:28 - ADBTools.ADB_Utils - INFO - [adb_utils.py:78] - [get_adb_path] - 开始查找ADB可执行文件...
2026-01-28 16:41:28 - ADBTools.Main - INFO - [main.py:32] - [main] - ADB 主窗口创建成功，版本: 1.6.4
2026-01-28 16:41:28 - ADBTools.ADB_Utils - DEBUG - [adb_utils.py:82] - [get_adb_path] - ADB搜索路径: ['adb', 'adb.exe', './adb.exe', './tools/adb.exe', 'C:\\Program Files (x86)\\Android\\android-sdk\\platform-tools\\adb.exe', 'D:\\work_tools\\adb-1\\adb.exe']
2026-01-28 16:41:28 - ADBTools.ADB_Utils - INFO - [adb_utils.py:109] - [get_adb_path] - 找到ADB (系统PATH): D:\work_tools\adb-1\adb.exe
2026-01-28 16:41:28 - ADBTools.ADB_Utils - DEBUG - [adb_utils.py:154] - [run_adb_command] - [2026-01-28 16:41:28.323] [Thread-43380] 执行ADB命令 [全局]: devices
2026-01-28 16:41:28 - ADBTools.ADB_Utils - DEBUG - [adb_utils.py:173] - [run_adb_command] - [2026-01-28 16:41:28.323] [Thread-43380] ADB命令执行成功 [全局]: devices (耗时: 0.144s)
2026-01-28 16:41:28 - ADBTools.RefreshDevicesThread - INFO - [refresh_devices_thread.py:60] - [run] - ADB 命令执行完成，开始解析结果...
2026-01-28 16:41:28 - ADBTools.RefreshDevicesThread - INFO - [refresh_devices_thread.py:76] - [run] - ADB 命令返回内容长度: 49 字符
2026-01-28 16:41:28 - ADBTools.RefreshDevicesThread - INFO - [refresh_devices_thread.py:89] - [run] - ADB命令返回 2 行内容
2026-01-28 16:41:28 - ADBTools.RefreshDevicesThread - DEBUG - [refresh_devices_thread.py:95] - [run] - 解析第 1 行: List of devices attached
2026-01-28 16:41:28 - ADBTools.RefreshDevicesThread - DEBUG - [refresh_devices_thread.py:95] - [run] - 解析第 2 行: GFEDCBA0987654321	device
2026-01-28 16:41:28 - ADBTools.RefreshDevicesThread - INFO - [refresh_devices_thread.py:101] - [run] - ✓ 发现设备: GFEDCBA0987654321 (状态: device)
2026-01-28 16:41:28 - ADBTools.RefreshDevicesThread - INFO - [refresh_devices_thread.py:107] - [run] - 设备解析完成，共找到 1 个设备
2026-01-28 16:41:28 - ADBTools.RefreshDevicesThread - INFO - [refresh_devices_thread.py:112] - [run] - 设备列表:
2026-01-28 16:41:28 - ADBTools.RefreshDevicesThread - INFO - [refresh_devices_thread.py:114] - [run] -   - GFEDCBA0987654321
2026-01-28 16:41:28 - ADBTools.RefreshDevicesThread - INFO - [refresh_devices_thread.py:133] - [run] - ================================================================================
2026-01-28 16:41:28 - ADBTools.RefreshDevicesThread - INFO - [refresh_devices_thread.py:134] - [run] - 刷新设备列表操作完成
2026-01-28 16:41:28 - ADBTools.RefreshDevicesThread - INFO - [refresh_devices_thread.py:135] - [run] - ================================================================================
2026-01-28 16:41:28 - ADBTools.Device - INFO - [logger_manager.py:601] - [log_device_operation] - [2026-01-28 16:41:28.474] [Thread-47700] 设备操作: u2_connect_attempt | 设备: GFEDCBA0987654321 | 详情: {'mode': 'u2', 'action': '尝试u2连接'}
2026-01-28 16:41:28 - ADBTools.U2ConnectThread - INFO - [u2_connect_thread.py:23] - [__init__] - U2ConnectThread初始化: 目标设备 GFEDCBA0987654321
2026-01-28 16:41:28 - ADBTools.Thread - INFO - [logger_manager.py:640] - [log_thread_start] - [2026-01-28 16:41:28.476] [Thread-47700] 线程启动: U2ConnectThread | 详情: {'device_id': 'GFEDCBA0987654321', 'mode': 'u2'}
2026-01-28 16:41:28 - ADBTools.Thread - INFO - [logger_manager.py:640] - [log_thread_start] - [2026-01-28 16:41:28.476] [Thread-8112] 线程启动: U2ConnectThread | 详情: {'device_id': 'GFEDCBA0987654321'}
2026-01-28 16:41:28 - ADBTools.ADB_Module - INFO - [ADB_module.py:1767] - [_on_refresh_thread_finished] - 设备列表刷新完成
2026-01-28 16:41:28 - ADBTools.Device - INFO - [logger_manager.py:601] - [log_device_operation] - [2026-01-28 16:41:28.477] [Thread-8112] 设备操作: u2_connect_start | 设备: GFEDCBA0987654321 | 详情: {'mode': 'u2'}
2026-01-28 16:41:28 - ADBTools.U2ConnectThread - INFO - [u2_connect_thread.py:35] - [run] - 开始u2连接: GFEDCBA0987654321
2026-01-28 16:42:31 - ADBTools.U2ConnectThread - ERROR - [u2_connect_thread.py:123] - [run] - u2连接异常: adb read timeout | 耗时: 62.657s
2026-01-28 16:42:31 - ADBTools.U2ConnectThread - ERROR - [u2_connect_thread.py:124] - [run] - u2连接异常详情:
Traceback (most recent call last):
  File "C:\Users\wangke\.conda\envs\adbtools_env\lib\site-packages\urllib3\connectionpool.py", line 787, in urlopen
    response = self._make_request(
  File "C:\Users\wangke\.conda\envs\adbtools_env\lib\site-packages\urllib3\connectionpool.py", line 534, in _make_request
    response = conn.getresponse()
  File "C:\Users\wangke\.conda\envs\adbtools_env\lib\site-packages\urllib3\connection.py", line 516, in getresponse
    httplib_response = super().getresponse()
  File "C:\Users\wangke\.conda\envs\adbtools_env\lib\http\client.py", line 1375, in getresponse
    response.begin()
  File "C:\Users\wangke\.conda\envs\adbtools_env\lib\http\client.py", line 318, in begin
    version, status, reason = self._read_status()
  File "C:\Users\wangke\.conda\envs\adbtools_env\lib\http\client.py", line 287, in _read_status
    raise RemoteDisconnected("Remote end closed connection without"
http.client.RemoteDisconnected: Remote end closed connection without response

During handling of the above exception, another exception occurred:

Traceback (most recent call last):
  File "C:\Users\wangke\.conda\envs\adbtools_env\lib\site-packages\requests\adapters.py", line 667, in send
    resp = conn.urlopen(
  File "C:\Users\wangke\.conda\envs\adbtools_env\lib\site-packages\urllib3\connectionpool.py", line 841, in urlopen
    retries = retries.increment(
  File "C:\Users\wangke\.conda\envs\adbtools_env\lib\site-packages\urllib3\util\retry.py", line 474, in increment
    raise reraise(type(error), error, _stacktrace)
  File "C:\Users\wangke\.conda\envs\adbtools_env\lib\site-packages\urllib3\util\util.py", line 38, in reraise
    raise value.with_traceback(tb)
  File "C:\Users\wangke\.conda\envs\adbtools_env\lib\site-packages\urllib3\connectionpool.py", line 787, in urlopen
    response = self._make_request(
  File "C:\Users\wangke\.conda\envs\adbtools_env\lib\site-packages\urllib3\connectionpool.py", line 534, in _make_request
    response = conn.getresponse()
  File "C:\Users\wangke\.conda\envs\adbtools_env\lib\site-packages\urllib3\connection.py", line 516, in getresponse
    httplib_response = super().getresponse()
  File "C:\Users\wangke\.conda\envs\adbtools_env\lib\http\client.py", line 1375, in getresponse
    response.begin()
  File "C:\Users\wangke\.conda\envs\adbtools_env\lib\http\client.py", line 318, in begin
    version, status, reason = self._read_status()
  File "C:\Users\wangke\.conda\envs\adbtools_env\lib\http\client.py", line 287, in _read_status
    raise RemoteDisconnected("Remote end closed connection without"
urllib3.exceptions.ProtocolError: ('Connection aborted.', RemoteDisconnected('Remote end closed connection without response'))

During handling of the above exception, another exception occurred:

Traceback (most recent call last):
  File "C:\Users\wangke\.conda\envs\adbtools_env\lib\site-packages\uiautomator2\__init__.py", line 290, in _prepare_atx_agent
    version = requests.get(version_url, timeout=3).text
  File "C:\Users\wangke\.conda\envs\adbtools_env\lib\site-packages\requests\api.py", line 73, in get
    return request("get", url, params=params, **kwargs)
  File "C:\Users\wangke\.conda\envs\adbtools_env\lib\site-packages\requests\api.py", line 59, in request
    return session.request(method=method, url=url, **kwargs)
  File "C:\Users\wangke\.conda\envs\adbtools_env\lib\site-packages\requests\sessions.py", line 589, in request
    resp = self.send(prep, **send_kwargs)
  File "C:\Users\wangke\.conda\envs\adbtools_env\lib\site-packages\requests\sessions.py", line 703, in send
    r = adapter.send(request, **kwargs)
  File "C:\Users\wangke\.conda\envs\adbtools_env\lib\site-packages\requests\adapters.py", line 682, in send
    raise ConnectionError(err, request=request)
requests.exceptions.ConnectionError: ('Connection aborted.', RemoteDisconnected('Remote end closed connection without response'))

During handling of the above exception, another exception occurred:

Traceback (most recent call last):
  File "C:\Users\wangke\.conda\envs\adbtools_env\lib\site-packages\adbutils\_adb.py", line 88, in read
    return self._read_fully(n)
  File "C:\Users\wangke\.conda\envs\adbtools_env\lib\site-packages\adbutils\_adb.py", line 96, in _read_fully
    chunk = self.conn.recv(t)
TimeoutError: timed out

During handling of the above exception, another exception occurred:

Traceback (most recent call last):
  File "D:\Personal files\ADBTools\Function_Moudle\u2_connect_thread.py", line 38, in run
    d = u2.connect(self.device_id)
  File "C:\Users\wangke\.conda\envs\adbtools_env\lib\site-packages\uiautomator2\__init__.py", line 1864, in connect
    return connect_usb(addr)
  File "C:\Users\wangke\.conda\envs\adbtools_env\lib\site-packages\uiautomator2\__init__.py", line 1905, in connect_usb
    return Device(serial)
  File "C:\Users\wangke\.conda\envs\adbtools_env\lib\site-packages\uiautomator2\__init__.py", line 242, in __init__
    wlan_ip = self.wlan_ip
  File "C:\Users\wangke\.conda\envs\adbtools_env\lib\site-packages\uiautomator2\__init__.py", line 421, in wlan_ip
    ip = self.http.get("/wlan/ip").text.strip()
  File "C:\Users\wangke\.conda\envs\adbtools_env\lib\site-packages\requests\sessions.py", line 602, in get
    return self.request("GET", url, **kwargs)
  File "C:\Users\wangke\.conda\envs\adbtools_env\lib\site-packages\uiautomator2\__init__.py", line 208, in request
    self.__client._prepare_atx_agent()
  File "C:\Users\wangke\.conda\envs\adbtools_env\lib\site-packages\uiautomator2\__init__.py", line 294, in _prepare_atx_agent
    self._setup_atx_agent()
  File "C:\Users\wangke\.conda\envs\adbtools_env\lib\site-packages\uiautomator2\__init__.py", line 305, in _setup_atx_agent
    _initer.install()
  File "C:\Users\wangke\.conda\envs\adbtools_env\lib\site-packages\uiautomator2\init.py", line 367, in install
    self._install_uiautomator_apks()
  File "C:\Users\wangke\.conda\envs\adbtools_env\lib\site-packages\uiautomator2\init.py", line 323, in _install_uiautomator_apks
    self.shell("pm", "uninstall", "com.github.uiautomator")
  File "C:\Users\wangke\.conda\envs\adbtools_env\lib\site-packages\uiautomator2\init.py", line 168, in shell
    return self._device.shell(args, timeout=60)
  File "C:\Users\wangke\.conda\envs\adbtools_env\lib\site-packages\adbutils\_device.py", line 186, in shell
    output = c.read_until_close()
  File "C:\Users\wangke\.conda\envs\adbtools_env\lib\site-packages\adbutils\_adb.py", line 124, in read_until_close
    chunk = self.read(4096)
  File "C:\Users\wangke\.conda\envs\adbtools_env\lib\site-packages\adbutils\_adb.py", line 90, in read
    raise AdbTimeout("adb read timeout")
adbutils.errors.AdbTimeout: adb read timeout
2026-01-28 16:42:31 - ADBTools.Device - INFO - [logger_manager.py:601] - [log_device_operation] - [2026-01-28 16:42:31.153] [Thread-8112] 设备操作: u2_connect_exception | 设备: GFEDCBA0987654321 | 详情: {'mode': 'u2', 'status': 'error', 'error': 'adb read timeout', 'elapsed_time': 62.65731978416443}
2026-01-28 16:42:31 - ADBTools.Thread - ERROR - [logger_manager.py:660] - [log_thread_complete] - [2026-01-28 16:42:31.154] [Thread-8112] 线程完成: U2ConnectThread | 结果: error | 详情: {'device_id': 'GFEDCBA0987654321', 'elapsed_time': 62.65731978416443, 'error': 'adb read timeout'}
2026-01-28 16:42:31 - ADBTools.Device - INFO - [logger_manager.py:601] - [log_device_operation] - [2026-01-28 16:42:31.156] [Thread-47700] 设备操作: u2_connect_failed | 设备: GFEDCBA0987654321 | 详情: {'mode': 'adb', 'reason': 'u2连接失败'}
2026-01-28 16:42:31 - ADBTools.Thread - ERROR - [logger_manager.py:660] - [log_thread_complete] - [2026-01-28 16:42:31.157] [Thread-47700] 线程完成: U2ConnectThread | 结果: failed | 详情: {'device_id': 'GFEDCBA0987654321', 'fallback_mode': 'adb'}
2026-01-28 16:51:11 - ADBTools.Main - INFO - [main.py:37] - [closeevent] - 应用程序正在关闭...
2026-01-28 16:51:11 - ADBTools.Main - INFO - [main.py:48] - [closeevent] - 应用程序已正常关闭
2026-01-28 16:51:11 - ADBTools.Main - INFO - [main.py:49] - [closeevent] - ================================================================================
2026-01-28 17:11:43 - ADBTools.Main - INFO - [main.py:19] - [main] - ================================================================================
2026-01-28 17:11:43 - ADBTools.Main - INFO - [main.py:20] - [main] - ADBTools 应用程序启动
2026-01-28 17:11:43 - ADBTools.Main - INFO - [main.py:21] - [main] - Python 版本: 3.10.16 | packaged by Anaconda, Inc. | (main, Dec 11 2024, 16:19:12) [MSC v.1929 64 bit (AMD64)]
2026-01-28 17:11:43 - ADBTools.Main - INFO - [main.py:22] - [main] - 工作目录: D:\Personal files\ADBTools
2026-01-28 17:11:43 - ADBTools.Main - INFO - [main.py:23] - [main] - ================================================================================
2026-01-28 17:11:43 - ADBTools.Main - INFO - [main.py:28] - [main] - 加载 ADB 主窗口模块...
2026-01-28 17:11:44 - ADBTools.ADB_Module - INFO - [ADB_module.py:108] - [__init__] - 初始化 ADB 主窗口...
2026-01-28 17:11:44 - ADBTools.UI - INFO - [logger_manager.py:556] - [log_button_click] - [2026-01-28 17:11:44.988] [Thread-73872] 用户操作: 点击 RefreshButton 按钮 -> 刷新设备列表
2026-01-28 17:11:44 - ADBTools.RefreshDevicesThread - INFO - [refresh_devices_thread.py:37] - [__init__] - 刷新设备列表线程初始化
2026-01-28 17:11:44 - ADBTools.RefreshDevicesThread - INFO - [refresh_devices_thread.py:41] - [run] - ================================================================================
2026-01-28 17:11:44 - ADBTools.Thread - INFO - [logger_manager.py:640] - [log_thread_start] - [2026-01-28 17:11:44.992] [Thread-73872] 线程启动: RefreshDevicesThread | 详情: {'action': '刷新设备列表'}
2026-01-28 17:11:44 - ADBTools.RefreshDevicesThread - INFO - [refresh_devices_thread.py:42] - [run] - 开始执行刷新设备列表操作
2026-01-28 17:11:44 - ADBTools.RefreshDevicesThread - INFO - [refresh_devices_thread.py:43] - [run] - ================================================================================
2026-01-28 17:11:44 - ADBTools.RefreshDevicesThread - INFO - [refresh_devices_thread.py:51] - [run] - 发送进度信号: 正在刷新设备列表...
2026-01-28 17:11:44 - ADBTools.RefreshDevicesThread - INFO - [refresh_devices_thread.py:54] - [run] - 准备执行 ADB 命令: devices
2026-01-28 17:11:44 - ADBTools.ADB_Utils - INFO - [adb_utils.py:78] - [get_adb_path] - 开始查找ADB可执行文件...
2026-01-28 17:11:44 - ADBTools.ADB_Utils - DEBUG - [adb_utils.py:82] - [get_adb_path] - ADB搜索路径: ['adb', 'adb.exe', './adb.exe', './tools/adb.exe', 'C:\\Program Files (x86)\\Android\\android-sdk\\platform-tools\\adb.exe', 'D:\\work_tools\\adb-1\\adb.exe']
2026-01-28 17:11:44 - ADBTools.Main - INFO - [main.py:32] - [main] - ADB 主窗口创建成功，版本: 1.6.4
2026-01-28 17:11:45 - ADBTools.ADB_Utils - INFO - [adb_utils.py:109] - [get_adb_path] - 找到ADB (系统PATH): D:\work_tools\adb-1\adb.exe
2026-01-28 17:11:45 - ADBTools.ADB_Utils - DEBUG - [adb_utils.py:154] - [run_adb_command] - [2026-01-28 17:11:45.086] [Thread-65584] 执行ADB命令 [全局]: devices
2026-01-28 17:11:45 - ADBTools.ADB_Utils - DEBUG - [adb_utils.py:173] - [run_adb_command] - [2026-01-28 17:11:45.086] [Thread-65584] ADB命令执行成功 [全局]: devices (耗时: 0.121s)
2026-01-28 17:11:45 - ADBTools.RefreshDevicesThread - INFO - [refresh_devices_thread.py:60] - [run] - ADB 命令执行完成，开始解析结果...
2026-01-28 17:11:45 - ADBTools.RefreshDevicesThread - INFO - [refresh_devices_thread.py:76] - [run] - ADB 命令返回内容长度: 49 字符
2026-01-28 17:11:45 - ADBTools.RefreshDevicesThread - INFO - [refresh_devices_thread.py:89] - [run] - ADB命令返回 2 行内容
2026-01-28 17:11:45 - ADBTools.RefreshDevicesThread - DEBUG - [refresh_devices_thread.py:95] - [run] - 解析第 1 行: List of devices attached
2026-01-28 17:11:45 - ADBTools.RefreshDevicesThread - DEBUG - [refresh_devices_thread.py:95] - [run] - 解析第 2 行: GFEDCBA0987654321	device
2026-01-28 17:11:45 - ADBTools.RefreshDevicesThread - INFO - [refresh_devices_thread.py:101] - [run] - ✓ 发现设备: GFEDCBA0987654321 (状态: device)
2026-01-28 17:11:45 - ADBTools.RefreshDevicesThread - INFO - [refresh_devices_thread.py:107] - [run] - 设备解析完成，共找到 1 个设备
2026-01-28 17:11:45 - ADBTools.RefreshDevicesThread - INFO - [refresh_devices_thread.py:112] - [run] - 设备列表:
2026-01-28 17:11:45 - ADBTools.RefreshDevicesThread - INFO - [refresh_devices_thread.py:114] - [run] -   - GFEDCBA0987654321
2026-01-28 17:11:45 - ADBTools.RefreshDevicesThread - INFO - [refresh_devices_thread.py:133] - [run] - ================================================================================
2026-01-28 17:11:45 - ADBTools.RefreshDevicesThread - INFO - [refresh_devices_thread.py:134] - [run] - 刷新设备列表操作完成
2026-01-28 17:11:45 - ADBTools.RefreshDevicesThread - INFO - [refresh_devices_thread.py:135] - [run] - ================================================================================
2026-01-28 17:11:45 - ADBTools.Device - INFO - [logger_manager.py:601] - [log_device_operation] - [2026-01-28 17:11:45.252] [Thread-73872] 设备操作: u2_connect_attempt | 设备: GFEDCBA0987654321 | 详情: {'mode': 'u2', 'action': '尝试u2连接'}
2026-01-28 17:11:45 - ADBTools.U2ConnectThread - INFO - [u2_connect_thread.py:23] - [__init__] - U2ConnectThread初始化: 目标设备 GFEDCBA0987654321
2026-01-28 17:11:45 - ADBTools.Thread - INFO - [logger_manager.py:640] - [log_thread_start] - [2026-01-28 17:11:45.254] [Thread-73872] 线程启动: U2ConnectThread | 详情: {'device_id': 'GFEDCBA0987654321', 'mode': 'u2'}
2026-01-28 17:11:45 - ADBTools.Thread - INFO - [logger_manager.py:640] - [log_thread_start] - [2026-01-28 17:11:45.254] [Thread-49916] 线程启动: U2ConnectThread | 详情: {'device_id': 'GFEDCBA0987654321'}
2026-01-28 17:11:45 - ADBTools.ADB_Module - INFO - [ADB_module.py:1767] - [_on_refresh_thread_finished] - 设备列表刷新完成
2026-01-28 17:11:45 - ADBTools.Device - INFO - [logger_manager.py:601] - [log_device_operation] - [2026-01-28 17:11:45.255] [Thread-49916] 设备操作: u2_connect_start | 设备: GFEDCBA0987654321 | 详情: {'mode': 'u2'}
2026-01-28 17:11:45 - ADBTools.U2ConnectThread - INFO - [u2_connect_thread.py:35] - [run] - 开始u2连接: GFEDCBA0987654321
2026-01-28 17:11:46 - ADBTools.U2ConnectThread - INFO - [u2_connect_thread.py:54] - [run] - u2连接成功: GFEDCBA0987654321 | 耗时: 1.391s
2026-01-28 17:11:46 - ADBTools.U2ConnectThread - INFO - [u2_connect_thread.py:55] - [run] - 设备信息: {'serial': 'GFEDCBA0987654321', 'model': 'Unknown', 'brand': 'Unknown', 'version': 'Unknown', 'sdk': 'Unknown', 'manufacturer': 'Unknown'}
2026-01-28 17:11:46 - ADBTools.Device - INFO - [logger_manager.py:601] - [log_device_operation] - [2026-01-28 17:11:46.646] [Thread-49916] 设备操作: u2_connect_success | 设备: GFEDCBA0987654321 | 详情: {'mode': 'u2', 'status': 'connected', 'device_info': {'serial': 'GFEDCBA0987654321', 'model': 'Unknown', 'brand': 'Unknown', 'version': 'Unknown', 'sdk': 'Unknown', 'manufacturer': 'Unknown'}, 'elapsed_time': 1.3910081386566162}
2026-01-28 17:11:46 - ADBTools.Thread - INFO - [logger_manager.py:658] - [log_thread_complete] - [2026-01-28 17:11:46.646] [Thread-49916] 线程完成: U2ConnectThread | 结果: success | 详情: {'device_id': 'GFEDCBA0987654321', 'elapsed_time': 1.3910081386566162, 'device_info': {'serial': 'GFEDCBA0987654321', 'model': 'Unknown', 'brand': 'Unknown', 'version': 'Unknown', 'sdk': 'Unknown', 'manufacturer': 'Unknown'}}
2026-01-28 17:11:46 - ADBTools.Device - INFO - [logger_manager.py:601] - [log_device_operation] - [2026-01-28 17:11:46.648] [Thread-73872] 设备操作: u2_connect_success | 设备: GFEDCBA0987654321 | 详情: {'mode': 'u2', 'status': 'connected'}
2026-01-28 17:11:46 - ADBTools.Thread - INFO - [logger_manager.py:658] - [log_thread_complete] - [2026-01-28 17:11:46.648] [Thread-73872] 线程完成: U2ConnectThread | 结果: success | 详情: {'device_id': 'GFEDCBA0987654321', 'mode': 'u2'}
2026-01-28 17:11:55 - ADBTools.Main - INFO - [main.py:37] - [closeevent] - 应用程序正在关闭...
2026-01-28 17:11:55 - ADBTools.Main - INFO - [main.py:48] - [closeevent] - 应用程序已正常关闭
2026-01-28 17:11:55 - ADBTools.Main - INFO - [main.py:49] - [closeevent] - ================================================================================
2026-01-28 17:34:46 - ADBTools.Main - INFO - [main.py:19] - [main] - ================================================================================
2026-01-28 17:34:46 - ADBTools.Main - INFO - [main.py:20] - [main] - ADBTools 应用程序启动
2026-01-28 17:34:46 - ADBTools.Main - INFO - [main.py:21] - [main] - Python 版本: 3.10.16 | packaged by Anaconda, Inc. | (main, Dec 11 2024, 16:19:12) [MSC v.1929 64 bit (AMD64)]
2026-01-28 17:34:46 - ADBTools.Main - INFO - [main.py:22] - [main] - 工作目录: D:\Personal files\ADBTools
2026-01-28 17:34:46 - ADBTools.Main - INFO - [main.py:23] - [main] - ================================================================================
2026-01-28 17:34:46 - ADBTools.Main - INFO - [main.py:28] - [main] - 加载 ADB 主窗口模块...
2026-01-28 17:34:48 - ADBTools.ADB_Module - INFO - [ADB_module.py:108] - [__init__] - 初始化 ADB 主窗口...
2026-01-28 17:34:48 - ADBTools.UI - INFO - [logger_manager.py:556] - [log_button_click] - [2026-01-28 17:34:48.495] [Thread-36196] 用户操作: 点击 RefreshButton 按钮 -> 刷新设备列表
2026-01-28 17:34:48 - ADBTools.RefreshDevicesThread - INFO - [refresh_devices_thread.py:37] - [__init__] - 刷新设备列表线程初始化
2026-01-28 17:34:48 - ADBTools.RefreshDevicesThread - INFO - [refresh_devices_thread.py:41] - [run] - ================================================================================
2026-01-28 17:34:48 - ADBTools.Thread - INFO - [logger_manager.py:640] - [log_thread_start] - [2026-01-28 17:34:48.500] [Thread-36196] 线程启动: RefreshDevicesThread | 详情: {'action': '刷新设备列表'}
2026-01-28 17:34:48 - ADBTools.RefreshDevicesThread - INFO - [refresh_devices_thread.py:42] - [run] - 开始执行刷新设备列表操作
2026-01-28 17:34:48 - ADBTools.RefreshDevicesThread - INFO - [refresh_devices_thread.py:43] - [run] - ================================================================================
2026-01-28 17:34:48 - ADBTools.RefreshDevicesThread - INFO - [refresh_devices_thread.py:51] - [run] - 发送进度信号: 正在刷新设备列表...
2026-01-28 17:34:48 - ADBTools.RefreshDevicesThread - INFO - [refresh_devices_thread.py:54] - [run] - 准备执行 ADB 命令: devices
2026-01-28 17:34:48 - ADBTools.ADB_Utils - INFO - [adb_utils.py:78] - [get_adb_path] - 开始查找ADB可执行文件...
2026-01-28 17:34:48 - ADBTools.ADB_Utils - DEBUG - [adb_utils.py:82] - [get_adb_path] - ADB搜索路径: ['adb', 'adb.exe', './adb.exe', './tools/adb.exe', 'C:\\Program Files (x86)\\Android\\android-sdk\\platform-tools\\adb.exe', 'D:\\work_tools\\adb-1\\adb.exe']
2026-01-28 17:34:48 - ADBTools.Main - INFO - [main.py:32] - [main] - ADB 主窗口创建成功，版本: 1.6.4
2026-01-28 17:34:48 - ADBTools.ADB_Utils - INFO - [adb_utils.py:109] - [get_adb_path] - 找到ADB (系统PATH): D:\work_tools\adb-1\adb.exe
2026-01-28 17:34:48 - ADBTools.ADB_Utils - DEBUG - [adb_utils.py:154] - [run_adb_command] - [2026-01-28 17:34:48.627] [Thread-55880] 执行ADB命令 [全局]: devices
2026-01-28 17:34:48 - ADBTools.ADB_Utils - DEBUG - [adb_utils.py:173] - [run_adb_command] - [2026-01-28 17:34:48.627] [Thread-55880] ADB命令执行成功 [全局]: devices (耗时: 0.145s)
2026-01-28 17:34:48 - ADBTools.RefreshDevicesThread - INFO - [refresh_devices_thread.py:60] - [run] - ADB 命令执行完成，开始解析结果...
2026-01-28 17:34:48 - ADBTools.RefreshDevicesThread - INFO - [refresh_devices_thread.py:76] - [run] - ADB 命令返回内容长度: 49 字符
2026-01-28 17:34:48 - ADBTools.RefreshDevicesThread - INFO - [refresh_devices_thread.py:89] - [run] - ADB命令返回 2 行内容
2026-01-28 17:34:48 - ADBTools.RefreshDevicesThread - DEBUG - [refresh_devices_thread.py:95] - [run] - 解析第 1 行: List of devices attached
2026-01-28 17:34:48 - ADBTools.RefreshDevicesThread - DEBUG - [refresh_devices_thread.py:95] - [run] - 解析第 2 行: GFEDCBA0987654321	device
2026-01-28 17:34:48 - ADBTools.RefreshDevicesThread - INFO - [refresh_devices_thread.py:101] - [run] - ✓ 发现设备: GFEDCBA0987654321 (状态: device)
2026-01-28 17:34:48 - ADBTools.RefreshDevicesThread - INFO - [refresh_devices_thread.py:107] - [run] - 设备解析完成，共找到 1 个设备
2026-01-28 17:34:48 - ADBTools.RefreshDevicesThread - INFO - [refresh_devices_thread.py:112] - [run] - 设备列表:
2026-01-28 17:34:48 - ADBTools.RefreshDevicesThread - INFO - [refresh_devices_thread.py:114] - [run] -   - GFEDCBA0987654321
2026-01-28 17:34:48 - ADBTools.RefreshDevicesThread - INFO - [refresh_devices_thread.py:133] - [run] - ================================================================================
2026-01-28 17:34:48 - ADBTools.RefreshDevicesThread - INFO - [refresh_devices_thread.py:134] - [run] - 刷新设备列表操作完成
2026-01-28 17:34:48 - ADBTools.RefreshDevicesThread - INFO - [refresh_devices_thread.py:135] - [run] - ================================================================================
DCBA0987654321 | 详情: {'mode': 'u2', 'action': '尝试u2连接'}
2026-01-28 17:34:48 - ADBTools.U2ConnectThread - INFO - [u2_connect_thread.py:23] - [__init__] - U2ConnectThread初始化: 目标设备 GFEDCBA0987654321
2026-01-28 17:34:48 - ADBTools.Thread - INFO - [logger_manager.py:640] - [log_thread_start] - [2026-01-28 17:34:48.781] [Thread-36196] 线程启动: U2ConnectThread | 详情: {'device_id': 'GFEDCBA0987654321', 'mode': 'u2'}
2026-01-28 17:34:48 - ADBTools.Thread - INFO - [logger_manager.py:640] - [log_thread_start] - [2026-01-28 17:34:48.782] [Thread-58260] 线程启动: U2ConnectThread | 详情: {'device_id': 'GFEDCBA0987654321'}
2026-01-28 17:34:48 - ADBTools.ADB_Module - INFO - [ADB_module.py:1771] - [_on_refresh_thread_finished] - 设备列表刷新完成
2026-01-28 17:34:48 - ADBTools.Device - INFO - [logger_manager.py:601] - [log_device_operation] - [2026-01-28 17:34:48.782] [Thread-58260] 设备操作: u2_connect_start | 设备: GFEDCBA0987654321 | 详情: {'mode': 'u2'}
2026-01-28 17:34:48 - ADBTools.U2ConnectThread - INFO - [u2_connect_thread.py:35] - [run] - 开始u2连接: GFEDCBA0987654321
2026-01-28 17:34:50 - ADBTools.U2ConnectThread - INFO - [u2_connect_thread.py:54] - [run] - u2连接成功: GFEDCBA0987654321 | 耗时: 1.369s
2026-01-28 17:34:50 - ADBTools.U2ConnectThread - INFO - [u2_connect_thread.py:55] - [run] - 设备信息: {'serial': 'GFEDCBA0987654321', 'model': 'Unknown', 'brand': 'Unknown', 'version': 'Unknown', 'sdk': 'Unknown', 'manufacturer': 'Unknown'}
2026-01-28 17:34:50 - ADBTools.Device - INFO - [logger_manager.py:601] - [log_device_operation] - [2026-01-28 17:34:50.152] [Thread-58260] 设备操作: u2_connect_success | 设备: GFEDCBA0987654321 | 详情: {'mode': 'u2', 'status': 'connected', 'device_info': {'serial': 'GFEDCBA0987654321', 'model': 'Unknown', 'brand': 'Unknown', 'version': 'Unknown', 'sdk': 'Unknown', 'manufacturer': 'Unknown'}, 'elapsed_time': 1.368936538696289}
2026-01-28 17:34:50 - ADBTools.Thread - INFO - [logger_manager.py:658] - [log_thread_complete] - [2026-01-28 17:34:50.152] [Thread-58260] 线程完成: U2ConnectThread | 结果: success | 详情: {'device_id': 'GFEDCBA0987654321', 'elapsed_time': 1.368936538696289, 'device_info': {'serial': 'GFEDCBA0987654321', 'model': 'Unknown', 'brand': 'Unknown', 'version': 'Unknown', 'sdk': 'Unknown', 'manufacturer': 'Unknown'}}
2026-01-28 17:34:50 - ADBTools.Device - INFO - [logger_manager.py:601] - [log_device_operation] - [2026-01-28 17:34:50.153] [Thread-36196] 设备操作: u2_connect_success | 设备: GFEDCBA0987654321 | 详情: {'mode': 'u2', 'status': 'connected'}
2026-01-28 17:34:50 - ADBTools.Thread - INFO - [logger_manager.py:658] - [log_thread_complete] - [2026-01-28 17:34:50.154] [Thread-36196] 线程完成: U2ConnectThread | 结果: success | 详情: {'device_id': 'GFEDCBA0987654321', 'mode': 'u2'}
2026-01-28 18:04:51 - ADBTools.UI - INFO - [logger_manager.py:556] - [log_button_click] - [2026-01-28 18:04:51.565] [Thread-36196] 用户操作: 点击 RefreshButton 按钮 -> 刷新设备列表
2026-01-28 18:04:51 - ADBTools.RefreshDevicesThread - INFO - [refresh_devices_thread.py:37] - [__init__] - 刷新设备列表线程初始化
2026-01-28 18:04:51 - ADBTools.Thread - INFO - [logger_manager.py:640] - [log_thread_start] - [2026-01-28 18:04:51.566] [Thread-36196] 线程启动: RefreshDevicesThread | 详情: {'action': '刷新设备列表'}
2026-01-28 18:04:51 - ADBTools.RefreshDevicesThread - INFO - [refresh_devices_thread.py:41] - [run] - ================================================================================
2026-01-28 18:04:51 - ADBTools.RefreshDevicesThread - INFO - [refresh_devices_thread.py:42] - [run] - 开始执行刷新设备列表操作
2026-01-28 18:04:51 - ADBTools.RefreshDevicesThread - INFO - [refresh_devices_thread.py:43] - [run] - ================================================================================
2026-01-28 18:04:51 - ADBTools.RefreshDevicesThread - INFO - [refresh_devices_thread.py:51] - [run] - 发送进度信号: 正在刷新设备列表...
2026-01-28 18:04:51 - ADBTools.RefreshDevicesThread - INFO - [refresh_devices_thread.py:54] - [run] - 准备执行 ADB 命令: devices
2026-01-28 18:04:51 - ADBTools.ADB_Utils - DEBUG - [adb_utils.py:75] - [get_adb_path] - 使用缓存的ADB路径: D:\work_tools\adb-1\adb.exe
2026-01-28 18:04:51 - ADBTools.ADB_Utils - DEBUG - [adb_utils.py:154] - [run_adb_command] - [2026-01-28 18:04:51.570] [Thread-78724] 执行ADB命令 [全局]: devices
2026-01-28 18:04:51 - ADBTools.ADB_Utils - DEBUG - [adb_utils.py:173] - [run_adb_command] - [2026-01-28 18:04:51.570] [Thread-78724] ADB命令执行成功 [全局]: devices (耗时: 0.113s)
2026-01-28 18:04:51 - ADBTools.RefreshDevicesThread - INFO - [refresh_devices_thread.py:60] - [run] - ADB 命令执行完成，开始解析结果...
2026-01-28 18:04:51 - ADBTools.RefreshDevicesThread - INFO - [refresh_devices_thread.py:76] - [run] - ADB 命令返回内容长度: 50 字符
2026-01-28 18:04:51 - ADBTools.RefreshDevicesThread - INFO - [refresh_devices_thread.py:89] - [run] - ADB命令返回 2 行内容
2026-01-28 18:04:51 - ADBTools.RefreshDevicesThread - DEBUG - [refresh_devices_thread.py:95] - [run] - 解析第 1 行: List of devices attached
2026-01-28 18:04:51 - ADBTools.RefreshDevicesThread - DEBUG - [refresh_devices_thread.py:95] - [run] - 解析第 2 行: 192.168.43.23:5555	device
2026-01-28 18:04:51 - ADBTools.RefreshDevicesThread - INFO - [refresh_devices_thread.py:101] - [run] - ✓ 发现设备: 192.168.43.23:5555 (状态: device)
2026-01-28 18:04:51 - ADBTools.RefreshDevicesThread - INFO - [refresh_devices_thread.py:107] - [run] - 设备解析完成，共找到 1 个设备
2026-01-28 18:04:51 - ADBTools.RefreshDevicesThread - INFO - [refresh_devices_thread.py:112] - [run] - 设备列表:
2026-01-28 18:04:51 - ADBTools.RefreshDevicesThread - INFO - [refresh_devices_thread.py:114] - [run] -   - 192.168.43.23:5555
2026-01-28 18:04:51 - ADBTools.RefreshDevicesThread - INFO - [refresh_devices_thread.py:133] - [run] - ================================================================================
2026-01-28 18:04:51 - ADBTools.RefreshDevicesThread - INFO - [refresh_devices_thread.py:134] - [run] - 刷新设备列表操作完成
2026-01-28 18:04:51 - ADBTools.RefreshDevicesThread - INFO - [refresh_devices_thread.py:135] - [run] - ================================================================================
2026-01-28 18:04:51 - ADBTools.ADB_Module - INFO - [ADB_module.py:1771] - [_on_refresh_thread_finished] - 设备列表刷新完成
2026-01-28 18:04:58 - ADBTools.UI - INFO - [logger_manager.py:556] - [log_button_click] - [2026-01-28 18:04:58.973] [Thread-36196] 用户操作: 点击 datong_factory_button 按钮 -> 启动中环工厂应用 (com.zhonghuan.factory)
2026-01-28 18:04:58 - ADBTools.ADB_Utils - DEBUG - [adb_utils.py:75] - [get_adb_path] - 使用缓存的ADB路径: D:\work_tools\adb-1\adb.exe
2026-01-28 18:04:58 - ADBTools.ADB_Utils - DEBUG - [adb_utils.py:154] - [run_adb_command] - [2026-01-28 18:04:58.974] [Thread-36196] 执行ADB命令 [全局]: devices
2026-01-28 18:04:59 - ADBTools.ADB_Utils - DEBUG - [adb_utils.py:173] - [run_adb_command] - [2026-01-28 18:04:58.974] [Thread-36196] ADB命令执行成功 [全局]: devices (耗时: 0.106s)
2026-01-28 18:04:59 - ADBTools.UI - INFO - [logger_manager.py:556] - [log_button_click] - [2026-01-28 18:04:59.081] [Thread-36196] 用户操作: 点击 start_app 按钮 -> 启动应用: com.zhonghuan.factory
2026-01-28 18:04:59 - ADBTools.ADB_Module - INFO - [ADB_module.py:1447] - [start_app_action] - 启动应用: com.zhonghuan.factory
2026-01-28 18:04:59 - ADBTools.Method - INFO - [logger_manager.py:578] - [log_method_result] - [2026-01-28 18:04:59.084] [Thread-36196] ✓ start_app_action 完成: 启动线程已启动: com.zhonghuan.factory
2026-01-28 18:05:06 - ADBTools.UI - INFO - [logger_manager.py:556] - [log_button_click] - [2026-01-28 18:05:06.174] [Thread-36196] 用户操作: 点击 ComboxButton 按钮 -> 切换设备连接 (目标设备: 192.168.43.23:5555)
2026-01-28 18:05:06 - ADBTools.Device - INFO - [logger_manager.py:601] - [log_device_operation] - [2026-01-28 18:05:06.175] [Thread-36196] 设备操作: device_already_connected | 设备: 192.168.43.23:5555 | 详情: {'mode': 'u2', 'status': 'already_connected'}
2026-01-28 18:05:08 - ADBTools.UI - INFO - [logger_manager.py:556] - [log_button_click] - [2026-01-28 18:05:08.652] [Thread-36196] 用户操作: 点击 datong_factory_button 按钮 -> 启动中环工厂应用 (com.zhonghuan.factory)
2026-01-28 18:05:08 - ADBTools.ADB_Utils - DEBUG - [adb_utils.py:75] - [get_adb_path] - 使用缓存的ADB路径: D:\work_tools\adb-1\adb.exe
2026-01-28 18:05:08 - ADBTools.ADB_Utils - DEBUG - [adb_utils.py:154] - [run_adb_command] - [2026-01-28 18:05:08.652] [Thread-36196] 执行ADB命令 [全局]: devices
2026-01-28 18:05:08 - ADBTools.ADB_Utils - DEBUG - [adb_utils.py:173] - [run_adb_command] - [2026-01-28 18:05:08.652] [Thread-36196] ADB命令执行成功 [全局]: devices (耗时: 0.104s)
2026-01-28 18:05:08 - ADBTools.UI - INFO - [logger_manager.py:556] - [log_button_click] - [2026-01-28 18:05:08.759] [Thread-36196] 用户操作: 点击 start_app 按钮 -> 启动应用: com.zhonghuan.factory
2026-01-28 18:05:08 - ADBTools.ADB_Module - INFO - [ADB_module.py:1447] - [start_app_action] - 启动应用: com.zhonghuan.factory
2026-01-28 18:05:08 - ADBTools.Method - INFO - [logger_manager.py:578] - [log_method_result] - [2026-01-28 18:05:08.760] [Thread-36196] ✓ start_app_action 完成: 启动线程已启动: com.zhonghuan.factory
2026-01-28 18:07:54 - ADBTools.Main - INFO - [main.py:19] - [main] - ================================================================================
2026-01-28 18:07:54 - ADBTools.Main - INFO - [main.py:20] - [main] - ADBTools 应用程序启动
2026-01-28 18:07:54 - ADBTools.Main - INFO - [main.py:21] - [main] - Python 版本: 3.10.16 | packaged by Anaconda, Inc. | (main, Dec 11 2024, 16:19:12) [MSC v.1929 64 bit (AMD64)]
2026-01-28 18:07:54 - ADBTools.Main - INFO - [main.py:22] - [main] - 工作目录: D:\Personal files\ADBTools
2026-01-28 18:07:54 - ADBTools.Main - INFO - [main.py:23] - [main] - ================================================================================
2026-01-28 18:07:54 - ADBTools.Main - INFO - [main.py:28] - [main] - 加载 ADB 主窗口模块...
2026-01-28 18:07:56 - ADBTools.ADB_Module - INFO - [ADB_module.py:108] - [__init__] - 初始化 ADB 主窗口...
2026-01-28 18:07:56 - ADBTools.UI - INFO - [logger_manager.py:556] - [log_button_click] - [2026-01-28 18:07:56.657] [Thread-54316] 用户操作: 点击 RefreshButton 按钮 -> 刷新设备列表
2026-01-28 18:07:56 - ADBTools.RefreshDevicesThread - INFO - [refresh_devices_thread.py:37] - [__init__] - 刷新设备列表线程初始化
2026-01-28 18:07:56 - ADBTools.RefreshDevicesThread - INFO - [refresh_devices_thread.py:41] - [run] - ================================================================================
2026-01-28 18:07:56 - ADBTools.Thread - INFO - [logger_manager.py:640] - [log_thread_start] - [2026-01-28 18:07:56.662] [Thread-54316] 线程启动: RefreshDevicesThread | 详情: {'action': '刷新设备列表'}
2026-01-28 18:07:56 - ADBTools.RefreshDevicesThread - INFO - [refresh_devices_thread.py:42] - [run] - 开始执行刷新设备列表操作
2026-01-28 18:07:56 - ADBTools.RefreshDevicesThread - INFO - [refresh_devices_thread.py:43] - [run] - ================================================================================
2026-01-28 18:07:56 - ADBTools.RefreshDevicesThread - INFO - [refresh_devices_thread.py:51] - [run] - 发送进度信号: 正在刷新设备列表...
2026-01-28 18:07:56 - ADBTools.RefreshDevicesThread - INFO - [refresh_devices_thread.py:54] - [run] - 准备执行 ADB 命令: devices
2026-01-28 18:07:56 - ADBTools.Main - INFO - [main.py:32] - [main] - ADB 主窗口创建成功，版本: 1.6.4
2026-01-28 18:07:56 - ADBTools.ADB_Utils - INFO - [adb_utils.py:78] - [get_adb_path] - 开始查找ADB可执行文件...
2026-01-28 18:07:56 - ADBTools.ADB_Utils - DEBUG - [adb_utils.py:82] - [get_adb_path] - ADB搜索路径: ['adb', 'adb.exe', './adb.exe', './tools/adb.exe', 'C:\\Program Files (x86)\\Android\\android-sdk\\platform-tools\\adb.exe', 'D:\\work_tools\\adb-1\\adb.exe']
2026-01-28 18:07:56 - ADBTools.ADB_Utils - INFO - [adb_utils.py:109] - [get_adb_path] - 找到ADB (系统PATH): D:\work_tools\adb-1\adb.exe
2026-01-28 18:07:56 - ADBTools.ADB_Utils - DEBUG - [adb_utils.py:154] - [run_adb_command] - [2026-01-28 18:07:56.832] [Thread-75816] 执行ADB命令 [全局]: devices
2026-01-28 18:07:56 - ADBTools.ADB_Utils - DEBUG - [adb_utils.py:173] - [run_adb_command] - [2026-01-28 18:07:56.832] [Thread-75816] ADB命令执行成功 [全局]: devices (耗时: 0.124s)
2026-01-28 18:07:56 - ADBTools.RefreshDevicesThread - INFO - [refresh_devices_thread.py:60] - [run] - ADB 命令执行完成，开始解析结果...
2026-01-28 18:07:56 - ADBTools.RefreshDevicesThread - INFO - [refresh_devices_thread.py:76] - [run] - ADB 命令返回内容长度: 50 字符
2026-01-28 18:07:56 - ADBTools.RefreshDevicesThread - INFO - [refresh_devices_thread.py:89] - [run] - ADB命令返回 2 行内容
2026-01-28 18:07:56 - ADBTools.RefreshDevicesThread - DEBUG - [refresh_devices_thread.py:95] - [run] - 解析第 1 行: List of devices attached
2026-01-28 18:07:56 - ADBTools.RefreshDevicesThread - DEBUG - [refresh_devices_thread.py:95] - [run] - 解析第 2 行: 192.168.43.23:5555	device
2026-01-28 18:07:56 - ADBTools.RefreshDevicesThread - INFO - [refresh_devices_thread.py:101] - [run] - ✓ 发现设备: 192.168.43.23:5555 (状态: device)
2026-01-28 18:07:56 - ADBTools.RefreshDevicesThread - INFO - [refresh_devices_thread.py:107] - [run] - 设备解析完成，共找到 1 个设备
2026-01-28 18:07:56 - ADBTools.RefreshDevicesThread - INFO - [refresh_devices_thread.py:112] - [run] - 设备列表:
2026-01-28 18:07:56 - ADBTools.RefreshDevicesThread - INFO - [refresh_devices_thread.py:114] - [run] -   - 192.168.43.23:5555
2026-01-28 18:07:56 - ADBTools.RefreshDevicesThread - INFO - [refresh_devices_thread.py:133] - [run] - ================================================================================
2026-01-28 18:07:56 - ADBTools.RefreshDevicesThread - INFO - [refresh_devices_thread.py:134] - [run] - 刷新设备列表操作完成
2026-01-28 18:07:56 - ADBTools.RefreshDevicesThread - INFO - [refresh_devices_thread.py:135] - [run] - ================================================================================
2026-01-28 18:07:56 - ADBTools.Device - INFO - [logger_manager.py:601] - [log_device_operation] - [2026-01-28 18:07:56.964] [Thread-54316] 设备操作: u2_connect_attempt | 设备: 192.168.43.23:5555 | 详情: {'mode': 'u2', 'action': '尝试u2连接'}
2026-01-28 18:07:56 - ADBTools.U2ConnectThread - INFO - [u2_connect_thread.py:23] - [__init__] - U2ConnectThread初始化: 目标设备 192.168.43.23:5555
2026-01-28 18:07:56 - ADBTools.Thread - INFO - [logger_manager.py:640] - [log_thread_start] - [2026-01-28 18:07:56.966] [Thread-54316] 线程启动: U2ConnectThread | 详情: {'device_id': '192.168.43.23:5555', 'mode': 'u2'}
2026-01-28 18:07:56 - ADBTools.Thread - INFO - [logger_manager.py:640] - [log_thread_start] - [2026-01-28 18:07:56.967] [Thread-9496] 线程启动: U2ConnectThread | 详情: {'device_id': '192.168.43.23:5555'}
2026-01-28 18:07:56 - ADBTools.Device - INFO - [logger_manager.py:601] - [log_device_operation] - [2026-01-28 18:07:56.967] [Thread-9496] 设备操作: u2_connect_start | 设备: 192.168.43.23:5555 | 详情: {'mode': 'u2'}
2026-01-28 18:07:56 - ADBTools.U2ConnectThread - INFO - [u2_connect_thread.py:35] - [run] - 开始u2连接: 192.168.43.23:5555
2026-01-28 18:07:56 - ADBTools.ADB_Module - INFO - [ADB_module.py:1790] - [_on_refresh_thread_finished] - 设备列表刷新完成
2026-01-28 18:08:01 - ADBTools.U2ConnectThread - ERROR - [u2_connect_thread.py:123] - [run] - u2连接异常: ('server quit unexpectly', '[server] INFO: [UiAutomator2Server] Starting Server\nSLF4J: Failed to load class "org.slf4j.impl.StaticLoggerBinder".\nSLF4J: Defaulting to no-operation (NOP) logger implementation\nSLF4J: See http://www.slf4j.org/codes.html#StaticLoggerBinder for further details.\n[server] INFO: clipboardManager inited\n[server] INFO: tmpdir is /data/local/tmp/u2\njava.net.BindException: bind failed: EADDRINUSE (Address already in use)\n\tat libcore.io.IoBridge.bind(IoBridge.java:109)\n\tat java.net.PlainSocketImpl.socketBind(PlainSocketImpl.java:162)\n\tat java.net.AbstractPlainSocketImpl.bind(AbstractPlainSocketImpl.java:427)\n\tat java.net.ServerSocket.bind(ServerSocket.java:377)\n\tat java.net.ServerSocket.bind(ServerSocket.java:331)\n\tat fi.iki.elonen.NanoHTTPD$ServerRunnable.run(NanoHTTPD.java:1761)\n\tat java.lang.Thread.run(Thread.java:919)\nCaused by: android.system.ErrnoException: bind failed: EADDRINUSE (Address already in use)\n\tat libcore.io.Linux.bind(Native Method)\n\tat libcore.io.ForwardingOs.bind(ForwardingOs.java:75)\n\tat libcore.io.IoBridge.bind(IoBridge.java:105)\n\t... 6 more\n') | 耗时: 4.185s
2026-01-28 18:08:01 - ADBTools.U2ConnectThread - ERROR - [u2_connect_thread.py:124] - [run] - u2连接异常详情:
Traceback (most recent call last):
  File "D:\Personal files\ADBTools\Function_Moudle\u2_connect_thread.py", line 38, in run
    d = u2.connect(self.device_id)
  File "C:\Users\wangke\.conda\envs\adbtools_env\lib\site-packages\uiautomator2\__init__.py", line 947, in connect
    return connect_usb(serial)
  File "C:\Users\wangke\.conda\envs\adbtools_env\lib\site-packages\uiautomator2\__init__.py", line 963, in connect_usb
    return Device(serial)
  File "C:\Users\wangke\.conda\envs\adbtools_env\lib\site-packages\uiautomator2\base.py", line 38, in __init__
    BasicUiautomatorServer.__init__(self, self._dev)
  File "C:\Users\wangke\.conda\envs\adbtools_env\lib\site-packages\uiautomator2\core.py", line 212, in __init__
    self.start_uiautomator()
  File "C:\Users\wangke\.conda\envs\adbtools_env\lib\site-packages\uiautomator2\core.py", line 237, in start_uiautomator
    self._wait_ready()
  File "C:\Users\wangke\.conda\envs\adbtools_env\lib\site-packages\uiautomator2\core.py", line 260, in _wait_ready
    self._wait_app_process_ready(launch_timeout)
  File "C:\Users\wangke\.conda\envs\adbtools_env\lib\site-packages\uiautomator2\core.py", line 282, in _wait_app_process_ready
    raise LaunchUiAutomationError("server quit unexpectly", output_buffer)
uiautomator2.exceptions.LaunchUiAutomationError: ('server quit unexpectly', '[server] INFO: [UiAutomator2Server] Starting Server\nSLF4J: Failed to load class "org.slf4j.impl.StaticLoggerBinder".\nSLF4J: Defaulting to no-operation (NOP) logger implementation\nSLF4J: See http://www.slf4j.org/codes.html#StaticLoggerBinder for further details.\n[server] INFO: clipboardManager inited\n[server] INFO: tmpdir is /data/local/tmp/u2\njava.net.BindException: bind failed: EADDRINUSE (Address already in use)\n\tat libcore.io.IoBridge.bind(IoBridge.java:109)\n\tat java.net.PlainSocketImpl.socketBind(PlainSocketImpl.java:162)\n\tat java.net.AbstractPlainSocketImpl.bind(AbstractPlainSocketImpl.java:427)\n\tat java.net.ServerSocket.bind(ServerSocket.java:377)\n\tat java.net.ServerSocket.bind(ServerSocket.java:331)\n\tat fi.iki.elonen.NanoHTTPD$ServerRunnable.run(NanoHTTPD.java:1761)\n\tat java.lang.Thread.run(Thread.java:919)\nCaused by: android.system.ErrnoException: bind failed: EADDRINUSE (Address already in use)\n\tat libcore.io.Linux.bind(Native Method)\n\tat libcore.io.ForwardingOs.bind(ForwardingOs.java:75)\n\tat libcore.io.IoBridge.bind(IoBridge.java:105)\n\t... 6 more\n')
2026-01-28 18:08:01 - ADBTools.Device - INFO - [logger_manager.py:601] - [log_device_operation] - [2026-01-28 18:08:01.156] [Thread-9496] 设备操作: u2_connect_exception | 设备: 192.168.43.23:5555 | 详情: {'mode': 'u2', 'status': 'error', 'error': '(\'server quit unexpectly\', \'[server] INFO: [UiAutomator2Server] Starting Server\\nSLF4J: Failed to load class "org.slf4j.impl.StaticLoggerBinder".\\nSLF4J: Defaulting to no-operation (NOP) logger implementation\\nSLF4J: See http://www.slf4j.org/codes.html#StaticLoggerBinder for further details.\\n[server] INFO: clipboardManager inited\\n[server] INFO: tmpdir is /data/local/tmp/u2\\njava.net.BindException: bind failed: EADDRINUSE (Address already in use)\\n\\tat libcore.io.IoBridge.bind(IoBridge.java:109)\\n\\tat java.net.PlainSocketImpl.socketBind(PlainSocketImpl.java:162)\\n\\tat java.net.AbstractPlainSocketImpl.bind(AbstractPlainSocketImpl.java:427)\\n\\tat java.net.ServerSocket.bind(ServerSocket.java:377)\\n\\tat java.net.ServerSocket.bind(ServerSocket.java:331)\\n\\tat fi.iki.elonen.NanoHTTPD$ServerRunnable.run(NanoHTTPD.java:1761)\\n\\tat java.lang.Thread.run(Thread.java:919)\\nCaused by: android.system.ErrnoException: bind failed: EADDRINUSE (Address already in use)\\n\\tat libcore.io.Linux.bind(Native Method)\\n\\tat libcore.io.ForwardingOs.bind(ForwardingOs.java:75)\\n\\tat libcore.io.IoBridge.bind(IoBridge.java:105)\\n\\t... 6 more\\n\')', 'elapsed_time': 4.185152053833008}
2026-01-28 18:08:01 - ADBTools.Thread - ERROR - [logger_manager.py:660] - [log_thread_complete] - [2026-01-28 18:08:01.195] [Thread-9496] 线程完成: U2ConnectThread | 结果: error | 详情: {'device_id': '192.168.43.23:5555', 'elapsed_time': 4.185152053833008, 'error': '(\'server quit unexpectly\', \'[server] INFO: [UiAutomator2Server] Starting Server\\nSLF4J: Failed to load class "org.slf4j.impl.StaticLoggerBinder".\\nSLF4J: Defaulting to no-operation (NOP) logger implementation\\nSLF4J: See http://www.slf4j.org/codes.html#StaticLoggerBinder for further details.\\n[server] INFO: clipboardManager inited\\n[server] INFO: tmpdir is /data/local/tmp/u2\\njava.net.BindException: bind failed: EADDRINUSE (Address already in use)\\n\\tat libcore.io.IoBridge.bind(IoBridge.java:109)\\n\\tat java.net.PlainSocketImpl.socketBind(PlainSocketImpl.java:162)\\n\\tat java.net.AbstractPlainSocketImpl.bind(AbstractPlainSocketImpl.java:427)\\n\\tat java.net.ServerSocket.bind(ServerSocket.java:377)\\n\\tat java.net.ServerSocket.bind(ServerSocket.java:331)\\n\\tat fi.iki.elonen.NanoHTTPD$ServerRunnable.run(NanoHTTPD.java:1761)\\n\\tat java.lang.Thread.run(Thread.java:919)\\nCaused by: android.system.ErrnoException: bind failed: EADDRINUSE (Address already in use)\\n\\tat libcore.io.Linux.bind(Native Method)\\n\\tat libcore.io.ForwardingOs.bind(ForwardingOs.java:75)\\n\\tat libcore.io.IoBridge.bind(IoBridge.java:105)\\n\\t... 6 more\\n\')'}
2026-01-28 18:08:01 - ADBTools.Device - INFO - [logger_manager.py:601] - [log_device_operation] - [2026-01-28 18:08:01.198] [Thread-54316] 设备操作: u2_connect_failed | 设备: 192.168.43.23:5555 | 详情: {'mode': 'adb', 'reason': 'u2连接失败'}
2026-01-28 18:08:01 - ADBTools.Thread - ERROR - [logger_manager.py:660] - [log_thread_complete] - [2026-01-28 18:08:01.198] [Thread-54316] 线程完成: U2ConnectThread | 结果: failed | 详情: {'device_id': '192.168.43.23:5555', 'fallback_mode': 'adb'}
2026-01-28 18:08:34 - ADBTools.ADB_Utils - DEBUG - [adb_utils.py:75] - [get_adb_path] - 使用缓存的ADB路径: D:\work_tools\adb-1\adb.exe
2026-01-28 18:08:34 - ADBTools.ADB_Utils - DEBUG - [adb_utils.py:154] - [run_adb_command] - [2026-01-28 18:08:34.668] [Thread-54316] 执行ADB命令 [全局]: devices
2026-01-28 18:08:34 - ADBTools.ADB_Utils - DEBUG - [adb_utils.py:173] - [run_adb_command] - [2026-01-28 18:08:34.668] [Thread-54316] ADB命令执行成功 [全局]: devices (耗时: 0.113s)
2026-01-28 18:08:34 - ADBTools.UI - INFO - [logger_manager.py:556] - [log_button_click] - [2026-01-28 18:08:34.783] [Thread-54316] 用户操作: 点击 list_package_button 按钮 -> 获取应用列表 (搜索: amazon)
2026-01-28 18:08:35 - ADBTools.ADB_Module - INFO - [ADB_module.py:1549] - [_handle_list_package_results] - ✓ 找到 1 个应用
2026-01-28 18:08:35 - ADBTools.ADB_Module - INFO - [ADB_module.py:1553] - [_handle_list_package_results] -   1. com.oimt.onlinemedia.amazon, 版本号: Maxus_6125_V1.0.61
2026-01-28 18:08:35 - ADBTools.Method - INFO - [logger_manager.py:578] - [log_method_result] - [2026-01-28 18:08:35.323] [Thread-54316] ✓ list_package 完成: 获取完成
2026-01-28 18:11:17 - ADBTools.ADB_Utils - DEBUG - [adb_utils.py:75] - [get_adb_path] - 使用缓存的ADB路径: D:\work_tools\adb-1\adb.exe
2026-01-28 18:11:17 - ADBTools.ADB_Utils - DEBUG - [adb_utils.py:154] - [run_adb_command] - [2026-01-28 18:11:17.147] [Thread-54316] 执行ADB命令 [全局]: devices
2026-01-28 18:11:17 - ADBTools.ADB_Utils - DEBUG - [adb_utils.py:173] - [run_adb_command] - [2026-01-28 18:11:17.147] [Thread-54316] ADB命令执行成功 [全局]: devices (耗时: 0.121s)
2026-01-28 18:11:17 - ADBTools.UI - INFO - [logger_manager.py:556] - [log_button_click] - [2026-01-28 18:11:17.269] [Thread-54316] 用户操作: 点击 list_package_button 按钮 -> 获取应用列表 (搜索: map)
2026-01-28 18:11:17 - ADBTools.ADB_Module - INFO - [ADB_module.py:1549] - [_handle_list_package_results] - ✓ 找到 1 个应用
2026-01-28 18:11:17 - ADBTools.ADB_Module - INFO - [ADB_module.py:1553] - [_handle_list_package_results] -   1. com.saicmotor.mapservice, 版本号: 1.1.9
2026-01-28 18:11:17 - ADBTools.Method - INFO - [logger_manager.py:578] - [log_method_result] - [2026-01-28 18:11:17.791] [Thread-54316] ✓ list_package 完成: 获取完成
2026-01-28 18:11:24 - ADBTools.ADB_Utils - DEBUG - [adb_utils.py:75] - [get_adb_path] - 使用缓存的ADB路径: D:\work_tools\adb-1\adb.exe
2026-01-28 18:11:24 - ADBTools.ADB_Utils - DEBUG - [adb_utils.py:154] - [run_adb_command] - [2026-01-28 18:11:24.912] [Thread-54316] 执行ADB命令 [全局]: devices
2026-01-28 18:11:25 - ADBTools.ADB_Utils - DEBUG - [adb_utils.py:173] - [run_adb_command] - [2026-01-28 18:11:24.912] [Thread-54316] ADB命令执行成功 [全局]: devices (耗时: 0.110s)
2026-01-28 18:11:25 - ADBTools.UI - INFO - [logger_manager.py:556] - [log_button_click] - [2026-01-28 18:11:25.024] [Thread-54316] 用户操作: 点击 list_package_button 按钮 -> 获取应用列表 (搜索: tele)
2026-01-28 18:11:25 - ADBTools.ADB_Module - INFO - [ADB_module.py:1549] - [_handle_list_package_results] - ✓ 找到 3 个应用
2026-01-28 18:11:25 - ADBTools.ADB_Module - INFO - [ADB_module.py:1553] - [_handle_list_package_results] -   1. com.android.server.telecom, 版本号: 10
2026-01-28 18:11:25 - ADBTools.ADB_Module - INFO - [ADB_module.py:1553] - [_handle_list_package_results] -   2. com.android.server.telecom.overlay.common, 版本号: 10
2026-01-28 18:11:25 - ADBTools.ADB_Module - INFO - [ADB_module.py:1553] - [_handle_list_package_results] -   3. com.telenav.app.arp, 版本号: 8.2.82.1.48314
2026-01-28 18:11:25 - ADBTools.Method - INFO - [logger_manager.py:578] - [log_method_result] - [2026-01-28 18:11:25.953] [Thread-54316] ✓ list_package 完成: 获取完成
2026-01-28 18:11:43 - ADBTools.ADB_Utils - DEBUG - [adb_utils.py:75] - [get_adb_path] - 使用缓存的ADB路径: D:\work_tools\adb-1\adb.exe
2026-01-28 18:11:43 - ADBTools.ADB_Utils - DEBUG - [adb_utils.py:154] - [run_adb_command] - [2026-01-28 18:11:43.621] [Thread-54316] 执行ADB命令 [全局]: devices
2026-01-28 18:11:43 - ADBTools.ADB_Utils - DEBUG - [adb_utils.py:173] - [run_adb_command] - [2026-01-28 18:11:43.621] [Thread-54316] ADB命令执行成功 [全局]: devices (耗时: 0.112s)
2026-01-28 18:11:43 - ADBTools.UI - INFO - [logger_manager.py:556] - [log_button_click] - [2026-01-28 18:11:43.735] [Thread-54316] 用户操作: 点击 datong_open_telenav_engineering_button 按钮 -> 打开泰维地图工程模式
2026-01-28 18:11:43 - ADBTools.Method - INFO - [logger_manager.py:578] - [log_method_result] - [2026-01-28 18:11:43.739] [Thread-54316] ✓ datong_open_telenav_engineering_action 完成: 线程已启动
2026-01-28 18:11:49 - ADBTools.ADB_Utils - DEBUG - [adb_utils.py:75] - [get_adb_path] - 使用缓存的ADB路径: D:\work_tools\adb-1\adb.exe
2026-01-28 18:11:49 - ADBTools.ADB_Utils - DEBUG - [adb_utils.py:154] - [run_adb_command] - [2026-01-28 18:11:49.119] [Thread-54316] 执行ADB命令 [全局]: devices
2026-01-28 18:11:49 - ADBTools.ADB_Utils - DEBUG - [adb_utils.py:173] - [run_adb_command] - [2026-01-28 18:11:49.119] [Thread-54316] ADB命令执行成功 [全局]: devices (耗时: 0.119s)
2026-01-28 18:11:49 - ADBTools.UI - INFO - [logger_manager.py:556] - [log_button_click] - [2026-01-28 18:11:49.240] [Thread-54316] 用户操作: 点击 datong_open_telenav_engineering_button 按钮 -> 打开泰维地图工程模式
2026-01-28 18:11:49 - ADBTools.Method - INFO - [logger_manager.py:578] - [log_method_result] - [2026-01-28 18:11:49.241] [Thread-54316] ✓ datong_open_telenav_engineering_action 完成: 线程已启动
2026-01-28 18:17:13 - ADBTools.ADB_Utils - DEBUG - [adb_utils.py:75] - [get_adb_path] - 使用缓存的ADB路径: D:\work_tools\adb-1\adb.exe
2026-01-28 18:17:13 - ADBTools.ADB_Utils - DEBUG - [adb_utils.py:154] - [run_adb_command] - [2026-01-28 18:17:13.627] [Thread-54316] 执行ADB命令 [全局]: devices
2026-01-28 18:17:13 - ADBTools.ADB_Utils - DEBUG - [adb_utils.py:173] - [run_adb_command] - [2026-01-28 18:17:13.627] [Thread-54316] ADB命令执行成功 [全局]: devices (耗时: 0.122s)
2026-01-28 18:17:13 - ADBTools.UI - INFO - [logger_manager.py:556] - [log_button_click] - [2026-01-28 18:17:13.750] [Thread-54316] 用户操作: 点击 list_package_button 按钮 -> 获取应用列表 (搜索: up)
2026-01-28 18:17:15 - ADBTools.ADB_Module - INFO - [ADB_module.py:1549] - [_handle_list_package_results] - ✓ 找到 2 个应用
2026-01-28 18:17:15 - ADBTools.ADB_Module - INFO - [ADB_module.py:1553] - [_handle_list_package_results] -   1. com.saicmotor.update, 版本号: 1.1.25
2026-01-28 18:17:15 - ADBTools.ADB_Module - INFO - [ADB_module.py:1553] - [_handle_list_package_results] -   2. com.maxus.upgrade, 版本号: 10
2026-01-28 18:17:15 - ADBTools.Method - INFO - [logger_manager.py:578] - [log_method_result] - [2026-01-28 18:17:15.025] [Thread-54316] ✓ list_package 完成: 获取完成
2026-01-28 18:17:30 - ADBTools.ADB_Utils - DEBUG - [adb_utils.py:75] - [get_adb_path] - 使用缓存的ADB路径: D:\work_tools\adb-1\adb.exe
2026-01-28 18:17:30 - ADBTools.ADB_Utils - DEBUG - [adb_utils.py:154] - [run_adb_command] - [2026-01-28 18:17:30.667] [Thread-54316] 执行ADB命令 [全局]: devices
2026-01-28 18:17:30 - ADBTools.ADB_Utils - DEBUG - [adb_utils.py:173] - [run_adb_command] - [2026-01-28 18:17:30.667] [Thread-54316] ADB命令执行成功 [全局]: devices (耗时: 0.108s)
2026-01-28 18:17:30 - ADBTools.UI - INFO - [logger_manager.py:556] - [log_button_click] - [2026-01-28 18:17:30.777] [Thread-54316] 用户操作: 点击 start_app 按钮 -> 启动应用: 待输入
2026-01-28 18:17:31 - ADBTools.ADB_Module - INFO - [ADB_module.py:1444] - [start_app_action] - 输入包名: com.maxus.upgrade
2026-01-28 18:17:31 - ADBTools.Method - INFO - [logger_manager.py:578] - [log_method_result] - [2026-01-28 18:17:31.983] [Thread-54316] ✓ start_app_action 完成: 启动线程已启动: com.maxus.upgrade
2026-01-28 18:17:31 - ADBTools.ADB_Utils - DEBUG - [adb_utils.py:75] - [get_adb_path] - 使用缓存的ADB路径: D:\work_tools\adb-1\adb.exe
2026-01-28 18:17:31 - ADBTools.ADB_Utils - DEBUG - [adb_utils.py:152] - [run_adb_command] - [2026-01-28 18:17:31.983] [Thread-79400] 执行ADB命令 [192.168.43.23:5555]: shell pm list packages com.maxus.upgrade
2026-01-28 18:17:32 - ADBTools.ADB_Utils - DEBUG - [adb_utils.py:171] - [run_adb_command] - [2026-01-28 18:17:31.983] [Thread-79400] ADB命令执行成功 [192.168.43.23:5555]: shell pm list packages com.maxus.upgrade (耗时: 0.237s)
2026-01-28 18:17:32 - ADBTools.ADB_Utils - DEBUG - [adb_utils.py:75] - [get_adb_path] - 使用缓存的ADB路径: D:\work_tools\adb-1\adb.exe
2026-01-28 18:17:32 - ADBTools.ADB_Utils - DEBUG - [adb_utils.py:152] - [run_adb_command] - [2026-01-28 18:17:32.223] [Thread-79400] 执行ADB命令 [192.168.43.23:5555]: shell pm dump com.maxus.upgrade
2026-01-28 18:17:32 - ADBTools.ADB_Utils - DEBUG - [adb_utils.py:171] - [run_adb_command] - [2026-01-28 18:17:32.223] [Thread-79400] ADB命令执行成功 [192.168.43.23:5555]: shell pm dump com.maxus.upgrade (耗时: 0.667s)
2026-01-28 18:17:32 - ADBTools.ADB_Utils - DEBUG - [adb_utils.py:75] - [get_adb_path] - 使用缓存的ADB路径: D:\work_tools\adb-1\adb.exe
2026-01-28 18:17:32 - ADBTools.ADB_Utils - DEBUG - [adb_utils.py:152] - [run_adb_command] - [2026-01-28 18:17:32.893] [Thread-79400] 执行ADB命令 [192.168.43.23:5555]: shell am start -n com.maxus.upgrade/.service.UpgradeService
2026-01-28 18:17:33 - ADBTools.ADB_Utils - DEBUG - [adb_utils.py:171] - [run_adb_command] - [2026-01-28 18:17:32.893] [Thread-79400] ADB命令执行成功 [192.168.43.23:5555]: shell am start -n com.maxus.upgrade/.service.UpgradeService (耗时: 0.223s)
2026-01-29 09:21:24 - ADBTools.ADB_Utils - DEBUG - [adb_utils.py:75] - [get_adb_path] - 使用缓存的ADB路径: D:\work_tools\adb-1\adb.exe
2026-01-29 09:21:24 - ADBTools.ADB_Utils - DEBUG - [adb_utils.py:154] - [run_adb_command] - [2026-01-29 09:21:24.083] [Thread-54316] 执行ADB命令 [全局]: devices
2026-01-29 09:21:24 - ADBTools.ADB_Utils - DEBUG - [adb_utils.py:173] - [run_adb_command] - [2026-01-29 09:21:24.083] [Thread-54316] ADB命令执行成功 [全局]: devices (耗时: 0.125s)
2026-01-29 09:21:24 - ADBTools.UI - INFO - [logger_manager.py:556] - [log_button_click] - [2026-01-29 09:21:24.351] [Thread-54316] 用户操作: 点击 list_package_button 按钮 -> 获取应用列表 (搜索: tele)
2026-01-29 09:21:24 - ADBTools.Method - ERROR - [logger_manager.py:585] - [log_method_result] - [2026-01-29 09:21:24.352] [Thread-54316] ✗ list_package 失败: 设备未连接
2026-01-29 09:21:26 - ADBTools.UI - INFO - [logger_manager.py:556] - [log_button_click] - [2026-01-29 09:21:26.070] [Thread-54316] 用户操作: 点击 RefreshButton 按钮 -> 刷新设备列表
2026-01-29 09:21:26 - ADBTools.RefreshDevicesThread - INFO - [refresh_devices_thread.py:37] - [__init__] - 刷新设备列表线程初始化
2026-01-29 09:21:26 - ADBTools.Thread - INFO - [logger_manager.py:640] - [log_thread_start] - [2026-01-29 09:21:26.072] [Thread-54316] 线程启动: RefreshDevicesThread | 详情: {'action': '刷新设备列表'}
2026-01-29 09:21:26 - ADBTools.RefreshDevicesThread - INFO - [refresh_devices_thread.py:41] - [run] - ================================================================================
2026-01-29 09:21:26 - ADBTools.RefreshDevicesThread - INFO - [refresh_devices_thread.py:42] - [run] - 开始执行刷新设备列表操作
2026-01-29 09:21:26 - ADBTools.RefreshDevicesThread - INFO - [refresh_devices_thread.py:43] - [run] - ================================================================================
2026-01-29 09:21:26 - ADBTools.RefreshDevicesThread - INFO - [refresh_devices_thread.py:51] - [run] - 发送进度信号: 正在刷新设备列表...
2026-01-29 09:21:26 - ADBTools.RefreshDevicesThread - INFO - [refresh_devices_thread.py:54] - [run] - 准备执行 ADB 命令: devices
2026-01-29 09:21:26 - ADBTools.ADB_Utils - DEBUG - [adb_utils.py:75] - [get_adb_path] - 使用缓存的ADB路径: D:\work_tools\adb-1\adb.exe
2026-01-29 09:21:26 - ADBTools.ADB_Utils - DEBUG - [adb_utils.py:154] - [run_adb_command] - [2026-01-29 09:21:26.075] [Thread-44540] 执行ADB命令 [全局]: devices
2026-01-29 09:21:26 - ADBTools.ADB_Utils - DEBUG - [adb_utils.py:173] - [run_adb_command] - [2026-01-29 09:21:26.075] [Thread-44540] ADB命令执行成功 [全局]: devices (耗时: 0.123s)
2026-01-29 09:21:26 - ADBTools.RefreshDevicesThread - INFO - [refresh_devices_thread.py:60] - [run] - ADB 命令执行完成，开始解析结果...
2026-01-29 09:21:26 - ADBTools.RefreshDevicesThread - INFO - [refresh_devices_thread.py:76] - [run] - ADB 命令返回内容长度: 50 字符
2026-01-29 09:21:26 - ADBTools.RefreshDevicesThread - INFO - [refresh_devices_thread.py:89] - [run] - ADB命令返回 2 行内容
2026-01-29 09:21:26 - ADBTools.RefreshDevicesThread - DEBUG - [refresh_devices_thread.py:95] - [run] - 解析第 1 行: List of devices attached
2026-01-29 09:21:26 - ADBTools.RefreshDevicesThread - DEBUG - [refresh_devices_thread.py:95] - [run] - 解析第 2 行: 192.168.8.103:5555	device
2026-01-29 09:21:26 - ADBTools.RefreshDevicesThread - INFO - [refresh_devices_thread.py:101] - [run] - ✓ 发现设备: 192.168.8.103:5555 (状态: device)
2026-01-29 09:21:26 - ADBTools.RefreshDevicesThread - INFO - [refresh_devices_thread.py:107] - [run] - 设备解析完成，共找到 1 个设备
2026-01-29 09:21:26 - ADBTools.RefreshDevicesThread - INFO - [refresh_devices_thread.py:112] - [run] - 设备列表:
2026-01-29 09:21:26 - ADBTools.RefreshDevicesThread - INFO - [refresh_devices_thread.py:114] - [run] -   - 192.168.8.103:5555
2026-01-29 09:21:26 - ADBTools.RefreshDevicesThread - INFO - [refresh_devices_thread.py:133] - [run] - ================================================================================
2026-01-29 09:21:26 - ADBTools.Device - INFO - [logger_manager.py:601] - [log_device_operation] - [2026-01-29 09:21:26.203] [Thread-54316] 设备操作: u2_connect_attempt | 设备: 192.168.8.103:5555 | 详情: {'mode': 'u2', 'action': '尝试u2连接'}
2026-01-29 09:21:26 - ADBTools.RefreshDevicesThread - INFO - [refresh_devices_thread.py:134] - [run] - 刷新设备列表操作完成
2026-01-29 09:21:26 - ADBTools.U2ConnectThread - INFO - [u2_connect_thread.py:23] - [__init__] - U2ConnectThread初始化: 目标设备 192.168.8.103:5555
2026-01-29 09:21:26 - ADBTools.RefreshDevicesThread - INFO - [refresh_devices_thread.py:135] - [run] - ================================================================================
2026-01-29 09:21:26 - ADBTools.Thread - INFO - [logger_manager.py:640] - [log_thread_start] - [2026-01-29 09:21:26.205] [Thread-54316] 线程启动: U2ConnectThread | 详情: {'device_id': '192.168.8.103:5555', 'mode': 'u2'}
2026-01-29 09:21:26 - ADBTools.Thread - INFO - [logger_manager.py:640] - [log_thread_start] - [2026-01-29 09:21:26.205] [Thread-53472] 线程启动: U2ConnectThread | 详情: {'device_id': '192.168.8.103:5555'}
2026-01-29 09:21:26 - ADBTools.Device - INFO - [logger_manager.py:601] - [log_device_operation] - [2026-01-29 09:21:26.205] [Thread-53472] 设备操作: u2_connect_start | 设备: 192.168.8.103:5555 | 详情: {'mode': 'u2'}
2026-01-29 09:21:26 - ADBTools.U2ConnectThread - INFO - [u2_connect_thread.py:35] - [run] - 开始u2连接: 192.168.8.103:5555
2026-01-29 09:21:26 - ADBTools.ADB_Module - INFO - [ADB_module.py:1790] - [_on_refresh_thread_finished] - 设备列表刷新完成
2026-01-29 09:21:27 - ADBTools.U2ConnectThread - ERROR - [u2_connect_thread.py:123] - [run] - u2连接异常: [server] INFO: [UiAutomator2Server] Starting Server
java.lang.IllegalStateException: UiAutomationService android.accessibilityservice.IAccessibilityServiceClient$Stub$Proxy@eb50c3dalready registered!
	at android.os.Parcel.createException(Parcel.java:2080)
	at android.os.Parcel.readException(Parcel.java:2040)
	at android.os.Parcel.readException(Parcel.java:1988)
	at android.view.accessibility.IAccessibilityManager$Stub$Proxy.registerUiTestAutomationService(IAccessibilityManager.java:642)
	at android.app.UiAutomationConnection.registerUiTestAutomationServiceLocked(UiAutomationConnection.java:451)
	at android.app.UiAutomationConnection.connect(UiAutomationConnection.java:101)
	at android.app.UiAutomation.connect(UiAutomation.java:241)
	at java.lang.reflect.Method.invoke(Native Method)
	at mirror.RefMethod.call(RefMethod.java:63)
	at uiautomator.InstrumentShellWrapper.getUiAutomation(InstrumentShellWrapper.java:97)
	at androidx.test.uiautomator.UiDevice$Api24Impl.getUiAutomationWithRetry(UiDevice.java:1545)
	at androidx.test.uiautomator.UiDevice.getUiAutomation(UiDevice.java:1468)
	at androidx.test.uiautomator.QueryController.<init>(QueryController.java:95)
	at androidx.test.uiautomator.UiDevice.<init>(UiDevice.java:115)
	at androidx.test.uiautomator.UiDevice.getInstance(UiDevice.java:296)
	at com.wetest.uia2.Main.runServer(Main.java:50)
	at com.wetest.uia2.Main.main(Main.java:30)
	at com.android.internal.os.RuntimeInit.nativeFinishInit(Native Method)
	at com.android.internal.os.RuntimeInit.main(RuntimeInit.java:338)
Caused by: android.os.RemoteException: Remote stack trace:
	at com.android.server.accessibility.UiAutomationManager.registerUiTestAutomationServiceLocked(UiAutomationManager.java:93)
	at com.android.server.accessibility.AccessibilityManagerService.registerUiTestAutomationService(AccessibilityManagerService.java:858)
	at android.view.accessibility.IAccessibilityManager$Stub.onTransact(IAccessibilityManager.java:332)
	at android.os.Binder.execTransactInternal(Binder.java:1021)
	at android.os.Binder.execTransact(Binder.java:994)

java.lang.IllegalStateException: UiAutomation not connected!
	at android.app.UiAutomation.throwIfNotConnectedLocked(UiAutomation.java:1198)
	at android.app.UiAutomation.getServiceInfo(UiAutomation.java:495)
	at androidx.test.uiautomator.UiDevice.getUiAutomation(UiDevice.java:1482)
	at androidx.test.uiautomator.QueryController.<init>(QueryController.java:95)
	at androidx.test.uiautomator.UiDevice.<init>(UiDevice.java:115)
	at androidx.test.uiautomator.UiDevice.getInstance(UiDevice.java:296)
	at com.wetest.uia2.Main.runServer(Main.java:50)
	at com.wetest.uia2.Main.main(Main.java:30)
	at com.android.internal.os.RuntimeInit.nativeFinishInit(Native Method)
	at com.android.internal.os.RuntimeInit.main(RuntimeInit.java:338)
 | 耗时: 1.773s
2026-01-29 09:21:27 - ADBTools.U2ConnectThread - ERROR - [u2_connect_thread.py:124] - [run] - u2连接异常详情:
Traceback (most recent call last):
  File "D:\Personal files\ADBTools\Function_Moudle\u2_connect_thread.py", line 38, in run
    d = u2.connect(self.device_id)
  File "C:\Users\wangke\.conda\envs\adbtools_env\lib\site-packages\uiautomator2\__init__.py", line 947, in connect
    return connect_usb(serial)
  File "C:\Users\wangke\.conda\envs\adbtools_env\lib\site-packages\uiautomator2\__init__.py", line 963, in connect_usb
    return Device(serial)
  File "C:\Users\wangke\.conda\envs\adbtools_env\lib\site-packages\uiautomator2\base.py", line 38, in __init__
    BasicUiautomatorServer.__init__(self, self._dev)
  File "C:\Users\wangke\.conda\envs\adbtools_env\lib\site-packages\uiautomator2\core.py", line 212, in __init__
    self.start_uiautomator()
  File "C:\Users\wangke\.conda\envs\adbtools_env\lib\site-packages\uiautomator2\core.py", line 237, in start_uiautomator
    self._wait_ready()
  File "C:\Users\wangke\.conda\envs\adbtools_env\lib\site-packages\uiautomator2\core.py", line 260, in _wait_ready
    self._wait_app_process_ready(launch_timeout)
  File "C:\Users\wangke\.conda\envs\adbtools_env\lib\site-packages\uiautomator2\core.py", line 280, in _wait_app_process_ready
    raise AccessibilityServiceAlreadyRegisteredError(output)
uiautomator2.exceptions.AccessibilityServiceAlreadyRegisteredError: [server] INFO: [UiAutomator2Server] Starting Server
java.lang.IllegalStateException: UiAutomationService android.accessibilityservice.IAccessibilityServiceClient$Stub$Proxy@eb50c3dalready registered!
	at android.os.Parcel.createException(Parcel.java:2080)
	at android.os.Parcel.readException(Parcel.java:2040)
	at android.os.Parcel.readException(Parcel.java:1988)
	at android.view.accessibility.IAccessibilityManager$Stub$Proxy.registerUiTestAutomationService(IAccessibilityManager.java:642)
	at android.app.UiAutomationConnection.registerUiTestAutomationServiceLocked(UiAutomationConnection.java:451)
	at android.app.UiAutomationConnection.connect(UiAutomationConnection.java:101)
	at android.app.UiAutomation.connect(UiAutomation.java:241)
	at java.lang.reflect.Method.invoke(Native Method)
	at mirror.RefMethod.call(RefMethod.java:63)
	at uiautomator.InstrumentShellWrapper.getUiAutomation(InstrumentShellWrapper.java:97)
	at androidx.test.uiautomator.UiDevice$Api24Impl.getUiAutomationWithRetry(UiDevice.java:1545)
	at androidx.test.uiautomator.UiDevice.getUiAutomation(UiDevice.java:1468)
	at androidx.test.uiautomator.QueryController.<init>(QueryController.java:95)
	at androidx.test.uiautomator.UiDevice.<init>(UiDevice.java:115)
	at androidx.test.uiautomator.UiDevice.getInstance(UiDevice.java:296)
	at com.wetest.uia2.Main.runServer(Main.java:50)
	at com.wetest.uia2.Main.main(Main.java:30)
	at com.android.internal.os.RuntimeInit.nativeFinishInit(Native Method)
	at com.android.internal.os.RuntimeInit.main(RuntimeInit.java:338)
Caused by: android.os.RemoteException: Remote stack trace:
	at com.android.server.accessibility.UiAutomationManager.registerUiTestAutomationServiceLocked(UiAutomationManager.java:93)
	at com.android.server.accessibility.AccessibilityManagerService.registerUiTestAutomationService(AccessibilityManagerService.java:858)
	at android.view.accessibility.IAccessibilityManager$Stub.onTransact(IAccessibilityManager.java:332)
	at android.os.Binder.execTransactInternal(Binder.java:1021)
	at android.os.Binder.execTransact(Binder.java:994)

java.lang.IllegalStateException: UiAutomation not connected!
	at android.app.UiAutomation.throwIfNotConnectedLocked(UiAutomation.java:1198)
	at android.app.UiAutomation.getServiceInfo(UiAutomation.java:495)
	at androidx.test.uiautomator.UiDevice.getUiAutomation(UiDevice.java:1482)
	at androidx.test.uiautomator.QueryController.<init>(QueryController.java:95)
	at androidx.test.uiautomator.UiDevice.<init>(UiDevice.java:115)
	at androidx.test.uiautomator.UiDevice.getInstance(UiDevice.java:296)
	at com.wetest.uia2.Main.runServer(Main.java:50)
	at com.wetest.uia2.Main.main(Main.java:30)
	at com.android.internal.os.RuntimeInit.nativeFinishInit(Native Method)
	at com.android.internal.os.RuntimeInit.main(RuntimeInit.java:338)

2026-01-29 09:21:27 - ADBTools.Device - INFO - [logger_manager.py:601] - [log_device_operation] - [2026-01-29 09:21:27.981] [Thread-53472] 设备操作: u2_connect_exception | 设备: 192.168.8.103:5555 | 详情: {'mode': 'u2', 'status': 'error', 'error': '[server] INFO: [UiAutomator2Server] Starting Server\njava.lang.IllegalStateException: UiAutomationService android.accessibilityservice.IAccessibilityServiceClient$Stub$Proxy@eb50c3dalready registered!\n\tat android.os.Parcel.createException(Parcel.java:2080)\n\tat android.os.Parcel.readException(Parcel.java:2040)\n\tat android.os.Parcel.readException(Parcel.java:1988)\n\tat android.view.accessibility.IAccessibilityManager$Stub$Proxy.registerUiTestAutomationService(IAccessibilityManager.java:642)\n\tat android.app.UiAutomationConnection.registerUiTestAutomationServiceLocked(UiAutomationConnection.java:451)\n\tat android.app.UiAutomationConnection.connect(UiAutomationConnection.java:101)\n\tat android.app.UiAutomation.connect(UiAutomation.java:241)\n\tat java.lang.reflect.Method.invoke(Native Method)\n\tat mirror.RefMethod.call(RefMethod.java:63)\n\tat uiautomator.InstrumentShellWrapper.getUiAutomation(InstrumentShellWrapper.java:97)\n\tat androidx.test.uiautomator.UiDevice$Api24Impl.getUiAutomationWithRetry(UiDevice.java:1545)\n\tat androidx.test.uiautomator.UiDevice.getUiAutomation(UiDevice.java:1468)\n\tat androidx.test.uiautomator.QueryController.<init>(QueryController.java:95)\n\tat androidx.test.uiautomator.UiDevice.<init>(UiDevice.java:115)\n\tat androidx.test.uiautomator.UiDevice.getInstance(UiDevice.java:296)\n\tat com.wetest.uia2.Main.runServer(Main.java:50)\n\tat com.wetest.uia2.Main.main(Main.java:30)\n\tat com.android.internal.os.RuntimeInit.nativeFinishInit(Native Method)\n\tat com.android.internal.os.RuntimeInit.main(RuntimeInit.java:338)\nCaused by: android.os.RemoteException: Remote stack trace:\n\tat com.android.server.accessibility.UiAutomationManager.registerUiTestAutomationServiceLocked(UiAutomationManager.java:93)\n\tat com.android.server.accessibility.AccessibilityManagerService.registerUiTestAutomationService(AccessibilityManagerService.java:858)\n\tat android.view.accessibility.IAccessibilityManager$Stub.onTransact(IAccessibilityManager.java:332)\n\tat android.os.Binder.execTransactInternal(Binder.java:1021)\n\tat android.os.Binder.execTransact(Binder.java:994)\n\njava.lang.IllegalStateException: UiAutomation not connected!\n\tat android.app.UiAutomation.throwIfNotConnectedLocked(UiAutomation.java:1198)\n\tat android.app.UiAutomation.getServiceInfo(UiAutomation.java:495)\n\tat androidx.test.uiautomator.UiDevice.getUiAutomation(UiDevice.java:1482)\n\tat androidx.test.uiautomator.QueryController.<init>(QueryController.java:95)\n\tat androidx.test.uiautomator.UiDevice.<init>(UiDevice.java:115)\n\tat androidx.test.uiautomator.UiDevice.getInstance(UiDevice.java:296)\n\tat com.wetest.uia2.Main.runServer(Main.java:50)\n\tat com.wetest.uia2.Main.main(Main.java:30)\n\tat com.android.internal.os.RuntimeInit.nativeFinishInit(Native Method)\n\tat com.android.internal.os.RuntimeInit.main(RuntimeInit.java:338)\n', 'elapsed_time': 1.7732985019683838}
2026-01-29 09:21:27 - ADBTools.Thread - ERROR - [logger_manager.py:660] - [log_thread_complete] - [2026-01-29 09:21:27.982] [Thread-53472] 线程完成: U2ConnectThread | 结果: error | 详情: {'device_id': '192.168.8.103:5555', 'elapsed_time': 1.7732985019683838, 'error': '[server] INFO: [UiAutomator2Server] Starting Server\njava.lang.IllegalStateException: UiAutomationService android.accessibilityservice.IAccessibilityServiceClient$Stub$Proxy@eb50c3dalready registered!\n\tat android.os.Parcel.createException(Parcel.java:2080)\n\tat android.os.Parcel.readException(Parcel.java:2040)\n\tat android.os.Parcel.readException(Parcel.java:1988)\n\tat android.view.accessibility.IAccessibilityManager$Stub$Proxy.registerUiTestAutomationService(IAccessibilityManager.java:642)\n\tat android.app.UiAutomationConnection.registerUiTestAutomationServiceLocked(UiAutomationConnection.java:451)\n\tat android.app.UiAutomationConnection.connect(UiAutomationConnection.java:101)\n\tat android.app.UiAutomation.connect(UiAutomation.java:241)\n\tat java.lang.reflect.Method.invoke(Native Method)\n\tat mirror.RefMethod.call(RefMethod.java:63)\n\tat uiautomator.InstrumentShellWrapper.getUiAutomation(InstrumentShellWrapper.java:97)\n\tat androidx.test.uiautomator.UiDevice$Api24Impl.getUiAutomationWithRetry(UiDevice.java:1545)\n\tat androidx.test.uiautomator.UiDevice.getUiAutomation(UiDevice.java:1468)\n\tat androidx.test.uiautomator.QueryController.<init>(QueryController.java:95)\n\tat androidx.test.uiautomator.UiDevice.<init>(UiDevice.java:115)\n\tat androidx.test.uiautomator.UiDevice.getInstance(UiDevice.java:296)\n\tat com.wetest.uia2.Main.runServer(Main.java:50)\n\tat com.wetest.uia2.Main.main(Main.java:30)\n\tat com.android.internal.os.RuntimeInit.nativeFinishInit(Native Method)\n\tat com.android.internal.os.RuntimeInit.main(RuntimeInit.java:338)\nCaused by: android.os.RemoteException: Remote stack trace:\n\tat com.android.server.accessibility.UiAutomationManager.registerUiTestAutomationServiceLocked(UiAutomationManager.java:93)\n\tat com.android.server.accessibility.AccessibilityManagerService.registerUiTestAutomationService(AccessibilityManagerService.java:858)\n\tat android.view.accessibility.IAccessibilityManager$Stub.onTransact(IAccessibilityManager.java:332)\n\tat android.os.Binder.execTransactInternal(Binder.java:1021)\n\tat android.os.Binder.execTransact(Binder.java:994)\n\njava.lang.IllegalStateException: UiAutomation not connected!\n\tat android.app.UiAutomation.throwIfNotConnectedLocked(UiAutomation.java:1198)\n\tat android.app.UiAutomation.getServiceInfo(UiAutomation.java:495)\n\tat androidx.test.uiautomator.UiDevice.getUiAutomation(UiDevice.java:1482)\n\tat androidx.test.uiautomator.QueryController.<init>(QueryController.java:95)\n\tat androidx.test.uiautomator.UiDevice.<init>(UiDevice.java:115)\n\tat androidx.test.uiautomator.UiDevice.getInstance(UiDevice.java:296)\n\tat com.wetest.uia2.Main.runServer(Main.java:50)\n\tat com.wetest.uia2.Main.main(Main.java:30)\n\tat com.android.internal.os.RuntimeInit.nativeFinishInit(Native Method)\n\tat com.android.internal.os.RuntimeInit.main(RuntimeInit.java:338)\n'}
2026-01-29 09:21:27 - ADBTools.Device - INFO - [logger_manager.py:601] - [log_device_operation] - [2026-01-29 09:21:27.986] [Thread-54316] 设备操作: u2_connect_failed | 设备: 192.168.8.103:5555 | 详情: {'mode': 'adb', 'reason': 'u2连接失败'}
2026-01-29 09:21:27 - ADBTools.Thread - ERROR - [logger_manager.py:660] - [log_thread_complete] - [2026-01-29 09:21:27.987] [Thread-54316] 线程完成: U2ConnectThread | 结果: failed | 详情: {'device_id': '192.168.8.103:5555', 'fallback_mode': 'adb'}
2026-01-29 09:21:30 - ADBTools.ADB_Utils - DEBUG - [adb_utils.py:75] - [get_adb_path] - 使用缓存的ADB路径: D:\work_tools\adb-1\adb.exe
2026-01-29 09:21:30 - ADBTools.ADB_Utils - DEBUG - [adb_utils.py:154] - [run_adb_command] - [2026-01-29 09:21:30.696] [Thread-54316] 执行ADB命令 [全局]: devices
2026-01-29 09:21:30 - ADBTools.ADB_Utils - DEBUG - [adb_utils.py:173] - [run_adb_command] - [2026-01-29 09:21:30.696] [Thread-54316] ADB命令执行成功 [全局]: devices (耗时: 0.108s)
2026-01-29 09:21:30 - ADBTools.UI - INFO - [logger_manager.py:556] - [log_button_click] - [2026-01-29 09:21:30.805] [Thread-54316] 用户操作: 点击 list_package_button 按钮 -> 获取应用列表 (搜索: tele)
2026-01-29 09:21:32 - ADBTools.ADB_Module - INFO - [ADB_module.py:1549] - [_handle_list_package_results] - ✓ 找到 3 个应用
2026-01-29 09:21:32 - ADBTools.ADB_Module - INFO - [ADB_module.py:1553] - [_handle_list_package_results] -   1. com.android.server.telecom, 版本号: 10
2026-01-29 09:21:32 - ADBTools.ADB_Module - INFO - [ADB_module.py:1553] - [_handle_list_package_results] -   2. com.android.server.telecom.overlay.common, 版本号: 10
2026-01-29 09:21:32 - ADBTools.ADB_Module - INFO - [ADB_module.py:1553] - [_handle_list_package_results] -   3. com.telenav.app.arp, 版本号: 8.2.82.1.48314
2026-01-29 09:21:32 - ADBTools.Method - INFO - [logger_manager.py:578] - [log_method_result] - [2026-01-29 09:21:32.182] [Thread-54316] ✓ list_package 完成: 获取完成
2026-01-29 10:00:43 - ADBTools.UI - INFO - [logger_manager.py:556] - [log_button_click] - [2026-01-29 10:00:43.696] [Thread-54316] 用户操作: 点击 RefreshButton 按钮 -> 刷新设备列表
2026-01-29 10:00:43 - ADBTools.RefreshDevicesThread - INFO - [refresh_devices_thread.py:37] - [__init__] - 刷新设备列表线程初始化
2026-01-29 10:00:43 - ADBTools.Thread - INFO - [logger_manager.py:640] - [log_thread_start] - [2026-01-29 10:00:43.698] [Thread-54316] 线程启动: RefreshDevicesThread | 详情: {'action': '刷新设备列表'}
2026-01-29 10:00:43 - ADBTools.RefreshDevicesThread - INFO - [refresh_devices_thread.py:41] - [run] - ================================================================================
2026-01-29 10:00:43 - ADBTools.RefreshDevicesThread - INFO - [refresh_devices_thread.py:42] - [run] - 开始执行刷新设备列表操作
2026-01-29 10:00:43 - ADBTools.RefreshDevicesThread - INFO - [refresh_devices_thread.py:43] - [run] - ================================================================================
2026-01-29 10:00:43 - ADBTools.RefreshDevicesThread - INFO - [refresh_devices_thread.py:51] - [run] - 发送进度信号: 正在刷新设备列表...
2026-01-29 10:00:43 - ADBTools.RefreshDevicesThread - INFO - [refresh_devices_thread.py:54] - [run] - 准备执行 ADB 命令: devices
2026-01-29 10:00:43 - ADBTools.ADB_Utils - DEBUG - [adb_utils.py:75] - [get_adb_path] - 使用缓存的ADB路径: D:\work_tools\adb-1\adb.exe
2026-01-29 10:00:43 - ADBTools.ADB_Utils - DEBUG - [adb_utils.py:154] - [run_adb_command] - [2026-01-29 10:00:43.701] [Thread-65256] 执行ADB命令 [全局]: devices
2026-01-29 10:00:43 - ADBTools.ADB_Utils - DEBUG - [adb_utils.py:173] - [run_adb_command] - [2026-01-29 10:00:43.701] [Thread-65256] ADB命令执行成功 [全局]: devices (耗时: 0.108s)
2026-01-29 10:00:43 - ADBTools.RefreshDevicesThread - INFO - [refresh_devices_thread.py:60] - [run] - ADB 命令执行完成，开始解析结果...
2026-01-29 10:00:43 - ADBTools.RefreshDevicesThread - INFO - [refresh_devices_thread.py:76] - [run] - ADB 命令返回内容长度: 24 字符
2026-01-29 10:00:43 - ADBTools.RefreshDevicesThread - INFO - [refresh_devices_thread.py:89] - [run] - ADB命令返回 1 行内容
2026-01-29 10:00:43 - ADBTools.RefreshDevicesThread - DEBUG - [refresh_devices_thread.py:95] - [run] - 解析第 1 行: List of devices attached
2026-01-29 10:00:43 - ADBTools.RefreshDevicesThread - INFO - [refresh_devices_thread.py:107] - [run] - 设备解析完成，共找到 0 个设备
2026-01-29 10:00:43 - ADBTools.RefreshDevicesThread - INFO - [refresh_devices_thread.py:125] - [run] - 未检测到任何已连接的设备
2026-01-29 10:00:43 - ADBTools.RefreshDevicesThread - INFO - [refresh_devices_thread.py:133] - [run] - ================================================================================
2026-01-29 10:00:43 - ADBTools.RefreshDevicesThread - INFO - [refresh_devices_thread.py:134] - [run] - 刷新设备列表操作完成
2026-01-29 10:00:43 - ADBTools.RefreshDevicesThread - INFO - [refresh_devices_thread.py:135] - [run] - ================================================================================
2026-01-29 10:00:43 - ADBTools.ADB_Module - INFO - [ADB_module.py:1790] - [_on_refresh_thread_finished] - 设备列表刷新完成
2026-01-29 10:00:45 - ADBTools.UI - INFO - [logger_manager.py:556] - [log_button_click] - [2026-01-29 10:00:45.490] [Thread-54316] 用户操作: 点击 RefreshButton 按钮 -> 刷新设备列表
2026-01-29 10:00:45 - ADBTools.RefreshDevicesThread - INFO - [refresh_devices_thread.py:37] - [__init__] - 刷新设备列表线程初始化
2026-01-29 10:00:45 - ADBTools.Thread - INFO - [logger_manager.py:640] - [log_thread_start] - [2026-01-29 10:00:45.491] [Thread-54316] 线程启动: RefreshDevicesThread | 详情: {'action': '刷新设备列表'}
2026-01-29 10:00:45 - ADBTools.RefreshDevicesThread - INFO - [refresh_devices_thread.py:41] - [run] - ================================================================================
2026-01-29 10:00:45 - ADBTools.RefreshDevicesThread - INFO - [refresh_devices_thread.py:42] - [run] - 开始执行刷新设备列表操作
2026-01-29 10:00:45 - ADBTools.RefreshDevicesThread - INFO - [refresh_devices_thread.py:43] - [run] - ================================================================================
2026-01-29 10:00:45 - ADBTools.RefreshDevicesThread - INFO - [refresh_devices_thread.py:51] - [run] - 发送进度信号: 正在刷新设备列表...
2026-01-29 10:00:45 - ADBTools.RefreshDevicesThread - INFO - [refresh_devices_thread.py:54] - [run] - 准备执行 ADB 命令: devices
2026-01-29 10:00:45 - ADBTools.ADB_Utils - DEBUG - [adb_utils.py:75] - [get_adb_path] - 使用缓存的ADB路径: D:\work_tools\adb-1\adb.exe
2026-01-29 10:00:45 - ADBTools.ADB_Utils - DEBUG - [adb_utils.py:154] - [run_adb_command] - [2026-01-29 10:00:45.494] [Thread-79532] 执行ADB命令 [全局]: devices
2026-01-29 10:00:45 - ADBTools.ADB_Utils - DEBUG - [adb_utils.py:173] - [run_adb_command] - [2026-01-29 10:00:45.494] [Thread-79532] ADB命令执行成功 [全局]: devices (耗时: 0.112s)
2026-01-29 10:00:45 - ADBTools.RefreshDevicesThread - INFO - [refresh_devices_thread.py:60] - [run] - ADB 命令执行完成，开始解析结果...
2026-01-29 10:00:45 - ADBTools.RefreshDevicesThread - INFO - [refresh_devices_thread.py:76] - [run] - ADB 命令返回内容长度: 24 字符
2026-01-29 10:00:45 - ADBTools.RefreshDevicesThread - INFO - [refresh_devices_thread.py:89] - [run] - ADB命令返回 1 行内容
2026-01-29 10:00:45 - ADBTools.RefreshDevicesThread - DEBUG - [refresh_devices_thread.py:95] - [run] - 解析第 1 行: List of devices attached
2026-01-29 10:00:45 - ADBTools.RefreshDevicesThread - INFO - [refresh_devices_thread.py:107] - [run] - 设备解析完成，共找到 0 个设备
2026-01-29 10:00:45 - ADBTools.RefreshDevicesThread - INFO - [refresh_devices_thread.py:125] - [run] - 未检测到任何已连接的设备
2026-01-29 10:00:45 - ADBTools.RefreshDevicesThread - INFO - [refresh_devices_thread.py:133] - [run] - ================================================================================
2026-01-29 10:00:45 - ADBTools.RefreshDevicesThread - INFO - [refresh_devices_thread.py:134] - [run] - 刷新设备列表操作完成
2026-01-29 10:00:45 - ADBTools.RefreshDevicesThread - INFO - [refresh_devices_thread.py:135] - [run] - ================================================================================
2026-01-29 10:00:45 - ADBTools.ADB_Module - INFO - [ADB_module.py:1790] - [_on_refresh_thread_finished] - 设备列表刷新完成
2026-01-29 10:01:34 - ADBTools.UI - INFO - [logger_manager.py:556] - [log_button_click] - [2026-01-29 10:01:34.737] [Thread-54316] 用户操作: 点击 RefreshButton 按钮 -> 刷新设备列表
2026-01-29 10:01:34 - ADBTools.RefreshDevicesThread - INFO - [refresh_devices_thread.py:37] - [__init__] - 刷新设备列表线程初始化
2026-01-29 10:01:34 - ADBTools.Thread - INFO - [logger_manager.py:640] - [log_thread_start] - [2026-01-29 10:01:34.738] [Thread-54316] 线程启动: RefreshDevicesThread | 详情: {'action': '刷新设备列表'}
2026-01-29 10:01:34 - ADBTools.RefreshDevicesThread - INFO - [refresh_devices_thread.py:41] - [run] - ================================================================================
2026-01-29 10:01:34 - ADBTools.RefreshDevicesThread - INFO - [refresh_devices_thread.py:42] - [run] - 开始执行刷新设备列表操作
2026-01-29 10:01:34 - ADBTools.RefreshDevicesThread - INFO - [refresh_devices_thread.py:43] - [run] - ================================================================================
2026-01-29 10:01:34 - ADBTools.RefreshDevicesThread - INFO - [refresh_devices_thread.py:51] - [run] - 发送进度信号: 正在刷新设备列表...
2026-01-29 10:01:34 - ADBTools.RefreshDevicesThread - INFO - [refresh_devices_thread.py:54] - [run] - 准备执行 ADB 命令: devices
2026-01-29 10:01:34 - ADBTools.ADB_Utils - DEBUG - [adb_utils.py:75] - [get_adb_path] - 使用缓存的ADB路径: D:\work_tools\adb-1\adb.exe
2026-01-29 10:01:34 - ADBTools.ADB_Utils - DEBUG - [adb_utils.py:154] - [run_adb_command] - [2026-01-29 10:01:34.741] [Thread-68476] 执行ADB命令 [全局]: devices
2026-01-29 10:01:34 - ADBTools.ADB_Utils - DEBUG - [adb_utils.py:173] - [run_adb_command] - [2026-01-29 10:01:34.741] [Thread-68476] ADB命令执行成功 [全局]: devices (耗时: 0.116s)
2026-01-29 10:01:34 - ADBTools.RefreshDevicesThread - INFO - [refresh_devices_thread.py:60] - [run] - ADB 命令执行完成，开始解析结果...
2026-01-29 10:01:34 - ADBTools.RefreshDevicesThread - INFO - [refresh_devices_thread.py:76] - [run] - ADB 命令返回内容长度: 50 字符
2026-01-29 10:01:34 - ADBTools.RefreshDevicesThread - INFO - [refresh_devices_thread.py:89] - [run] - ADB命令返回 2 行内容
2026-01-29 10:01:34 - ADBTools.RefreshDevicesThread - DEBUG - [refresh_devices_thread.py:95] - [run] - 解析第 1 行: List of devices attached
2026-01-29 10:01:34 - ADBTools.RefreshDevicesThread - DEBUG - [refresh_devices_thread.py:95] - [run] - 解析第 2 行: 192.168.8.103:5555	device
2026-01-29 10:01:34 - ADBTools.RefreshDevicesThread - INFO - [refresh_devices_thread.py:101] - [run] - ✓ 发现设备: 192.168.8.103:5555 (状态: device)
2026-01-29 10:01:34 - ADBTools.RefreshDevicesThread - INFO - [refresh_devices_thread.py:107] - [run] - 设备解析完成，共找到 1 个设备
2026-01-29 10:01:34 - ADBTools.RefreshDevicesThread - INFO - [refresh_devices_thread.py:112] - [run] - 设备列表:
2026-01-29 10:01:34 - ADBTools.RefreshDevicesThread - INFO - [refresh_devices_thread.py:114] - [run] -   - 192.168.8.103:5555
2026-01-29 10:01:34 - ADBTools.RefreshDevicesThread - INFO - [refresh_devices_thread.py:133] - [run] - ================================================================================
2026-01-29 10:01:34 - ADBTools.Device - INFO - [logger_manager.py:601] - [log_device_operation] - [2026-01-29 10:01:34.862] [Thread-54316] 设备操作: u2_connect_attempt | 设备: 192.168.8.103:5555 | 详情: {'mode': 'u2', 'action': '尝试u2连接'}
2026-01-29 10:01:34 - ADBTools.RefreshDevicesThread - INFO - [refresh_devices_thread.py:134] - [run] - 刷新设备列表操作完成
2026-01-29 10:01:34 - ADBTools.U2ConnectThread - INFO - [u2_connect_thread.py:23] - [__init__] - U2ConnectThread初始化: 目标设备 192.168.8.103:5555
2026-01-29 10:01:34 - ADBTools.RefreshDevicesThread - INFO - [refresh_devices_thread.py:135] - [run] - ================================================================================
2026-01-29 10:01:34 - ADBTools.Thread - INFO - [logger_manager.py:640] - [log_thread_start] - [2026-01-29 10:01:34.864] [Thread-54316] 线程启动: U2ConnectThread | 详情: {'device_id': '192.168.8.103:5555', 'mode': 'u2'}
2026-01-29 10:01:34 - ADBTools.Thread - INFO - [logger_manager.py:640] - [log_thread_start] - [2026-01-29 10:01:34.864] [Thread-60908] 线程启动: U2ConnectThread | 详情: {'device_id': '192.168.8.103:5555'}
2026-01-29 10:01:34 - ADBTools.Device - INFO - [logger_manager.py:601] - [log_device_operation] - [2026-01-29 10:01:34.865] [Thread-60908] 设备操作: u2_connect_start | 设备: 192.168.8.103:5555 | 详情: {'mode': 'u2'}
2026-01-29 10:01:34 - ADBTools.U2ConnectThread - INFO - [u2_connect_thread.py:35] - [run] - 开始u2连接: 192.168.8.103:5555
2026-01-29 10:01:34 - ADBTools.ADB_Module - INFO - [ADB_module.py:1790] - [_on_refresh_thread_finished] - 设备列表刷新完成
2026-01-29 10:01:36 - ADBTools.U2ConnectThread - ERROR - [u2_connect_thread.py:123] - [run] - u2连接异常: ('server quit unexpectly', '[server] INFO: [UiAutomator2Server] Starting Server\n[server] INFO: [UiAutomator2Server] Starting Server\nSLF4J: Failed to load class "org.slf4j.impl.StaticLoggerBinder".\nSLF4J: Defaulting to no-operation (NOP) logger implementation\nSLF4J: See http://www.slf4j.org/codes.html#StaticLoggerBinder for further details.\n[server] INFO: clipboardManager inited\n[server] INFO: tmpdir is /data/local/tmp/u2\njava.net.BindException: bind failed: EADDRINUSE (Address already in use)\n\tat libcore.io.IoBridge.bind(IoBridge.java:109)\n\tat java.net.PlainSocketImpl.socketBind(PlainSocketImpl.java:162)\n\tat java.net.AbstractPlainSocketImpl.bind(AbstractPlainSocketImpl.java:427)\n\tat java.net.ServerSocket.bind(ServerSocket.java:377)\n\tat java.net.ServerSocket.bind(ServerSocket.java:331)\n\tat fi.iki.elonen.NanoHTTPD$ServerRunnable.run(NanoHTTPD.java:1761)\n\tat java.lang.Thread.run(Thread.java:919)\nCaused by: android.system.ErrnoException: bind failed: EADDRINUSE (Address already in use)\n\tat libcore.io.Linux.bind(Native Method)\n\tat libcore.io.ForwardingOs.bind(ForwardingOs.java:75)\n\tat libcore.io.IoBridge.bind(IoBridge.java:105)\n\t... 6 more\n') | 耗时: 2.051s
2026-01-29 10:01:36 - ADBTools.U2ConnectThread - ERROR - [u2_connect_thread.py:124] - [run] - u2连接异常详情:
Traceback (most recent call last):
  File "D:\Personal files\ADBTools\Function_Moudle\u2_connect_thread.py", line 38, in run
    d = u2.connect(self.device_id)
  File "C:\Users\wangke\.conda\envs\adbtools_env\lib\site-packages\uiautomator2\__init__.py", line 947, in connect
    return connect_usb(serial)
  File "C:\Users\wangke\.conda\envs\adbtools_env\lib\site-packages\uiautomator2\__init__.py", line 963, in connect_usb
    return Device(serial)
  File "C:\Users\wangke\.conda\envs\adbtools_env\lib\site-packages\uiautomator2\base.py", line 38, in __init__
    BasicUiautomatorServer.__init__(self, self._dev)
  File "C:\Users\wangke\.conda\envs\adbtools_env\lib\site-packages\uiautomator2\core.py", line 212, in __init__
    self.start_uiautomator()
  File "C:\Users\wangke\.conda\envs\adbtools_env\lib\site-packages\uiautomator2\core.py", line 237, in start_uiautomator
    self._wait_ready()
  File "C:\Users\wangke\.conda\envs\adbtools_env\lib\site-packages\uiautomator2\core.py", line 260, in _wait_ready
    self._wait_app_process_ready(launch_timeout)
  File "C:\Users\wangke\.conda\envs\adbtools_env\lib\site-packages\uiautomator2\core.py", line 282, in _wait_app_process_ready
    raise LaunchUiAutomationError("server quit unexpectly", output_buffer)
uiautomator2.exceptions.LaunchUiAutomationError: ('server quit unexpectly', '[server] INFO: [UiAutomator2Server] Starting Server\n[server] INFO: [UiAutomator2Server] Starting Server\nSLF4J: Failed to load class "org.slf4j.impl.StaticLoggerBinder".\nSLF4J: Defaulting to no-operation (NOP) logger implementation\nSLF4J: See http://www.slf4j.org/codes.html#StaticLoggerBinder for further details.\n[server] INFO: clipboardManager inited\n[server] INFO: tmpdir is /data/local/tmp/u2\njava.net.BindException: bind failed: EADDRINUSE (Address already in use)\n\tat libcore.io.IoBridge.bind(IoBridge.java:109)\n\tat java.net.PlainSocketImpl.socketBind(PlainSocketImpl.java:162)\n\tat java.net.AbstractPlainSocketImpl.bind(AbstractPlainSocketImpl.java:427)\n\tat java.net.ServerSocket.bind(ServerSocket.java:377)\n\tat java.net.ServerSocket.bind(ServerSocket.java:331)\n\tat fi.iki.elonen.NanoHTTPD$ServerRunnable.run(NanoHTTPD.java:1761)\n\tat java.lang.Thread.run(Thread.java:919)\nCaused by: android.system.ErrnoException: bind failed: EADDRINUSE (Address already in use)\n\tat libcore.io.Linux.bind(Native Method)\n\tat libcore.io.ForwardingOs.bind(ForwardingOs.java:75)\n\tat libcore.io.IoBridge.bind(IoBridge.java:105)\n\t... 6 more\n')
2026-01-29 10:01:36 - ADBTools.Device - INFO - [logger_manager.py:601] - [log_device_operation] - [2026-01-29 10:01:36.916] [Thread-60908] 设备操作: u2_connect_exception | 设备: 192.168.8.103:5555 | 详情: {'mode': 'u2', 'status': 'error', 'error': '(\'server quit unexpectly\', \'[server] INFO: [UiAutomator2Server] Starting Server\\n[server] INFO: [UiAutomator2Server] Starting Server\\nSLF4J: Failed to load class "org.slf4j.impl.StaticLoggerBinder".\\nSLF4J: Defaulting to no-operation (NOP) logger implementation\\nSLF4J: See http://www.slf4j.org/codes.html#StaticLoggerBinder for further details.\\n[server] INFO: clipboardManager inited\\n[server] INFO: tmpdir is /data/local/tmp/u2\\njava.net.BindException: bind failed: EADDRINUSE (Address already in use)\\n\\tat libcore.io.IoBridge.bind(IoBridge.java:109)\\n\\tat java.net.PlainSocketImpl.socketBind(PlainSocketImpl.java:162)\\n\\tat java.net.AbstractPlainSocketImpl.bind(AbstractPlainSocketImpl.java:427)\\n\\tat java.net.ServerSocket.bind(ServerSocket.java:377)\\n\\tat java.net.ServerSocket.bind(ServerSocket.java:331)\\n\\tat fi.iki.elonen.NanoHTTPD$ServerRunnable.run(NanoHTTPD.java:1761)\\n\\tat java.lang.Thread.run(Thread.java:919)\\nCaused by: android.system.ErrnoException: bind failed: EADDRINUSE (Address already in use)\\n\\tat libcore.io.Linux.bind(Native Method)\\n\\tat libcore.io.ForwardingOs.bind(ForwardingOs.java:75)\\n\\tat libcore.io.IoBridge.bind(IoBridge.java:105)\\n\\t... 6 more\\n\')', 'elapsed_time': 2.050692319869995}
2026-01-29 10:01:36 - ADBTools.Thread - ERROR - [logger_manager.py:660] - [log_thread_complete] - [2026-01-29 10:01:36.916] [Thread-60908] 线程完成: U2ConnectThread | 结果: error | 详情: {'device_id': '192.168.8.103:5555', 'elapsed_time': 2.050692319869995, 'error': '(\'server quit unexpectly\', \'[server] INFO: [UiAutomator2Server] Starting Server\\n[server] INFO: [UiAutomator2Server] Starting Server\\nSLF4J: Failed to load class "org.slf4j.impl.StaticLoggerBinder".\\nSLF4J: Defaulting to no-operation (NOP) logger implementation\\nSLF4J: See http://www.slf4j.org/codes.html#StaticLoggerBinder for further details.\\n[server] INFO: clipboardManager inited\\n[server] INFO: tmpdir is /data/local/tmp/u2\\njava.net.BindException: bind failed: EADDRINUSE (Address already in use)\\n\\tat libcore.io.IoBridge.bind(IoBridge.java:109)\\n\\tat java.net.PlainSocketImpl.socketBind(PlainSocketImpl.java:162)\\n\\tat java.net.AbstractPlainSocketImpl.bind(AbstractPlainSocketImpl.java:427)\\n\\tat java.net.ServerSocket.bind(ServerSocket.java:377)\\n\\tat java.net.ServerSocket.bind(ServerSocket.java:331)\\n\\tat fi.iki.elonen.NanoHTTPD$ServerRunnable.run(NanoHTTPD.java:1761)\\n\\tat java.lang.Thread.run(Thread.java:919)\\nCaused by: android.system.ErrnoException: bind failed: EADDRINUSE (Address already in use)\\n\\tat libcore.io.Linux.bind(Native Method)\\n\\tat libcore.io.ForwardingOs.bind(ForwardingOs.java:75)\\n\\tat libcore.io.IoBridge.bind(IoBridge.java:105)\\n\\t... 6 more\\n\')'}
2026-01-29 10:01:36 - ADBTools.Device - INFO - [logger_manager.py:601] - [log_device_operation] - [2026-01-29 10:01:36.918] [Thread-54316] 设备操作: u2_connect_failed | 设备: 192.168.8.103:5555 | 详情: {'mode': 'adb', 'reason': 'u2连接失败'}
2026-01-29 10:01:36 - ADBTools.Thread - ERROR - [logger_manager.py:660] - [log_thread_complete] - [2026-01-29 10:01:36.918] [Thread-54316] 线程完成: U2ConnectThread | 结果: failed | 详情: {'device_id': '192.168.8.103:5555', 'fallback_mode': 'adb'}
