2026-02-04 13:12:18 - ADBTools.Main - INFO - [main.py:19] - [main] - ================================================================================
2026-02-04 13:12:18 - ADBTools.Main - INFO - [main.py:20] - [main] - ADBTools 应用程序启动
2026-02-04 13:12:18 - ADBTools.Main - INFO - [main.py:21] - [main] - Python 版本: 3.10.16 | packaged by Anaconda, Inc. | (main, Dec 11 2024, 16:19:12) [MSC v.1929 64 bit (AMD64)]
2026-02-04 13:12:18 - ADBTools.Main - INFO - [main.py:22] - [main] - 工作目录: D:\Personal files\ADBTools
2026-02-04 13:12:18 - ADBTools.Main - INFO - [main.py:23] - [main] - ================================================================================
2026-02-04 13:12:18 - ADBTools.Main - INFO - [main.py:28] - [main] - 加载 ADB 主窗口模块...
2026-02-04 13:12:18 - ADBTools.Main - CRITICAL - [main.py:66] - [main] - 严重错误: 'continue' not properly in loop (ADB_module.py, line 2346)
2026-02-04 13:12:18 - ADBTools.Main - CRITICAL - [main.py:67] - [main] - 异常堆栈:
Traceback (most recent call last):
  File "D:\Personal files\ADBTools\main.py", line 29, in main
    from ADB_module import ADB_Mainwindow
  File "D:\Personal files\ADBTools\ADB_module.py", line 2346
    continue
    ^^^^^^^^
SyntaxError: 'continue' not properly in loop

2026-02-04 13:14:53 - ADBTools.Main - INFO - [main.py:19] - [main] - ================================================================================
2026-02-04 13:14:53 - ADBTools.Main - INFO - [main.py:20] - [main] - ADBTools 应用程序启动
2026-02-04 13:14:53 - ADBTools.Main - INFO - [main.py:21] - [main] - Python 版本: 3.10.16 | packaged by Anaconda, Inc. | (main, Dec 11 2024, 16:19:12) [MSC v.1929 64 bit (AMD64)]
2026-02-04 13:14:53 - ADBTools.Main - INFO - [main.py:22] - [main] - 工作目录: D:\Personal files\ADBTools
2026-02-04 13:14:53 - ADBTools.Main - INFO - [main.py:23] - [main] - ================================================================================
2026-02-04 13:14:53 - ADBTools.Main - INFO - [main.py:28] - [main] - 加载 ADB 主窗口模块...
2026-02-04 13:14:55 - ADBTools.ADB_Module - INFO - [ADB_module.py:108] - [__init__] - 初始化 ADB 主窗口...
2026-02-04 13:14:55 - ADBTools.UI - INFO - [logger_manager.py:556] - [log_button_click] - [2026-02-04 13:14:55.765] [Thread-30360] 用户操作: 点击 RefreshButton 按钮 -> 刷新设备列表
2026-02-04 13:14:55 - ADBTools.RefreshDevicesThread - INFO - [refresh_devices_thread.py:37] - [__init__] - 刷新设备列表线程初始化
2026-02-04 13:14:55 - ADBTools.RefreshDevicesThread - INFO - [refresh_devices_thread.py:41] - [run] - ================================================================================
2026-02-04 13:14:55 - ADBTools.Thread - INFO - [logger_manager.py:640] - [log_thread_start] - [2026-02-04 13:14:55.775] [Thread-30360] 线程启动: RefreshDevicesThread | 详情: {'action': '刷新设备列表'}
2026-02-04 13:14:55 - ADBTools.RefreshDevicesThread - INFO - [refresh_devices_thread.py:42] - [run] - 开始执行刷新设备列表操作
2026-02-04 13:14:55 - ADBTools.RefreshDevicesThread - INFO - [refresh_devices_thread.py:43] - [run] - ================================================================================
2026-02-04 13:14:55 - ADBTools.RefreshDevicesThread - INFO - [refresh_devices_thread.py:51] - [run] - 发送进度信号: 正在刷新设备列表...
2026-02-04 13:14:55 - ADBTools.RefreshDevicesThread - INFO - [refresh_devices_thread.py:54] - [run] - 准备执行 ADB 命令: devices
2026-02-04 13:14:55 - ADBTools.ADB_Utils - INFO - [adb_utils.py:78] - [get_adb_path] - 开始查找ADB可执行文件...
2026-02-04 13:14:55 - ADBTools.ADB_Utils - DEBUG - [adb_utils.py:82] - [get_adb_path] - ADB搜索路径: ['adb', 'adb.exe', './adb.exe', './tools/adb.exe', 'C:\\Program Files (x86)\\Android\\android-sdk\\platform-tools\\adb.exe', 'D:\\work_tools\\adb-1\\adb.exe']
2026-02-04 13:14:55 - ADBTools.Main - INFO - [main.py:32] - [main] - ADB 主窗口创建成功，版本: 1.6.6
2026-02-04 13:14:55 - ADBTools.ADB_Utils - INFO - [adb_utils.py:109] - [get_adb_path] - 找到ADB (系统PATH): D:\work_tools\adb-1\adb.exe
2026-02-04 13:14:55 - ADBTools.ADB_Utils - DEBUG - [adb_utils.py:154] - [run_adb_command] - [2026-02-04 13:14:55.884] [Thread-33712] 执行ADB命令 [全局]: devices
2026-02-04 13:14:56 - ADBTools.ADB_Utils - DEBUG - [adb_utils.py:173] - [run_adb_command] - [2026-02-04 13:14:55.884] [Thread-33712] ADB命令执行成功 [全局]: devices (耗时: 0.112s)
2026-02-04 13:14:56 - ADBTools.RefreshDevicesThread - INFO - [refresh_devices_thread.py:60] - [run] - ADB 命令执行完成，开始解析结果...
2026-02-04 13:14:56 - ADBTools.RefreshDevicesThread - INFO - [refresh_devices_thread.py:76] - [run] - ADB 命令返回内容长度: 49 字符
2026-02-04 13:14:56 - ADBTools.RefreshDevicesThread - INFO - [refresh_devices_thread.py:89] - [run] - ADB命令返回 2 行内容
2026-02-04 13:14:56 - ADBTools.RefreshDevicesThread - DEBUG - [refresh_devices_thread.py:95] - [run] - 解析第 1 行: List of devices attached
2026-02-04 13:14:56 - ADBTools.RefreshDevicesThread - DEBUG - [refresh_devices_thread.py:95] - [run] - 解析第 2 行: GFEDCBA0987654321	device
2026-02-04 13:14:56 - ADBTools.RefreshDevicesThread - INFO - [refresh_devices_thread.py:101] - [run] - ✓ 发现设备: GFEDCBA0987654321 (状态: device)
2026-02-04 13:14:56 - ADBTools.RefreshDevicesThread - INFO - [refresh_devices_thread.py:107] - [run] - 设备解析完成，共找到 1 个设备
2026-02-04 13:14:56 - ADBTools.RefreshDevicesThread - INFO - [refresh_devices_thread.py:112] - [run] - 设备列表:
2026-02-04 13:14:56 - ADBTools.RefreshDevicesThread - INFO - [refresh_devices_thread.py:114] - [run] -   - GFEDCBA0987654321
2026-02-04 13:14:56 - ADBTools.RefreshDevicesThread - INFO - [refresh_devices_thread.py:133] - [run] - ================================================================================
2026-02-04 13:14:56 - ADBTools.RefreshDevicesThread - INFO - [refresh_devices_thread.py:134] - [run] - 刷新设备列表操作完成
2026-02-04 13:14:56 - ADBTools.RefreshDevicesThread - INFO - [refresh_devices_thread.py:135] - [run] - ================================================================================
2026-02-04 13:14:56 - ADBTools.Device - INFO - [logger_manager.py:601] - [log_device_operation] - [2026-02-04 13:14:56.054] [Thread-30360] 设备操作: u2_connect_attempt | 设备: GFEDCBA0987654321 | 详情: {'mode': 'u2', 'action': '尝试u2连接'}
2026-02-04 13:14:56 - ADBTools.U2ConnectThread - INFO - [u2_connect_thread.py:23] - [__init__] - U2ConnectThread初始化: 目标设备 GFEDCBA0987654321
2026-02-04 13:14:56 - ADBTools.Thread - INFO - [logger_manager.py:640] - [log_thread_start] - [2026-02-04 13:14:56.065] [Thread-30360] 线程启动: U2ConnectThread | 详情: {'device_id': 'GFEDCBA0987654321', 'mode': 'u2'}
2026-02-04 13:14:56 - ADBTools.Thread - INFO - [logger_manager.py:640] - [log_thread_start] - [2026-02-04 13:14:56.065] [Thread-34420] 线程启动: U2ConnectThread | 详情: {'device_id': 'GFEDCBA0987654321'}
2026-02-04 13:14:56 - ADBTools.ADB_Module - INFO - [ADB_module.py:1897] - [_on_refresh_thread_finished] - 设备列表刷新完成
2026-02-04 13:14:56 - ADBTools.Device - INFO - [logger_manager.py:601] - [log_device_operation] - [2026-02-04 13:14:56.066] [Thread-34420] 设备操作: u2_connect_start | 设备: GFEDCBA0987654321 | 详情: {'mode': 'u2'}
2026-02-04 13:14:56 - ADBTools.U2ConnectThread - INFO - [u2_connect_thread.py:35] - [run] - 开始u2连接: GFEDCBA0987654321
2026-02-04 13:15:19 - ADBTools.U2ConnectThread - ERROR - [u2_connect_thread.py:126] - [run] - u2连接异常: ('server quit unexpectly', 'Aborted (core dumped) \n') | 耗时: 23.268s
2026-02-04 13:15:19 - ADBTools.U2ConnectThread - ERROR - [u2_connect_thread.py:127] - [run] - u2连接异常详情:
Traceback (most recent call last):
  File "D:\Personal files\ADBTools\Function_Moudle\u2_connect_thread.py", line 38, in run
    d = u2.connect(self.device_id)
  File "C:\Users\wangke\.conda\envs\adbtools_env\lib\site-packages\uiautomator2\__init__.py", line 947, in connect
    return connect_usb(serial)
  File "C:\Users\wangke\.conda\envs\adbtools_env\lib\site-packages\uiautomator2\__init__.py", line 963, in connect_usb
    return Device(serial)
  File "C:\Users\wangke\.conda\envs\adbtools_env\lib\site-packages\uiautomator2\base.py", line 38, in __init__
    BasicUiautomatorServer.__init__(self, self._dev)
  File "C:\Users\wangke\.conda\envs\adbtools_env\lib\site-packages\uiautomator2\core.py", line 212, in __init__
    self.start_uiautomator()
  File "C:\Users\wangke\.conda\envs\adbtools_env\lib\site-packages\uiautomator2\core.py", line 237, in start_uiautomator
    self._wait_ready()
  File "C:\Users\wangke\.conda\envs\adbtools_env\lib\site-packages\uiautomator2\core.py", line 260, in _wait_ready
    self._wait_app_process_ready(launch_timeout)
  File "C:\Users\wangke\.conda\envs\adbtools_env\lib\site-packages\uiautomator2\core.py", line 282, in _wait_app_process_ready
    raise LaunchUiAutomationError("server quit unexpectly", output_buffer)
uiautomator2.exceptions.LaunchUiAutomationError: ('server quit unexpectly', 'Aborted (core dumped) \n')
2026-02-04 13:15:19 - ADBTools.Device - INFO - [logger_manager.py:601] - [log_device_operation] - [2026-02-04 13:15:19.339] [Thread-34420] 设备操作: u2_connect_exception | 设备: GFEDCBA0987654321 | 详情: {'mode': 'u2', 'status': 'error', 'error': "('server quit unexpectly', 'Aborted (core dumped) \\n')", 'elapsed_time': 23.26763391494751}
2026-02-04 13:15:19 - ADBTools.Thread - ERROR - [logger_manager.py:660] - [log_thread_complete] - [2026-02-04 13:15:19.339] [Thread-34420] 线程完成: U2ConnectThread | 结果: error | 详情: {'device_id': 'GFEDCBA0987654321', 'elapsed_time': 23.26763391494751, 'error': "('server quit unexpectly', 'Aborted (core dumped) \\n')"}
2026-02-04 13:15:19 - ADBTools.Device - INFO - [logger_manager.py:601] - [log_device_operation] - [2026-02-04 13:15:19.340] [Thread-30360] 设备操作: u2_connect_failed | 设备: GFEDCBA0987654321 | 详情: {'mode': 'adb', 'reason': 'u2连接失败'}
2026-02-04 13:15:19 - ADBTools.Thread - ERROR - [logger_manager.py:660] - [log_thread_complete] - [2026-02-04 13:15:19.341] [Thread-30360] 线程完成: U2ConnectThread | 结果: failed | 详情: {'device_id': 'GFEDCBA0987654321', 'fallback_mode': 'adb'}
2026-02-04 13:17:21 - ADBTools.Main - INFO - [main.py:37] - [closeevent] - 应用程序正在关闭...
2026-02-04 13:17:21 - ADBTools.Main - INFO - [main.py:48] - [closeevent] - 应用程序已正常关闭
2026-02-04 13:17:21 - ADBTools.Main - INFO - [main.py:49] - [closeevent] - ================================================================================
2026-02-04 13:17:33 - ADBTools.Main - INFO - [main.py:19] - [main] - ================================================================================
2026-02-04 13:17:33 - ADBTools.Main - INFO - [main.py:20] - [main] - ADBTools 应用程序启动
2026-02-04 13:17:33 - ADBTools.Main - INFO - [main.py:21] - [main] - Python 版本: 3.10.16 | packaged by Anaconda, Inc. | (main, Dec 11 2024, 16:19:12) [MSC v.1929 64 bit (AMD64)]
2026-02-04 13:17:33 - ADBTools.Main - INFO - [main.py:22] - [main] - 工作目录: D:\Personal files\ADBTools
2026-02-04 13:17:33 - ADBTools.Main - INFO - [main.py:23] - [main] - ================================================================================
2026-02-04 13:17:34 - ADBTools.Main - INFO - [main.py:28] - [main] - 加载 ADB 主窗口模块...
2026-02-04 13:17:35 - ADBTools.ADB_Module - INFO - [ADB_module.py:108] - [__init__] - 初始化 ADB 主窗口...
2026-02-04 13:17:35 - ADBTools.UI - INFO - [logger_manager.py:556] - [log_button_click] - [2026-02-04 13:17:35.685] [Thread-33576] 用户操作: 点击 RefreshButton 按钮 -> 刷新设备列表
2026-02-04 13:17:35 - ADBTools.RefreshDevicesThread - INFO - [refresh_devices_thread.py:37] - [__init__] - 刷新设备列表线程初始化
2026-02-04 13:17:35 - ADBTools.RefreshDevicesThread - INFO - [refresh_devices_thread.py:41] - [run] - ================================================================================
tion': '刷新设备列表'}
2026-02-04 13:17:35 - ADBTools.RefreshDevicesThread - INFO - [refresh_devices_thread.py:42] - [run] - 开始执行刷新设备列表操作
2026-02-04 13:17:35 - ADBTools.RefreshDevicesThread - INFO - [refresh_devices_thread.py:43] - [run] - ================================================================================
2026-02-04 13:17:35 - ADBTools.RefreshDevicesThread - INFO - [refresh_devices_thread.py:51] - [run] - 发送进度信号: 正在刷新设备列表...
2026-02-04 13:17:35 - ADBTools.RefreshDevicesThread - INFO - [refresh_devices_thread.py:54] - [run] - 准备执行 ADB 命令: devices
2026-02-04 13:17:35 - ADBTools.ADB_Utils - INFO - [adb_utils.py:78] - [get_adb_path] - 开始查找ADB可执行文件...
2026-02-04 13:17:35 - ADBTools.ADB_Utils - DEBUG - [adb_utils.py:82] - [get_adb_path] - ADB搜索路径: ['adb', 'adb.exe', './adb.exe', './tools/adb.exe', 'C:\\Program Files (x86)\\Android\\android-sdk\\platform-tools\\adb.exe', 'D:\\work_tools\\adb-1\\adb.exe']
2026-02-04 13:17:35 - ADBTools.Main - INFO - [main.py:32] - [main] - ADB 主窗口创建成功，版本: 1.6.6
2026-02-04 13:17:35 - ADBTools.ADB_Utils - INFO - [adb_utils.py:109] - [get_adb_path] - 找到ADB (系统PATH): D:\work_tools\adb-1\adb.exe
2026-02-04 13:17:35 - ADBTools.ADB_Utils - DEBUG - [adb_utils.py:154] - [run_adb_command] - [2026-02-04 13:17:35.819] [Thread-30400] 执行ADB命令 [全局]: devices
2026-02-04 13:17:35 - ADBTools.ADB_Utils - DEBUG - [adb_utils.py:173] - [run_adb_command] - [2026-02-04 13:17:35.819] [Thread-30400] ADB命令执行成功 [全局]: devices (耗时: 0.105s)
2026-02-04 13:17:35 - ADBTools.RefreshDevicesThread - INFO - [refresh_devices_thread.py:60] - [run] - ADB 命令执行完成，开始解析结果...
2026-02-04 13:17:35 - ADBTools.RefreshDevicesThread - INFO - [refresh_devices_thread.py:76] - [run] - ADB 命令返回内容长度: 49 字符
2026-02-04 13:17:35 - ADBTools.RefreshDevicesThread - INFO - [refresh_devices_thread.py:89] - [run] - ADB命令返回 2 行内容
2026-02-04 13:17:35 - ADBTools.RefreshDevicesThread - DEBUG - [refresh_devices_thread.py:95] - [run] - 解析第 1 行: List of devices attached
2026-02-04 13:17:35 - ADBTools.RefreshDevicesThread - DEBUG - [refresh_devices_thread.py:95] - [run] - 解析第 2 行: GFEDCBA0987654321	device
2026-02-04 13:17:35 - ADBTools.RefreshDevicesThread - INFO - [refresh_devices_thread.py:101] - [run] - ✓ 发现设备: GFEDCBA0987654321 (状态: device)
2026-02-04 13:17:35 - ADBTools.RefreshDevicesThread - INFO - [refresh_devices_thread.py:107] - [run] - 设备解析完成，共找到 1 个设备
2026-02-04 13:17:35 - ADBTools.RefreshDevicesThread - INFO - [refresh_devices_thread.py:112] - [run] - 设备列表:
2026-02-04 13:17:35 - ADBTools.RefreshDevicesThread - INFO - [refresh_devices_thread.py:114] - [run] -   - GFEDCBA0987654321
2026-02-04 13:17:35 - ADBTools.RefreshDevicesThread - INFO - [refresh_devices_thread.py:133] - [run] - ================================================================================
2026-02-04 13:17:35 - ADBTools.RefreshDevicesThread - INFO - [refresh_devices_thread.py:134] - [run] - 刷新设备列表操作完成
2026-02-04 13:17:35 - ADBTools.RefreshDevicesThread - INFO - [refresh_devices_thread.py:135] - [run] - ================================================================================
2026-02-04 13:17:35 - ADBTools.Device - INFO - [logger_manager.py:601] - [log_device_operation] - [2026-02-04 13:17:35.929] [Thread-33576] 设备操作: u2_connect_attempt | 设备: GFEDCBA0987654321 | 详情: {'mode': 'u2', 'action': '尝试u2连接'}
2026-02-04 13:17:35 - ADBTools.U2ConnectThread - INFO - [u2_connect_thread.py:23] - [__init__] - U2ConnectThread初始化: 目标设备 GFEDCBA0987654321
2026-02-04 13:17:35 - ADBTools.Thread - INFO - [logger_manager.py:640] - [log_thread_start] - [2026-02-04 13:17:35.931] [Thread-33576] 线程启动: U2ConnectThread | 详情: {'device_id': 'GFEDCBA0987654321', 'mode': 'u2'}
2026-02-04 13:17:35 - ADBTools.Thread - INFO - [logger_manager.py:640] - [log_thread_start] - [2026-02-04 13:17:35.932] [Thread-35812] 线程启动: U2ConnectThread | 详情: {'device_id': 'GFEDCBA0987654321'}
2026-02-04 13:17:35 - ADBTools.ADB_Module - INFO - [ADB_module.py:1897] - [_on_refresh_thread_finished] - 设备列表刷新完成
2026-02-04 13:17:35 - ADBTools.Device - INFO - [logger_manager.py:601] - [log_device_operation] - [2026-02-04 13:17:35.932] [Thread-35812] 设备操作: u2_connect_start | 设备: GFEDCBA0987654321 | 详情: {'mode': 'u2'}
2026-02-04 13:17:35 - ADBTools.U2ConnectThread - INFO - [u2_connect_thread.py:35] - [run] - 开始u2连接: GFEDCBA0987654321
2026-02-04 13:17:57 - ADBTools.U2ConnectThread - ERROR - [u2_connect_thread.py:126] - [run] - u2连接异常: ('server quit unexpectly', 'Aborted (core dumped) \n') | 耗时: 21.177s
2026-02-04 13:17:57 - ADBTools.U2ConnectThread - ERROR - [u2_connect_thread.py:127] - [run] - u2连接异常详情:
Traceback (most recent call last):
  File "D:\Personal files\ADBTools\Function_Moudle\u2_connect_thread.py", line 38, in run
    d = u2.connect(self.device_id)
  File "C:\Users\wangke\.conda\envs\adbtools_env\lib\site-packages\uiautomator2\__init__.py", line 947, in connect
    return connect_usb(serial)
  File "C:\Users\wangke\.conda\envs\adbtools_env\lib\site-packages\uiautomator2\__init__.py", line 963, in connect_usb
    return Device(serial)
  File "C:\Users\wangke\.conda\envs\adbtools_env\lib\site-packages\uiautomator2\base.py", line 38, in __init__
    BasicUiautomatorServer.__init__(self, self._dev)
  File "C:\Users\wangke\.conda\envs\adbtools_env\lib\site-packages\uiautomator2\core.py", line 212, in __init__
    self.start_uiautomator()
  File "C:\Users\wangke\.conda\envs\adbtools_env\lib\site-packages\uiautomator2\core.py", line 237, in start_uiautomator
    self._wait_ready()
  File "C:\Users\wangke\.conda\envs\adbtools_env\lib\site-packages\uiautomator2\core.py", line 260, in _wait_ready
    self._wait_app_process_ready(launch_timeout)
  File "C:\Users\wangke\.conda\envs\adbtools_env\lib\site-packages\uiautomator2\core.py", line 282, in _wait_app_process_ready
    raise LaunchUiAutomationError("server quit unexpectly", output_buffer)
uiautomator2.exceptions.LaunchUiAutomationError: ('server quit unexpectly', 'Aborted (core dumped) \n')
2026-02-04 13:17:57 - ADBTools.Device - INFO - [logger_manager.py:601] - [log_device_operation] - [2026-02-04 13:17:57.110] [Thread-35812] 设备操作: u2_connect_exception | 设备: GFEDCBA0987654321 | 详情: {'mode': 'u2', 'status': 'error', 'error': "('server quit unexpectly', 'Aborted (core dumped) \\n')", 'elapsed_time': 21.177147150039673}
2026-02-04 13:17:57 - ADBTools.Thread - ERROR - [logger_manager.py:660] - [log_thread_complete] - [2026-02-04 13:17:57.111] [Thread-35812] 线程完成: U2ConnectThread | 结果: error | 详情: {'device_id': 'GFEDCBA0987654321', 'elapsed_time': 21.177147150039673, 'error': "('server quit unexpectly', 'Aborted (core dumped) \\n')"}
2026-02-04 13:17:57 - ADBTools.Device - INFO - [logger_manager.py:601] - [log_device_operation] - [2026-02-04 13:17:57.113] [Thread-33576] 设备操作: u2_connect_failed | 设备: GFEDCBA0987654321 | 详情: {'mode': 'adb', 'reason': 'u2连接失败'}
2026-02-04 13:17:57 - ADBTools.Thread - ERROR - [logger_manager.py:660] - [log_thread_complete] - [2026-02-04 13:17:57.114] [Thread-33576] 线程完成: U2ConnectThread | 结果: failed | 详情: {'device_id': 'GFEDCBA0987654321', 'fallback_mode': 'adb'}
2026-02-04 13:34:04 - ADBTools.UI - INFO - [logger_manager.py:556] - [log_button_click] - [2026-02-04 13:34:04.508] [Thread-33576] 用户操作: 点击 reboot_adb_service_button 按钮 -> 重启ADB服务
2026-02-04 13:34:04 - ADBTools.Method - INFO - [logger_manager.py:578] - [log_method_result] - [2026-02-04 13:34:04.515] [Thread-33576] ✓ show_simulate_long_press_dialog 完成: ADB服务重启线程已启动
2026-02-04 17:15:05 - ADBTools.Main - INFO - [main.py:19] - [main] - ================================================================================
2026-02-04 17:15:05 - ADBTools.Main - INFO - [main.py:20] - [main] - ADBTools 应用程序启动
2026-02-04 17:15:05 - ADBTools.Main - INFO - [main.py:21] - [main] - Python 版本: 3.10.16 | packaged by Anaconda, Inc. | (main, Dec 11 2024, 16:19:12) [MSC v.1929 64 bit (AMD64)]
2026-02-04 17:15:05 - ADBTools.Main - INFO - [main.py:22] - [main] - 工作目录: D:\Personal files\ADBTools
2026-02-04 17:15:05 - ADBTools.Main - INFO - [main.py:23] - [main] - ================================================================================
2026-02-04 17:15:05 - ADBTools.Main - INFO - [main.py:28] - [main] - 加载 ADB 主窗口模块...
2026-02-04 17:15:07 - ADBTools.ADB_Module - INFO - [ADB_module.py:108] - [__init__] - 初始化 ADB 主窗口...
2026-02-04 17:15:07 - ADBTools.UI - INFO - [logger_manager.py:556] - [log_button_click] - [2026-02-04 17:15:07.883] [Thread-7416] 用户操作: 点击 RefreshButton 按钮 -> 刷新设备列表
2026-02-04 17:15:07 - ADBTools.RefreshDevicesThread - INFO - [refresh_devices_thread.py:37] - [__init__] - 刷新设备列表线程初始化
2026-02-04 17:15:07 - ADBTools.Thread - INFO - [logger_manager.py:640] - [log_thread_start] - [2026-02-04 17:15:07.890] [Thread-7416] 线程启动: RefreshDevicesThread | 详情: {'action': '刷新设备列表'}
2026-02-04 17:15:07 - ADBTools.RefreshDevicesThread - INFO - [refresh_devices_thread.py:41] - [run] - ================================================================================
2026-02-04 17:15:07 - ADBTools.RefreshDevicesThread - INFO - [refresh_devices_thread.py:42] - [run] - 开始执行刷新设备列表操作
2026-02-04 17:15:07 - ADBTools.RefreshDevicesThread - INFO - [refresh_devices_thread.py:43] - [run] - ================================================================================
2026-02-04 17:15:07 - ADBTools.RefreshDevicesThread - INFO - [refresh_devices_thread.py:51] - [run] - 发送进度信号: 正在刷新设备列表...
2026-02-04 17:15:07 - ADBTools.RefreshDevicesThread - INFO - [refresh_devices_thread.py:54] - [run] - 准备执行 ADB 命令: devices
2026-02-04 17:15:07 - ADBTools.ADB_Utils - INFO - [adb_utils.py:78] - [get_adb_path] - 开始查找ADB可执行文件...
2026-02-04 17:15:07 - ADBTools.ADB_Utils - DEBUG - [adb_utils.py:82] - [get_adb_path] - ADB搜索路径: ['adb', 'adb.exe', './adb.exe', './tools/adb.exe', 'C:\\Program Files (x86)\\Android\\android-sdk\\platform-tools\\adb.exe', 'D:\\work_tools\\adb-1\\adb.exe']
2026-02-04 17:15:07 - ADBTools.Main - INFO - [main.py:32] - [main] - ADB 主窗口创建成功，版本: 1.6.6
2026-02-04 17:15:07 - ADBTools.ADB_Utils - INFO - [adb_utils.py:109] - [get_adb_path] - 找到ADB (系统PATH): D:\work_tools\adb-1\adb.exe
2026-02-04 17:15:07 - ADBTools.ADB_Utils - DEBUG - [adb_utils.py:154] - [run_adb_command] - [2026-02-04 17:15:07.973] [Thread-33260] 执行ADB命令 [全局]: devices
2026-02-04 17:15:08 - ADBTools.ADB_Utils - DEBUG - [adb_utils.py:173] - [run_adb_command] - [2026-02-04 17:15:07.973] [Thread-33260] ADB命令执行成功 [全局]: devices (耗时: 0.130s)
2026-02-04 17:15:08 - ADBTools.RefreshDevicesThread - INFO - [refresh_devices_thread.py:60] - [run] - ADB 命令执行完成，开始解析结果...
2026-02-04 17:15:08 - ADBTools.RefreshDevicesThread - INFO - [refresh_devices_thread.py:76] - [run] - ADB 命令返回内容长度: 24 字符
2026-02-04 17:15:08 - ADBTools.RefreshDevicesThread - INFO - [refresh_devices_thread.py:89] - [run] - ADB命令返回 1 行内容
2026-02-04 17:15:08 - ADBTools.RefreshDevicesThread - DEBUG - [refresh_devices_thread.py:95] - [run] - 解析第 1 行: List of devices attached
2026-02-04 17:15:08 - ADBTools.RefreshDevicesThread - INFO - [refresh_devices_thread.py:107] - [run] - 设备解析完成，共找到 0 个设备
2026-02-04 17:15:08 - ADBTools.RefreshDevicesThread - INFO - [refresh_devices_thread.py:125] - [run] - 未检测到任何已连接的设备
2026-02-04 17:15:08 - ADBTools.RefreshDevicesThread - INFO - [refresh_devices_thread.py:133] - [run] - ================================================================================
2026-02-04 17:15:08 - ADBTools.RefreshDevicesThread - INFO - [refresh_devices_thread.py:134] - [run] - 刷新设备列表操作完成
2026-02-04 17:15:08 - ADBTools.RefreshDevicesThread - INFO - [refresh_devices_thread.py:135] - [run] - ================================================================================
2026-02-04 17:15:08 - ADBTools.ADB_Module - INFO - [ADB_module.py:1897] - [_on_refresh_thread_finished] - 设备列表刷新完成
2026-02-04 17:15:27 - ADBTools.UI - INFO - [logger_manager.py:556] - [log_button_click] - [2026-02-04 17:15:27.150] [Thread-7416] 用户操作: 点击 reinit_u2_button 按钮 -> 重新初始化uiautomator2
2026-02-04 17:16:47 - ADBTools.UI - INFO - [logger_manager.py:556] - [log_button_click] - [2026-02-04 17:16:47.649] [Thread-7416] 用户操作: 点击 RefreshButton 按钮 -> 刷新设备列表
2026-02-04 17:16:47 - ADBTools.RefreshDevicesThread - INFO - [refresh_devices_thread.py:37] - [__init__] - 刷新设备列表线程初始化
2026-02-04 17:16:47 - ADBTools.Thread - INFO - [logger_manager.py:640] - [log_thread_start] - [2026-02-04 17:16:47.650] [Thread-7416] 线程启动: RefreshDevicesThread | 详情: {'action': '刷新设备列表'}
2026-02-04 17:16:47 - ADBTools.RefreshDevicesThread - INFO - [refresh_devices_thread.py:41] - [run] - ================================================================================
2026-02-04 17:16:47 - ADBTools.RefreshDevicesThread - INFO - [refresh_devices_thread.py:42] - [run] - 开始执行刷新设备列表操作
2026-02-04 17:16:47 - ADBTools.RefreshDevicesThread - INFO - [refresh_devices_thread.py:43] - [run] - ================================================================================
2026-02-04 17:16:47 - ADBTools.RefreshDevicesThread - INFO - [refresh_devices_thread.py:51] - [run] - 发送进度信号: 正在刷新设备列表...
2026-02-04 17:16:47 - ADBTools.RefreshDevicesThread - INFO - [refresh_devices_thread.py:54] - [run] - 准备执行 ADB 命令: devices
2026-02-04 17:16:47 - ADBTools.ADB_Utils - DEBUG - [adb_utils.py:75] - [get_adb_path] - 使用缓存的ADB路径: D:\work_tools\adb-1\adb.exe
2026-02-04 17:16:47 - ADBTools.ADB_Utils - DEBUG - [adb_utils.py:154] - [run_adb_command] - [2026-02-04 17:16:47.653] [Thread-28088] 执行ADB命令 [全局]: devices
2026-02-04 17:16:47 - ADBTools.ADB_Utils - DEBUG - [adb_utils.py:173] - [run_adb_command] - [2026-02-04 17:16:47.653] [Thread-28088] ADB命令执行成功 [全局]: devices (耗时: 0.082s)
2026-02-04 17:16:47 - ADBTools.RefreshDevicesThread - INFO - [refresh_devices_thread.py:60] - [run] - ADB 命令执行完成，开始解析结果...
2026-02-04 17:16:47 - ADBTools.RefreshDevicesThread - INFO - [refresh_devices_thread.py:76] - [run] - ADB 命令返回内容长度: 49 字符
2026-02-04 17:16:47 - ADBTools.RefreshDevicesThread - INFO - [refresh_devices_thread.py:89] - [run] - ADB命令返回 2 行内容
2026-02-04 17:16:47 - ADBTools.RefreshDevicesThread - DEBUG - [refresh_devices_thread.py:95] - [run] - 解析第 1 行: List of devices attached
2026-02-04 17:16:47 - ADBTools.RefreshDevicesThread - DEBUG - [refresh_devices_thread.py:95] - [run] - 解析第 2 行: GFEDCBA0987654321	device
2026-02-04 17:16:47 - ADBTools.RefreshDevicesThread - INFO - [refresh_devices_thread.py:101] - [run] - ✓ 发现设备: GFEDCBA0987654321 (状态: device)
2026-02-04 17:16:47 - ADBTools.RefreshDevicesThread - INFO - [refresh_devices_thread.py:107] - [run] - 设备解析完成，共找到 1 个设备
2026-02-04 17:16:47 - ADBTools.RefreshDevicesThread - INFO - [refresh_devices_thread.py:112] - [run] - 设备列表:
2026-02-04 17:16:47 - ADBTools.RefreshDevicesThread - INFO - [refresh_devices_thread.py:114] - [run] -   - GFEDCBA0987654321
2026-02-04 17:16:47 - ADBTools.RefreshDevicesThread - INFO - [refresh_devices_thread.py:133] - [run] - ================================================================================
2026-02-04 17:16:47 - ADBTools.RefreshDevicesThread - INFO - [refresh_devices_thread.py:134] - [run] - 刷新设备列表操作完成
2026-02-04 17:16:47 - ADBTools.RefreshDevicesThread - INFO - [refresh_devices_thread.py:135] - [run] - ================================================================================
2026-02-04 17:16:47 - ADBTools.Device - INFO - [logger_manager.py:601] - [log_device_operation] - [2026-02-04 17:16:47.743] [Thread-7416] 设备操作: u2_connect_attempt | 设备: GFEDCBA0987654321 | 详情: {'mode': 'u2', 'action': '尝试u2连接'}
2026-02-04 17:16:47 - ADBTools.U2ConnectThread - INFO - [u2_connect_thread.py:23] - [__init__] - U2ConnectThread初始化: 目标设备 GFEDCBA0987654321
2026-02-04 17:16:47 - ADBTools.Thread - INFO - [logger_manager.py:640] - [log_thread_start] - [2026-02-04 17:16:47.746] [Thread-7416] 线程启动: U2ConnectThread | 详情: {'device_id': 'GFEDCBA0987654321', 'mode': 'u2'}
2026-02-04 17:16:47 - ADBTools.ADB_Module - INFO - [ADB_module.py:1897] - [_on_refresh_thread_finished] - 设备列表刷新完成
2026-02-04 17:16:47 - ADBTools.Thread - INFO - [logger_manager.py:640] - [log_thread_start] - [2026-02-04 17:16:47.746] [Thread-17672] 线程启动: U2ConnectThread | 详情: {'device_id': 'GFEDCBA0987654321'}
2026-02-04 17:16:47 - ADBTools.Device - INFO - [logger_manager.py:601] - [log_device_operation] - [2026-02-04 17:16:47.746] [Thread-17672] 设备操作: u2_connect_start | 设备: GFEDCBA0987654321 | 详情: {'mode': 'u2'}
2026-02-04 17:16:47 - ADBTools.U2ConnectThread - INFO - [u2_connect_thread.py:35] - [run] - 开始u2连接: GFEDCBA0987654321
2026-02-04 17:16:49 - ADBTools.U2ConnectThread - INFO - [u2_connect_thread.py:54] - [run] - u2连接成功: GFEDCBA0987654321 | 耗时: 1.418s
2026-02-04 17:16:49 - ADBTools.U2ConnectThread - INFO - [u2_connect_thread.py:55] - [run] - 设备信息: {'serial': 'GFEDCBA0987654321', 'model': 'Unknown', 'brand': 'Unknown', 'version': 'Unknown', 'sdk': 'Unknown', 'manufacturer': 'Unknown'}
2026-02-04 17:16:49 - ADBTools.Device - INFO - [logger_manager.py:601] - [log_device_operation] - [2026-02-04 17:16:49.165] [Thread-17672] 设备操作: u2_connect_success | 设备: GFEDCBA0987654321 | 详情: {'mode': 'u2', 'status': 'connected', 'device_info': {'serial': 'GFEDCBA0987654321', 'model': 'Unknown', 'brand': 'Unknown', 'version': 'Unknown', 'sdk': 'Unknown', 'manufacturer': 'Unknown'}, 'elapsed_time': 1.417750358581543}
2026-02-04 17:16:49 - ADBTools.Thread - INFO - [logger_manager.py:658] - [log_thread_complete] - [2026-02-04 17:16:49.165] [Thread-17672] 线程完成: U2ConnectThread | 结果: success | 详情: {'device_id': 'GFEDCBA0987654321', 'elapsed_time': 1.417750358581543, 'device_info': {'serial': 'GFEDCBA0987654321', 'model': 'Unknown', 'brand': 'Unknown', 'version': 'Unknown', 'sdk': 'Unknown', 'manufacturer': 'Unknown'}}
2026-02-04 17:16:49 - ADBTools.Device - INFO - [logger_manager.py:601] - [log_device_operation] - [2026-02-04 17:16:49.172] [Thread-7416] 设备操作: u2_connect_success | 设备: GFEDCBA0987654321 | 详情: {'mode': 'u2', 'status': 'connected'}
2026-02-04 17:16:49 - ADBTools.Thread - INFO - [logger_manager.py:658] - [log_thread_complete] - [2026-02-04 17:16:49.173] [Thread-7416] 线程完成: U2ConnectThread | 结果: success | 详情: {'device_id': 'GFEDCBA0987654321', 'mode': 'u2'}
2026-02-04 17:17:05 - ADBTools.Main - INFO - [main.py:37] - [closeevent] - 应用程序正在关闭...
2026-02-04 17:17:05 - ADBTools.Main - INFO - [main.py:48] - [closeevent] - 应用程序已正常关闭
2026-02-04 17:17:05 - ADBTools.Main - INFO - [main.py:49] - [closeevent] - ================================================================================
2026-02-04 17:17:08 - ADBTools.Main - INFO - [main.py:19] - [main] - ================================================================================
2026-02-04 17:17:08 - ADBTools.Main - INFO - [main.py:20] - [main] - ADBTools 应用程序启动
2026-02-04 17:17:08 - ADBTools.Main - INFO - [main.py:21] - [main] - Python 版本: 3.10.16 | packaged by Anaconda, Inc. | (main, Dec 11 2024, 16:19:12) [MSC v.1929 64 bit (AMD64)]
2026-02-04 17:17:08 - ADBTools.Main - INFO - [main.py:22] - [main] - 工作目录: D:\Personal files\ADBTools
2026-02-04 17:17:08 - ADBTools.Main - INFO - [main.py:23] - [main] - ================================================================================
2026-02-04 17:17:08 - ADBTools.Main - INFO - [main.py:28] - [main] - 加载 ADB 主窗口模块...
2026-02-04 17:17:09 - ADBTools.ADB_Module - INFO - [ADB_module.py:108] - [__init__] - 初始化 ADB 主窗口...
2026-02-04 17:17:10 - ADBTools.UI - INFO - [logger_manager.py:556] - [log_button_click] - [2026-02-04 17:17:10.166] [Thread-28200] 用户操作: 点击 RefreshButton 按钮 -> 刷新设备列表
2026-02-04 17:17:10 - ADBTools.RefreshDevicesThread - INFO - [refresh_devices_thread.py:37] - [__init__] - 刷新设备列表线程初始化
2026-02-04 17:17:10 - ADBTools.RefreshDevicesThread - INFO - [refresh_devices_thread.py:41] - [run] - ================================================================================
2026-02-04 17:17:10 - ADBTools.Thread - INFO - [logger_manager.py:640] - [log_thread_start] - [2026-02-04 17:17:10.171] [Thread-28200] 线程启动: RefreshDevicesThread | 详情: {'action': '刷新设备列表'}
2026-02-04 17:17:10 - ADBTools.RefreshDevicesThread - INFO - [refresh_devices_thread.py:42] - [run] - 开始执行刷新设备列表操作
2026-02-04 17:17:10 - ADBTools.RefreshDevicesThread - INFO - [refresh_devices_thread.py:43] - [run] - ================================================================================
2026-02-04 17:17:10 - ADBTools.RefreshDevicesThread - INFO - [refresh_devices_thread.py:51] - [run] - 发送进度信号: 正在刷新设备列表...
2026-02-04 17:17:10 - ADBTools.RefreshDevicesThread - INFO - [refresh_devices_thread.py:54] - [run] - 准备执行 ADB 命令: devices
2026-02-04 17:17:10 - ADBTools.ADB_Utils - INFO - [adb_utils.py:78] - [get_adb_path] - 开始查找ADB可执行文件...
2026-02-04 17:17:10 - ADBTools.Main - INFO - [main.py:32] - [main] - ADB 主窗口创建成功，版本: 1.6.6
2026-02-04 17:17:10 - ADBTools.ADB_Utils - DEBUG - [adb_utils.py:82] - [get_adb_path] - ADB搜索路径: ['adb', 'adb.exe', './adb.exe', './tools/adb.exe', 'C:\\Program Files (x86)\\Android\\android-sdk\\platform-tools\\adb.exe', 'D:\\work_tools\\adb-1\\adb.exe']
2026-02-04 17:17:10 - ADBTools.ADB_Utils - INFO - [adb_utils.py:109] - [get_adb_path] - 找到ADB (系统PATH): D:\work_tools\adb-1\adb.exe
2026-02-04 17:17:10 - ADBTools.ADB_Utils - DEBUG - [adb_utils.py:154] - [run_adb_command] - [2026-02-04 17:17:10.280] [Thread-20848] 执行ADB命令 [全局]: devices
2026-02-04 17:17:10 - ADBTools.ADB_Utils - DEBUG - [adb_utils.py:173] - [run_adb_command] - [2026-02-04 17:17:10.280] [Thread-20848] ADB命令执行成功 [全局]: devices (耗时: 0.101s)
2026-02-04 17:17:10 - ADBTools.RefreshDevicesThread - INFO - [refresh_devices_thread.py:60] - [run] - ADB 命令执行完成，开始解析结果...
2026-02-04 17:17:10 - ADBTools.RefreshDevicesThread - INFO - [refresh_devices_thread.py:76] - [run] - ADB 命令返回内容长度: 49 字符
2026-02-04 17:17:10 - ADBTools.RefreshDevicesThread - INFO - [refresh_devices_thread.py:89] - [run] - ADB命令返回 2 行内容
2026-02-04 17:17:10 - ADBTools.RefreshDevicesThread - DEBUG - [refresh_devices_thread.py:95] - [run] - 解析第 1 行: List of devices attached
2026-02-04 17:17:10 - ADBTools.RefreshDevicesThread - DEBUG - [refresh_devices_thread.py:95] - [run] - 解析第 2 行: GFEDCBA0987654321	device
2026-02-04 17:17:10 - ADBTools.RefreshDevicesThread - INFO - [refresh_devices_thread.py:101] - [run] - ✓ 发现设备: GFEDCBA0987654321 (状态: device)
2026-02-04 17:17:10 - ADBTools.RefreshDevicesThread - INFO - [refresh_devices_thread.py:107] - [run] - 设备解析完成，共找到 1 个设备
2026-02-04 17:17:10 - ADBTools.RefreshDevicesThread - INFO - [refresh_devices_thread.py:112] - [run] - 设备列表:
2026-02-04 17:17:10 - ADBTools.RefreshDevicesThread - INFO - [refresh_devices_thread.py:114] - [run] -   - GFEDCBA0987654321
2026-02-04 17:17:10 - ADBTools.RefreshDevicesThread - INFO - [refresh_devices_thread.py:133] - [run] - ================================================================================
2026-02-04 17:17:10 - ADBTools.RefreshDevicesThread - INFO - [refresh_devices_thread.py:134] - [run] - 刷新设备列表操作完成
2026-02-04 17:17:10 - ADBTools.RefreshDevicesThread - INFO - [refresh_devices_thread.py:135] - [run] - ================================================================================
2026-02-04 17:17:10 - ADBTools.Device - INFO - [logger_manager.py:601] - [log_device_operation] - [2026-02-04 17:17:10.389] [Thread-28200] 设备操作: u2_connect_attempt | 设备: GFEDCBA0987654321 | 详情: {'mode': 'u2', 'action': '尝试u2连接'}
2026-02-04 17:17:10 - ADBTools.U2ConnectThread - INFO - [u2_connect_thread.py:23] - [__init__] - U2ConnectThread初始化: 目标设备 GFEDCBA0987654321
2026-02-04 17:17:10 - ADBTools.Thread - INFO - [logger_manager.py:640] - [log_thread_start] - [2026-02-04 17:17:10.390] [Thread-28200] 线程启动: U2ConnectThread | 详情: {'device_id': 'GFEDCBA0987654321', 'mode': 'u2'}
2026-02-04 17:17:10 - ADBTools.Thread - INFO - [logger_manager.py:640] - [log_thread_start] - [2026-02-04 17:17:10.390] [Thread-33368] 线程启动: U2ConnectThread | 详情: {'device_id': 'GFEDCBA0987654321'}
2026-02-04 17:17:10 - ADBTools.Device - INFO - [logger_manager.py:601] - [log_device_operation] - [2026-02-04 17:17:10.391] [Thread-33368] 设备操作: u2_connect_start | 设备: GFEDCBA0987654321 | 详情: {'mode': 'u2'}
2026-02-04 17:17:10 - ADBTools.U2ConnectThread - INFO - [u2_connect_thread.py:35] - [run] - 开始u2连接: GFEDCBA0987654321
2026-02-04 17:17:10 - ADBTools.ADB_Module - INFO - [ADB_module.py:1897] - [_on_refresh_thread_finished] - 设备列表刷新完成
2026-02-04 17:17:11 - ADBTools.U2ConnectThread - INFO - [u2_connect_thread.py:54] - [run] - u2连接成功: GFEDCBA0987654321 | 耗时: 1.361s
2026-02-04 17:17:11 - ADBTools.U2ConnectThread - INFO - [u2_connect_thread.py:55] - [run] - 设备信息: {'serial': 'GFEDCBA0987654321', 'model': 'Unknown', 'brand': 'Unknown', 'version': 'Unknown', 'sdk': 'Unknown', 'manufacturer': 'Unknown'}
2026-02-04 17:17:11 - ADBTools.Device - INFO - [logger_manager.py:601] - [log_device_operation] - [2026-02-04 17:17:11.753] [Thread-33368] 设备操作: u2_connect_success | 设备: GFEDCBA0987654321 | 详情: {'mode': 'u2', 'status': 'connected', 'device_info': {'serial': 'GFEDCBA0987654321', 'model': 'Unknown', 'brand': 'Unknown', 'version': 'Unknown', 'sdk': 'Unknown', 'manufacturer': 'Unknown'}, 'elapsed_time': 1.3612244129180908}
2026-02-04 17:17:11 - ADBTools.Thread - INFO - [logger_manager.py:658] - [log_thread_complete] - [2026-02-04 17:17:11.754] [Thread-33368] 线程完成: U2ConnectThread | 结果: success | 详情: {'device_id': 'GFEDCBA0987654321', 'elapsed_time': 1.3612244129180908, 'device_info': {'serial': 'GFEDCBA0987654321', 'model': 'Unknown', 'brand': 'Unknown', 'version': 'Unknown', 'sdk': 'Unknown', 'manufacturer': 'Unknown'}}
2026-02-04 17:17:11 - ADBTools.Device - INFO - [logger_manager.py:601] - [log_device_operation] - [2026-02-04 17:17:11.756] [Thread-28200] 设备操作: u2_connect_success | 设备: GFEDCBA0987654321 | 详情: {'mode': 'u2', 'status': 'connected'}
2026-02-04 17:17:11 - ADBTools.Thread - INFO - [logger_manager.py:658] - [log_thread_complete] - [2026-02-04 17:17:11.757] [Thread-28200] 线程完成: U2ConnectThread | 结果: success | 详情: {'device_id': 'GFEDCBA0987654321', 'mode': 'u2'}
2026-02-04 17:17:15 - ADBTools.UI - INFO - [logger_manager.py:556] - [log_button_click] - [2026-02-04 17:17:15.090] [Thread-28200] 用户操作: 点击 AS33_CR_enter_engineering_mode_button 按钮 -> 启动AS33 CR工程模式 (com.saicmotor.diag)
2026-02-04 17:17:15 - ADBTools.ADB_Utils - DEBUG - [adb_utils.py:75] - [get_adb_path] - 使用缓存的ADB路径: D:\work_tools\adb-1\adb.exe
2026-02-04 17:17:15 - ADBTools.ADB_Utils - DEBUG - [adb_utils.py:154] - [run_adb_command] - [2026-02-04 17:17:15.091] [Thread-28200] 执行ADB命令 [全局]: devices
2026-02-04 17:17:15 - ADBTools.ADB_Utils - DEBUG - [adb_utils.py:173] - [run_adb_command] - [2026-02-04 17:17:15.091] [Thread-28200] ADB命令执行成功 [全局]: devices (耗时: 0.088s)
2026-02-04 17:17:15 - ADBTools.UI - INFO - [logger_manager.py:556] - [log_button_click] - [2026-02-04 17:17:15.183] [Thread-28200] 用户操作: 点击 start_app 按钮 -> 启动应用: com.saicmotor.diag
2026-02-04 17:17:15 - ADBTools.ADB_Module - INFO - [ADB_module.py:1573] - [start_app_action] - 启动应用: com.saicmotor.diag
2026-02-04 17:17:15 - ADBTools.Method - INFO - [logger_manager.py:578] - [log_method_result] - [2026-02-04 17:17:15.188] [Thread-28200] ✓ start_app_action 完成: 启动线程已启动: com.saicmotor.diag
2026-02-04 17:22:25 - ADBTools.UI - INFO - [logger_manager.py:556] - [log_button_click] - [2026-02-04 17:22:25.340] [Thread-28200] 用户操作: 点击 datong_factory_button 按钮 -> 启动中环工厂应用 (com.zhonghuan.factory)
2026-02-04 17:22:25 - ADBTools.ADB_Utils - DEBUG - [adb_utils.py:75] - [get_adb_path] - 使用缓存的ADB路径: D:\work_tools\adb-1\adb.exe
2026-02-04 17:22:25 - ADBTools.ADB_Utils - DEBUG - [adb_utils.py:154] - [run_adb_command] - [2026-02-04 17:22:25.341] [Thread-28200] 执行ADB命令 [全局]: devices
2026-02-04 17:22:25 - ADBTools.ADB_Utils - DEBUG - [adb_utils.py:173] - [run_adb_command] - [2026-02-04 17:22:25.341] [Thread-28200] ADB命令执行成功 [全局]: devices (耗时: 0.141s)
2026-02-04 17:22:25 - ADBTools.UI - INFO - [logger_manager.py:556] - [log_button_click] - [2026-02-04 17:22:25.483] [Thread-28200] 用户操作: 点击 start_app 按钮 -> 启动应用: com.zhonghuan.factory
2026-02-04 17:22:25 - ADBTools.Method - ERROR - [logger_manager.py:585] - [log_method_result] - [2026-02-04 17:22:25.483] [Thread-28200] ✗ start_app_action 失败: 设备未连接
2026-02-04 17:22:28 - ADBTools.UI - INFO - [logger_manager.py:556] - [log_button_click] - [2026-02-04 17:22:28.931] [Thread-28200] 用户操作: 点击 RefreshButton 按钮 -> 刷新设备列表
2026-02-04 17:22:28 - ADBTools.RefreshDevicesThread - INFO - [refresh_devices_thread.py:37] - [__init__] - 刷新设备列表线程初始化
2026-02-04 17:22:28 - ADBTools.Thread - INFO - [logger_manager.py:640] - [log_thread_start] - [2026-02-04 17:22:28.933] [Thread-28200] 线程启动: RefreshDevicesThread | 详情: {'action': '刷新设备列表'}
2026-02-04 17:22:28 - ADBTools.RefreshDevicesThread - INFO - [refresh_devices_thread.py:41] - [run] - ================================================================================
2026-02-04 17:22:28 - ADBTools.RefreshDevicesThread - INFO - [refresh_devices_thread.py:42] - [run] - 开始执行刷新设备列表操作
2026-02-04 17:22:28 - ADBTools.RefreshDevicesThread - INFO - [refresh_devices_thread.py:43] - [run] - ================================================================================
2026-02-04 17:22:28 - ADBTools.RefreshDevicesThread - INFO - [refresh_devices_thread.py:51] - [run] - 发送进度信号: 正在刷新设备列表...
2026-02-04 17:22:28 - ADBTools.RefreshDevicesThread - INFO - [refresh_devices_thread.py:54] - [run] - 准备执行 ADB 命令: devices
2026-02-04 17:22:28 - ADBTools.ADB_Utils - DEBUG - [adb_utils.py:75] - [get_adb_path] - 使用缓存的ADB路径: D:\work_tools\adb-1\adb.exe
2026-02-04 17:22:28 - ADBTools.ADB_Utils - DEBUG - [adb_utils.py:154] - [run_adb_command] - [2026-02-04 17:22:28.937] [Thread-26996] 执行ADB命令 [全局]: devices
2026-02-04 17:22:29 - ADBTools.ADB_Utils - DEBUG - [adb_utils.py:173] - [run_adb_command] - [2026-02-04 17:22:28.937] [Thread-26996] ADB命令执行成功 [全局]: devices (耗时: 0.092s)
2026-02-04 17:22:29 - ADBTools.RefreshDevicesThread - INFO - [refresh_devices_thread.py:60] - [run] - ADB 命令执行完成，开始解析结果...
2026-02-04 17:22:29 - ADBTools.RefreshDevicesThread - INFO - [refresh_devices_thread.py:76] - [run] - ADB 命令返回内容长度: 50 字符
2026-02-04 17:22:29 - ADBTools.RefreshDevicesThread - INFO - [refresh_devices_thread.py:89] - [run] - ADB命令返回 2 行内容
2026-02-04 17:22:29 - ADBTools.RefreshDevicesThread - DEBUG - [refresh_devices_thread.py:95] - [run] - 解析第 1 行: List of devices attached
2026-02-04 17:22:29 - ADBTools.RefreshDevicesThread - DEBUG - [refresh_devices_thread.py:95] - [run] - 解析第 2 行: 192.168.43.27:5555	device
2026-02-04 17:22:29 - ADBTools.RefreshDevicesThread - INFO - [refresh_devices_thread.py:101] - [run] - ✓ 发现设备: 192.168.43.27:5555 (状态: device)
2026-02-04 17:22:29 - ADBTools.RefreshDevicesThread - INFO - [refresh_devices_thread.py:107] - [run] - 设备解析完成，共找到 1 个设备
2026-02-04 17:22:29 - ADBTools.RefreshDevicesThread - INFO - [refresh_devices_thread.py:112] - [run] - 设备列表:
2026-02-04 17:22:29 - ADBTools.RefreshDevicesThread - INFO - [refresh_devices_thread.py:114] - [run] -   - 192.168.43.27:5555
2026-02-04 17:22:29 - ADBTools.RefreshDevicesThread - INFO - [refresh_devices_thread.py:133] - [run] - ================================================================================
2026-02-04 17:22:29 - ADBTools.ADB_Module - INFO - [ADB_module.py:1498] - [_cleanup_u2_connection] - 清理旧的u2连接: GFEDCBA0987654321
2026-02-04 17:22:29 - ADBTools.RefreshDevicesThread - INFO - [refresh_devices_thread.py:134] - [run] - 刷新设备列表操作完成
2026-02-04 17:22:29 - ADBTools.ADB_Module - INFO - [ADB_module.py:1501] - [_cleanup_u2_connection] - 旧连接已清理
2026-02-04 17:22:29 - ADBTools.RefreshDevicesThread - INFO - [refresh_devices_thread.py:135] - [run] - ================================================================================
2026-02-04 17:22:29 - ADBTools.Device - INFO - [logger_manager.py:601] - [log_device_operation] - [2026-02-04 17:22:29.034] [Thread-28200] 设备操作: u2_connect_attempt | 设备: 192.168.43.27:5555 | 详情: {'mode': 'u2', 'action': '尝试u2连接'}
2026-02-04 17:22:29 - ADBTools.U2ConnectThread - INFO - [u2_connect_thread.py:23] - [__init__] - U2ConnectThread初始化: 目标设备 192.168.43.27:5555
2026-02-04 17:22:29 - ADBTools.Thread - INFO - [logger_manager.py:640] - [log_thread_start] - [2026-02-04 17:22:29.034] [Thread-28200] 线程启动: U2ConnectThread | 详情: {'device_id': '192.168.43.27:5555', 'mode': 'u2'}
2026-02-04 17:22:29 - ADBTools.Thread - INFO - [logger_manager.py:640] - [log_thread_start] - [2026-02-04 17:22:29.034] [Thread-27856] 线程启动: U2ConnectThread | 详情: {'device_id': '192.168.43.27:5555'}
2026-02-04 17:22:29 - ADBTools.Device - INFO - [logger_manager.py:601] - [log_device_operation] - [2026-02-04 17:22:29.036] [Thread-27856] 设备操作: u2_connect_start | 设备: 192.168.43.27:5555 | 详情: {'mode': 'u2'}
2026-02-04 17:22:29 - ADBTools.ADB_Module - INFO - [ADB_module.py:1897] - [_on_refresh_thread_finished] - 设备列表刷新完成
2026-02-04 17:22:29 - ADBTools.U2ConnectThread - INFO - [u2_connect_thread.py:35] - [run] - 开始u2连接: 192.168.43.27:5555
2026-02-04 17:22:30 - ADBTools.U2ConnectThread - INFO - [u2_connect_thread.py:54] - [run] - u2连接成功: 192.168.43.27:5555 | 耗时: 1.857s
2026-02-04 17:22:30 - ADBTools.U2ConnectThread - INFO - [u2_connect_thread.py:55] - [run] - 设备信息: {'serial': '192.168.43.27:5555', 'model': 'Unknown', 'brand': 'Unknown', 'version': 'Unknown', 'sdk': 'Unknown', 'manufacturer': 'Unknown'}
2026-02-04 17:22:30 - ADBTools.Device - INFO - [logger_manager.py:601] - [log_device_operation] - [2026-02-04 17:22:30.892] [Thread-27856] 设备操作: u2_connect_success | 设备: 192.168.43.27:5555 | 详情: {'mode': 'u2', 'status': 'connected', 'device_info': {'serial': '192.168.43.27:5555', 'model': 'Unknown', 'brand': 'Unknown', 'version': 'Unknown', 'sdk': 'Unknown', 'manufacturer': 'Unknown'}, 'elapsed_time': 1.8573076725006104}
2026-02-04 17:22:30 - ADBTools.Thread - INFO - [logger_manager.py:658] - [log_thread_complete] - [2026-02-04 17:22:30.893] [Thread-27856] 线程完成: U2ConnectThread | 结果: success | 详情: {'device_id': '192.168.43.27:5555', 'elapsed_time': 1.8573076725006104, 'device_info': {'serial': '192.168.43.27:5555', 'model': 'Unknown', 'brand': 'Unknown', 'version': 'Unknown', 'sdk': 'Unknown', 'manufacturer': 'Unknown'}}
2026-02-04 17:22:30 - ADBTools.Device - INFO - [logger_manager.py:601] - [log_device_operation] - [2026-02-04 17:22:30.894] [Thread-28200] 设备操作: u2_connect_success | 设备: 192.168.43.27:5555 | 详情: {'mode': 'u2', 'status': 'connected'}
2026-02-04 17:22:30 - ADBTools.Thread - INFO - [logger_manager.py:658] - [log_thread_complete] - [2026-02-04 17:22:30.894] [Thread-28200] 线程完成: U2ConnectThread | 结果: success | 详情: {'device_id': '192.168.43.27:5555', 'mode': 'u2'}
2026-02-04 17:22:32 - ADBTools.UI - INFO - [logger_manager.py:556] - [log_button_click] - [2026-02-04 17:22:32.206] [Thread-28200] 用户操作: 点击 datong_factory_button 按钮 -> 启动中环工厂应用 (com.zhonghuan.factory)
2026-02-04 17:22:32 - ADBTools.ADB_Utils - DEBUG - [adb_utils.py:75] - [get_adb_path] - 使用缓存的ADB路径: D:\work_tools\adb-1\adb.exe
2026-02-04 17:22:32 - ADBTools.ADB_Utils - DEBUG - [adb_utils.py:154] - [run_adb_command] - [2026-02-04 17:22:32.207] [Thread-28200] 执行ADB命令 [全局]: devices
2026-02-04 17:22:32 - ADBTools.ADB_Utils - DEBUG - [adb_utils.py:173] - [run_adb_command] - [2026-02-04 17:22:32.207] [Thread-28200] ADB命令执行成功 [全局]: devices (耗时: 0.096s)
2026-02-04 17:22:32 - ADBTools.UI - INFO - [logger_manager.py:556] - [log_button_click] - [2026-02-04 17:22:32.305] [Thread-28200] 用户操作: 点击 start_app 按钮 -> 启动应用: com.zhonghuan.factory
2026-02-04 17:22:32 - ADBTools.ADB_Module - INFO - [ADB_module.py:1573] - [start_app_action] - 启动应用: com.zhonghuan.factory
2026-02-04 17:22:32 - ADBTools.Method - INFO - [logger_manager.py:578] - [log_method_result] - [2026-02-04 17:22:32.305] [Thread-28200] ✓ start_app_action 完成: 启动线程已启动: com.zhonghuan.factory
2026-02-04 17:22:36 - ADBTools.ADB_Utils - DEBUG - [adb_utils.py:75] - [get_adb_path] - 使用缓存的ADB路径: D:\work_tools\adb-1\adb.exe
2026-02-04 17:22:36 - ADBTools.ADB_Utils - DEBUG - [adb_utils.py:154] - [run_adb_command] - [2026-02-04 17:22:36.493] [Thread-28200] 执行ADB命令 [全局]: devices
2026-02-04 17:22:36 - ADBTools.ADB_Utils - DEBUG - [adb_utils.py:173] - [run_adb_command] - [2026-02-04 17:22:36.493] [Thread-28200] ADB命令执行成功 [全局]: devices (耗时: 0.212s)
2026-02-04 17:22:36 - ADBTools.UI - INFO - [logger_manager.py:556] - [log_button_click] - [2026-02-04 17:22:36.708] [Thread-28200] 用户操作: 点击 datong_input_password_button 按钮 -> 一键输入密码
2026-02-04 17:22:37 - ADBTools.ADB_Module - INFO - [ADB_module.py:1046] - [datong_input_password_action] - 输入密码: Kfs73p940a
2026-02-04 17:22:37 - ADBTools.Method - INFO - [logger_manager.py:578] - [log_method_result] - [2026-02-04 17:22:37.982] [Thread-28200] ✓ datong_input_password_action 完成: 密码输入线程已启动
2026-02-04 17:22:37 - ADBTools.ADB_Utils - DEBUG - [adb_utils.py:75] - [get_adb_path] - 使用缓存的ADB路径: D:\work_tools\adb-1\adb.exe
2026-02-04 17:22:37 - ADBTools.ADB_Utils - DEBUG - [adb_utils.py:152] - [run_adb_command] - [2026-02-04 17:22:37.984] [Thread-34432] 执行ADB命令 [192.168.43.27:5555]: shell input text Kfs73p940a
2026-02-04 17:22:38 - ADBTools.ADB_Utils - DEBUG - [adb_utils.py:171] - [run_adb_command] - [2026-02-04 17:22:37.984] [Thread-34432] ADB命令执行成功 [192.168.43.27:5555]: shell input text Kfs73p940a (耗时: 0.769s)
2026-02-04 17:23:34 - ADBTools.ADB_Utils - DEBUG - [adb_utils.py:75] - [get_adb_path] - 使用缓存的ADB路径: D:\work_tools\adb-1\adb.exe
2026-02-04 17:23:34 - ADBTools.ADB_Utils - DEBUG - [adb_utils.py:154] - [run_adb_command] - [2026-02-04 17:23:34.876] [Thread-28200] 执行ADB命令 [全局]: devices
2026-02-04 17:23:34 - ADBTools.ADB_Utils - DEBUG - [adb_utils.py:173] - [run_adb_command] - [2026-02-04 17:23:34.876] [Thread-28200] ADB命令执行成功 [全局]: devices (耗时: 0.116s)
2026-02-04 17:23:34 - ADBTools.UI - INFO - [logger_manager.py:556] - [log_button_click] - [2026-02-04 17:23:34.993] [Thread-28200] 用户操作: 点击 datong_set_datetime_button 按钮 -> 设置设备日期时间
2026-02-04 17:23:35 - ADBTools.Method - INFO - [logger_manager.py:578] - [log_method_result] - [2026-02-04 17:23:35.654] [Thread-28200] ✓ datong_set_datetime_action 完成: 设置日期时间线程已启动
2026-02-04 17:23:35 - ADBTools.DatongSetDatetimeThread - INFO - [datong_set_datetime_thread.py:53] - [run] - 开始设置设备 192.168.43.27:5555 的日期时间
2026-02-04 17:23:35 - ADBTools.DatongSetDatetimeThread - INFO - [datong_set_datetime_thread.py:89] - [run] - 日期时间设置成功: ✓ 日期时间设置成功！
  设备: 192.168.43.27:5555
  新时间: 2026-02-04 17:23:35
  命令: adb -s 192.168.43.27:5555 shell date 020417232026.35
2026-02-04 17:23:35 - ADBTools.Method - INFO - [logger_manager.py:578] - [log_method_result] - [2026-02-04 17:23:35.782] [Thread-13364] ✓ DatongSetDatetimeThread.run 完成: 日期时间设置成功
2026-02-04 17:39:21 - ADBTools.UI - INFO - [logger_manager.py:556] - [log_button_click] - [2026-02-04 17:39:21.852] [Thread-28200] 用户操作: 点击 datong_factory_button 按钮 -> 启动中环工厂应用 (com.zhonghuan.factory)
2026-02-04 17:39:21 - ADBTools.ADB_Utils - DEBUG - [adb_utils.py:75] - [get_adb_path] - 使用缓存的ADB路径: D:\work_tools\adb-1\adb.exe
2026-02-04 17:39:21 - ADBTools.ADB_Utils - DEBUG - [adb_utils.py:154] - [run_adb_command] - [2026-02-04 17:39:21.853] [Thread-28200] 执行ADB命令 [全局]: devices
2026-02-04 17:39:22 - ADBTools.ADB_Utils - DEBUG - [adb_utils.py:173] - [run_adb_command] - [2026-02-04 17:39:21.853] [Thread-28200] ADB命令执行成功 [全局]: devices (耗时: 0.181s)
2026-02-04 17:39:22 - ADBTools.UI - INFO - [logger_manager.py:556] - [log_button_click] - [2026-02-04 17:39:22.036] [Thread-28200] 用户操作: 点击 start_app 按钮 -> 启动应用: com.zhonghuan.factory
2026-02-04 17:39:22 - ADBTools.ADB_Module - INFO - [ADB_module.py:1573] - [start_app_action] - 启动应用: com.zhonghuan.factory
2026-02-04 17:39:22 - ADBTools.Method - INFO - [logger_manager.py:578] - [log_method_result] - [2026-02-04 17:39:22.038] [Thread-28200] ✓ start_app_action 完成: 启动线程已启动: com.zhonghuan.factory
2026-02-04 17:39:24 - ADBTools.ADB_Utils - DEBUG - [adb_utils.py:75] - [get_adb_path] - 使用缓存的ADB路径: D:\work_tools\adb-1\adb.exe
2026-02-04 17:39:24 - ADBTools.ADB_Utils - DEBUG - [adb_utils.py:154] - [run_adb_command] - [2026-02-04 17:39:24.947] [Thread-28200] 执行ADB命令 [全局]: devices
2026-02-04 17:39:25 - ADBTools.ADB_Utils - DEBUG - [adb_utils.py:173] - [run_adb_command] - [2026-02-04 17:39:24.947] [Thread-28200] ADB命令执行成功 [全局]: devices (耗时: 0.170s)
2026-02-04 17:39:25 - ADBTools.UI - INFO - [logger_manager.py:556] - [log_button_click] - [2026-02-04 17:39:25.120] [Thread-28200] 用户操作: 点击 datong_input_password_button 按钮 -> 一键输入密码
2026-02-04 17:39:27 - ADBTools.ADB_Module - INFO - [ADB_module.py:1046] - [datong_input_password_action] - 输入密码: Kfs73p940a
2026-02-04 17:39:27 - ADBTools.Method - INFO - [logger_manager.py:578] - [log_method_result] - [2026-02-04 17:39:27.350] [Thread-28200] ✓ datong_input_password_action 完成: 密码输入线程已启动
2026-02-04 17:39:27 - ADBTools.ADB_Utils - DEBUG - [adb_utils.py:75] - [get_adb_path] - 使用缓存的ADB路径: D:\work_tools\adb-1\adb.exe
2026-02-04 17:39:27 - ADBTools.ADB_Utils - DEBUG - [adb_utils.py:152] - [run_adb_command] - [2026-02-04 17:39:27.352] [Thread-7740] 执行ADB命令 [192.168.43.27:5555]: shell input text Kfs73p940a
2026-02-04 17:39:28 - ADBTools.ADB_Utils - DEBUG - [adb_utils.py:171] - [run_adb_command] - [2026-02-04 17:39:27.352] [Thread-7740] ADB命令执行成功 [192.168.43.27:5555]: shell input text Kfs73p940a (耗时: 0.774s)
2026-02-05 12:59:59 - ADBTools.Main - INFO - [main.py:37] - [closeevent] - 应用程序正在关闭...
2026-02-05 12:59:59 - ADBTools.Main - INFO - [main.py:48] - [closeevent] - 应用程序已正常关闭
2026-02-05 12:59:59 - ADBTools.Main - INFO - [main.py:49] - [closeevent] - ================================================================================
