{"timestamp": "2026-02-04 13:14:55", "operation_type": "refresh_devices_thread", "device_id": null, "details": {"action": "刷新设备列表"}, "result": "success", "thread_id": 33712, "thread_name": "Dummy-1"}
{"timestamp": "2026-02-04 13:14:55", "operation_type": "app_start", "device_id": null, "details": {"version": "1.6.6", "action": "启动应用程序"}, "result": "success", "thread_id": 30360, "thread_name": "MainThread"}
{"timestamp": "2026-02-04 13:14:56", "operation_type": "adb_command_execution", "device_id": null, "details": {"command": "devices", "device_id": null, "returncode": 0, "result": "success", "execution_time": 0.11191940307617188, "thread_id": 33712, "thread_name": "Dummy-1", "timestamp": "2026-02-04 13:14:55.884"}, "result": "success", "thread_id": 33712, "thread_name": "Dummy-1"}
{"timestamp": "2026-02-04 13:14:56", "operation_type": "refresh_devices_success", "device_id": null, "details": {"device_count": 1, "device_ids": ["GFEDCBA0987654321"]}, "result": "success", "thread_id": 33712, "thread_name": "Dummy-1"}
{"timestamp": "2026-02-04 13:17:21", "operation_type": "app_close", "device_id": null, "details": {"action": "关闭应用程序"}, "result": "success", "thread_id": 30360, "thread_name": "MainThread"}
{"timestamp": "2026-02-04 13:17:35", "operation_type": "refresh_devices_thread", "device_id": null, "details": {"action": "刷新设备列表"}, "result": "success", "thread_id": 30400, "thread_name": "Dummy-1"}
{"timestamp": "2026-02-04 13:17:35", "operation_type": "app_start", "device_id": null, "details": {"version": "1.6.6", "action": "启动应用程序"}, "result": "success", "thread_id": 33576, "thread_name": "MainThread"}
{"timestamp": "2026-02-04 13:17:35", "operation_type": "adb_command_execution", "device_id": null, "details": {"command": "devices", "device_id": null, "returncode": 0, "result": "success", "execution_time": 0.10497140884399414, "thread_id": 30400, "thread_name": "Dummy-1", "timestamp": "2026-02-04 13:17:35.819"}, "result": "success", "thread_id": 30400, "thread_name": "Dummy-1"}
{"timestamp": "2026-02-04 13:17:35", "operation_type": "refresh_devices_success", "device_id": null, "details": {"device_count": 1, "device_ids": ["GFEDCBA0987654321"]}, "result": "success", "thread_id": 30400, "thread_name": "Dummy-1"}
{"timestamp": "2026-02-04 17:15:07", "operation_type": "refresh_devices_thread", "device_id": null, "details": {"action": "刷新设备列表"}, "result": "success", "thread_id": 33260, "thread_name": "Dummy-1"}
{"timestamp": "2026-02-04 17:15:07", "operation_type": "app_start", "device_id": null, "details": {"version": "1.6.6", "action": "启动应用程序"}, "result": "success", "thread_id": 7416, "thread_name": "MainThread"}
{"timestamp": "2026-02-04 17:15:08", "operation_type": "adb_command_execution", "device_id": null, "details": {"command": "devices", "device_id": null, "returncode": 0, "result": "success", "execution_time": 0.12960505485534668, "thread_id": 33260, "thread_name": "Dummy-1", "timestamp": "2026-02-04 17:15:07.973"}, "result": "success", "thread_id": 33260, "thread_name": "Dummy-1"}
{"timestamp": "2026-02-04 17:15:08", "operation_type": "refresh_devices_no_device", "device_id": null, "details": {"reason": "no_devices_found"}, "result": "success", "thread_id": 33260, "thread_name": "Dummy-1"}
{"timestamp": "2026-02-04 17:16:47", "operation_type": "refresh_devices_thread", "device_id": null, "details": {"action": "刷新设备列表"}, "result": "success", "thread_id": 28088, "thread_name": "Dummy-6"}
{"timestamp": "2026-02-04 17:16:47", "operation_type": "adb_command_execution", "device_id": null, "details": {"command": "devices", "device_id": null, "returncode": 0, "result": "success", "execution_time": 0.08220791816711426, "thread_id": 28088, "thread_name": "Dummy-6", "timestamp": "2026-02-04 17:16:47.653"}, "result": "success", "thread_id": 28088, "thread_name": "Dummy-6"}
{"timestamp": "2026-02-04 17:16:47", "operation_type": "refresh_devices_success", "device_id": null, "details": {"device_count": 1, "device_ids": ["GFEDCBA0987654321"]}, "result": "success", "thread_id": 28088, "thread_name": "Dummy-6"}
{"timestamp": "2026-02-04 17:17:05", "operation_type": "app_close", "device_id": null, "details": {"action": "关闭应用程序"}, "result": "success", "thread_id": 7416, "thread_name": "MainThread"}
{"timestamp": "2026-02-04 17:17:10", "operation_type": "refresh_devices_thread", "device_id": null, "details": {"action": "刷新设备列表"}, "result": "success", "thread_id": 20848, "thread_name": "Dummy-1"}
{"timestamp": "2026-02-04 17:17:10", "operation_type": "app_start", "device_id": null, "details": {"version": "1.6.6", "action": "启动应用程序"}, "result": "success", "thread_id": 28200, "thread_name": "MainThread"}
{"timestamp": "2026-02-04 17:17:10", "operation_type": "adb_command_execution", "device_id": null, "details": {"command": "devices", "device_id": null, "returncode": 0, "result": "success", "execution_time": 0.10135698318481445, "thread_id": 20848, "thread_name": "Dummy-1", "timestamp": "2026-02-04 17:17:10.280"}, "result": "success", "thread_id": 20848, "thread_name": "Dummy-1"}
{"timestamp": "2026-02-04 17:17:10", "operation_type": "refresh_devices_success", "device_id": null, "details": {"device_count": 1, "device_ids": ["GFEDCBA0987654321"]}, "result": "success", "thread_id": 20848, "thread_name": "Dummy-1"}
{"timestamp": "2026-02-04 17:17:15", "operation_type": "adb_command_execution", "device_id": null, "details": {"command": "devices", "device_id": null, "returncode": 0, "result": "success", "execution_time": 0.08825349807739258, "thread_id": 28200, "thread_name": "MainThread", "timestamp": "2026-02-04 17:17:15.091"}, "result": "success", "thread_id": 28200, "thread_name": "MainThread"}
{"timestamp": "2026-02-04 17:22:25", "operation_type": "adb_command_execution", "device_id": null, "details": {"command": "devices", "device_id": null, "returncode": 0, "result": "success", "execution_time": 0.1406559944152832, "thread_id": 28200, "thread_name": "MainThread", "timestamp": "2026-02-04 17:22:25.341"}, "result": "success", "thread_id": 28200, "thread_name": "MainThread"}
{"timestamp": "2026-02-04 17:22:28", "operation_type": "refresh_devices_thread", "device_id": null, "details": {"action": "刷新设备列表"}, "result": "success", "thread_id": 26996, "thread_name": "Dummy-12"}
{"timestamp": "2026-02-04 17:22:29", "operation_type": "adb_command_execution", "device_id": null, "details": {"command": "devices", "device_id": null, "returncode": 0, "result": "success", "execution_time": 0.09230399131774902, "thread_id": 26996, "thread_name": "Dummy-12", "timestamp": "2026-02-04 17:22:28.937"}, "result": "success", "thread_id": 26996, "thread_name": "Dummy-12"}
{"timestamp": "2026-02-04 17:22:29", "operation_type": "refresh_devices_success", "device_id": null, "details": {"device_count": 1, "device_ids": ["192.168.43.27:5555"]}, "result": "success", "thread_id": 26996, "thread_name": "Dummy-12"}
{"timestamp": "2026-02-04 17:22:32", "operation_type": "adb_command_execution", "device_id": null, "details": {"command": "devices", "device_id": null, "returncode": 0, "result": "success", "execution_time": 0.09595322608947754, "thread_id": 28200, "thread_name": "MainThread", "timestamp": "2026-02-04 17:22:32.207"}, "result": "success", "thread_id": 28200, "thread_name": "MainThread"}
{"timestamp": "2026-02-04 17:22:36", "operation_type": "adb_command_execution", "device_id": null, "details": {"command": "devices", "device_id": null, "returncode": 0, "result": "success", "execution_time": 0.21246647834777832, "thread_id": 28200, "thread_name": "MainThread", "timestamp": "2026-02-04 17:22:36.493"}, "result": "success", "thread_id": 28200, "thread_name": "MainThread"}
{"timestamp": "2026-02-04 17:22:38", "operation_type": "adb_command_execution", "device_id": "192.168.43.27:5555", "details": {"command": "shell input text Kfs73p940a", "device_id": "192.168.43.27:5555", "returncode": 0, "result": "success", "execution_time": 0.7694334983825684, "thread_id": 34432, "thread_name": "Dummy-21", "timestamp": "2026-02-04 17:22:37.984"}, "result": "success", "thread_id": 34432, "thread_name": "Dummy-21"}
{"timestamp": "2026-02-04 17:23:34", "operation_type": "adb_command_execution", "device_id": null, "details": {"command": "devices", "device_id": null, "returncode": 0, "result": "success", "execution_time": 0.11556315422058105, "thread_id": 28200, "thread_name": "MainThread", "timestamp": "2026-02-04 17:23:34.876"}, "result": "success", "thread_id": 28200, "thread_name": "MainThread"}
{"timestamp": "2026-02-04 17:39:22", "operation_type": "adb_command_execution", "device_id": null, "details": {"command": "devices", "device_id": null, "returncode": 0, "result": "success", "execution_time": 0.18081116676330566, "thread_id": 28200, "thread_name": "MainThread", "timestamp": "2026-02-04 17:39:21.853"}, "result": "success", "thread_id": 28200, "thread_name": "MainThread"}
{"timestamp": "2026-02-04 17:39:25", "operation_type": "adb_command_execution", "device_id": null, "details": {"command": "devices", "device_id": null, "returncode": 0, "result": "success", "execution_time": 0.17020177841186523, "thread_id": 28200, "thread_name": "MainThread", "timestamp": "2026-02-04 17:39:24.947"}, "result": "success", "thread_id": 28200, "thread_name": "MainThread"}
{"timestamp": "2026-02-04 17:39:28", "operation_type": "adb_command_execution", "device_id": "192.168.43.27:5555", "details": {"command": "shell input text Kfs73p940a", "device_id": "192.168.43.27:5555", "returncode": 0, "result": "success", "execution_time": 0.7743299007415771, "thread_id": 7740, "thread_name": "Dummy-31", "timestamp": "2026-02-04 17:39:27.352"}, "result": "success", "thread_id": 7740, "thread_name": "Dummy-31"}
{"timestamp": "2026-02-05 12:59:59", "operation_type": "app_close", "device_id": null, "details": {"action": "关闭应用程序"}, "result": "success", "thread_id": 28200, "thread_name": "MainThread"}
