{"timestamp": "2026-02-06 10:36:14", "operation_type": "refresh_devices_thread", "device_id": null, "details": {"action": "刷新设备列表"}, "result": "success", "thread_id": 102768, "thread_name": "Dummy-1"}
{"timestamp": "2026-02-06 10:36:14", "operation_type": "app_start", "device_id": null, "details": {"version": "1.6.6", "action": "启动应用程序"}, "result": "success", "thread_id": 108592, "thread_name": "MainThread"}
{"timestamp": "2026-02-06 10:36:15", "operation_type": "adb_command_execution", "device_id": null, "details": {"command": "devices", "device_id": null, "returncode": 0, "result": "success", "execution_time": 0.10553288459777832, "thread_id": 102768, "thread_name": "Dummy-1", "timestamp": "2026-02-06 10:36:15.051"}, "result": "success", "thread_id": 102768, "thread_name": "Dummy-1"}
{"timestamp": "2026-02-06 10:36:15", "operation_type": "refresh_devices_no_device", "device_id": null, "details": {"reason": "no_devices_found"}, "result": "success", "thread_id": 102768, "thread_name": "Dummy-1"}
{"timestamp": "2026-02-06 10:36:38", "operation_type": "refresh_devices_thread", "device_id": null, "details": {"action": "刷新设备列表"}, "result": "success", "thread_id": 14636, "thread_name": "Dummy-6"}
{"timestamp": "2026-02-06 10:36:38", "operation_type": "adb_command_execution", "device_id": null, "details": {"command": "devices", "device_id": null, "returncode": 0, "result": "success", "execution_time": 0.08211350440979004, "thread_id": 14636, "thread_name": "Dummy-6", "timestamp": "2026-02-06 10:36:38.698"}, "result": "success", "thread_id": 14636, "thread_name": "Dummy-6"}
{"timestamp": "2026-02-06 10:36:38", "operation_type": "refresh_devices_no_device", "device_id": null, "details": {"reason": "no_devices_found"}, "result": "success", "thread_id": 14636, "thread_name": "Dummy-6"}
{"timestamp": "2026-02-06 10:36:41", "operation_type": "adb_command_execution", "device_id": null, "details": {"command": "devices", "device_id": null, "returncode": 0, "result": "success", "execution_time": 0.08211088180541992, "thread_id": 108592, "thread_name": "MainThread", "timestamp": "2026-02-06 10:36:41.604"}, "result": "success", "thread_id": 108592, "thread_name": "MainThread"}
{"timestamp": "2026-02-06 10:36:42", "operation_type": "adb_command_execution", "device_id": null, "details": {"command": "devices", "device_id": null, "returncode": 0, "result": "success", "execution_time": 0.08233642578125, "thread_id": 108592, "thread_name": "MainThread", "timestamp": "2026-02-06 10:36:42.577"}, "result": "success", "thread_id": 108592, "thread_name": "MainThread"}
{"timestamp": "2026-02-06 10:36:43", "operation_type": "adb_command_execution", "device_id": null, "details": {"command": "devices", "device_id": null, "returncode": 0, "result": "success", "execution_time": 0.08737015724182129, "thread_id": 108592, "thread_name": "MainThread", "timestamp": "2026-02-06 10:36:43.156"}, "result": "success", "thread_id": 108592, "thread_name": "MainThread"}
{"timestamp": "2026-02-06 10:36:43", "operation_type": "adb_command_execution", "device_id": null, "details": {"command": "devices", "device_id": null, "returncode": 0, "result": "success", "execution_time": 0.08302736282348633, "thread_id": 108592, "thread_name": "MainThread", "timestamp": "2026-02-06 10:36:43.773"}, "result": "success", "thread_id": 108592, "thread_name": "MainThread"}
{"timestamp": "2026-02-06 10:36:44", "operation_type": "adb_command_execution", "device_id": null, "details": {"command": "devices", "device_id": null, "returncode": 0, "result": "success", "execution_time": 0.0843048095703125, "thread_id": 108592, "thread_name": "MainThread", "timestamp": "2026-02-06 10:36:44.159"}, "result": "success", "thread_id": 108592, "thread_name": "MainThread"}
{"timestamp": "2026-02-06 10:43:27", "operation_type": "app_close", "device_id": null, "details": {"action": "关闭应用程序"}, "result": "success", "thread_id": 108592, "thread_name": "MainThread"}
{"timestamp": "2026-02-06 18:37:17", "operation_type": "refresh_devices_thread", "device_id": null, "details": {"action": "刷新设备列表"}, "result": "success", "thread_id": 93800, "thread_name": "Dummy-1"}
{"timestamp": "2026-02-06 18:37:17", "operation_type": "app_start", "device_id": null, "details": {"version": "1.6.7", "action": "启动应用程序"}, "result": "success", "thread_id": 14592, "thread_name": "MainThread"}
{"timestamp": "2026-02-06 18:37:17", "operation_type": "adb_command_execution", "device_id": null, "details": {"command": "devices", "device_id": null, "returncode": 0, "result": "success", "execution_time": 0.09856271743774414, "thread_id": 93800, "thread_name": "Dummy-1", "timestamp": "2026-02-06 18:37:17.356"}, "result": "success", "thread_id": 93800, "thread_name": "Dummy-1"}
{"timestamp": "2026-02-06 18:37:17", "operation_type": "refresh_devices_no_device", "device_id": null, "details": {"reason": "no_devices_found"}, "result": "success", "thread_id": 93800, "thread_name": "Dummy-1"}
{"timestamp": "2026-02-06 18:37:26", "operation_type": "adb_command_execution", "device_id": null, "details": {"command": "devices", "device_id": null, "returncode": 0, "result": "success", "execution_time": 1.2019145488739014, "thread_id": 14592, "thread_name": "MainThread", "timestamp": "2026-02-06 18:37:25.491"}, "result": "success", "thread_id": 14592, "thread_name": "MainThread"}
{"timestamp": "2026-02-06 18:38:11", "operation_type": "refresh_devices_thread", "device_id": null, "details": {"action": "刷新设备列表"}, "result": "success", "thread_id": 87260, "thread_name": "Dummy-8"}
{"timestamp": "2026-02-06 18:38:11", "operation_type": "adb_command_execution", "device_id": null, "details": {"command": "devices", "device_id": null, "returncode": 0, "result": "success", "execution_time": 0.08590841293334961, "thread_id": 87260, "thread_name": "Dummy-8", "timestamp": "2026-02-06 18:38:11.317"}, "result": "success", "thread_id": 87260, "thread_name": "Dummy-8"}
{"timestamp": "2026-02-06 18:38:11", "operation_type": "refresh_devices_success", "device_id": null, "details": {"device_count": 1, "device_ids": ["192.168.1.102:5555"]}, "result": "success", "thread_id": 87260, "thread_name": "Dummy-8"}
{"timestamp": "2026-02-06 18:38:19", "operation_type": "adb_command_execution", "device_id": null, "details": {"command": "devices", "device_id": null, "returncode": 0, "result": "success", "execution_time": 0.08208012580871582, "thread_id": 14592, "thread_name": "MainThread", "timestamp": "2026-02-06 18:38:19.481"}, "result": "success", "thread_id": 14592, "thread_name": "MainThread"}
{"timestamp": "2026-02-06 18:41:24", "operation_type": "adb_command_execution", "device_id": null, "details": {"command": "devices", "device_id": null, "returncode": 0, "result": "success", "execution_time": 0.08839154243469238, "thread_id": 14592, "thread_name": "MainThread", "timestamp": "2026-02-06 18:41:24.650"}, "result": "success", "thread_id": 14592, "thread_name": "MainThread"}
{"timestamp": "2026-02-06 18:41:51", "operation_type": "adb_command_execution", "device_id": null, "details": {"command": "devices", "device_id": null, "returncode": 0, "result": "success", "execution_time": 0.08677530288696289, "thread_id": 14592, "thread_name": "MainThread", "timestamp": "2026-02-06 18:41:51.729"}, "result": "success", "thread_id": 14592, "thread_name": "MainThread"}
{"timestamp": "2026-02-06 18:42:22", "operation_type": "app_close", "device_id": null, "details": {"action": "关闭应用程序"}, "result": "success", "thread_id": 14592, "thread_name": "MainThread"}
{"timestamp": "2026-02-06 19:11:34", "operation_type": "refresh_devices_thread", "device_id": null, "details": {"action": "刷新设备列表"}, "result": "success", "thread_id": 41620, "thread_name": "Dummy-1"}
{"timestamp": "2026-02-06 19:11:34", "operation_type": "app_start", "device_id": null, "details": {"version": "1.6.7", "action": "启动应用程序"}, "result": "success", "thread_id": 83464, "thread_name": "MainThread"}
{"timestamp": "2026-02-06 19:11:35", "operation_type": "adb_command_execution", "device_id": null, "details": {"command": "devices", "device_id": null, "returncode": 0, "result": "success", "execution_time": 0.09728646278381348, "thread_id": 41620, "thread_name": "Dummy-1", "timestamp": "2026-02-06 19:11:34.882"}, "result": "success", "thread_id": 41620, "thread_name": "Dummy-1"}
{"timestamp": "2026-02-06 19:11:35", "operation_type": "refresh_devices_success", "device_id": null, "details": {"device_count": 1, "device_ids": ["192.168.1.102:5555"]}, "result": "success", "thread_id": 41620, "thread_name": "Dummy-1"}
{"timestamp": "2026-02-06 19:12:30", "operation_type": "adb_command_execution", "device_id": null, "details": {"command": "devices", "device_id": null, "returncode": 0, "result": "success", "execution_time": 0.10584831237792969, "thread_id": 83464, "thread_name": "MainThread", "timestamp": "2026-02-06 19:12:30.051"}, "result": "success", "thread_id": 83464, "thread_name": "MainThread"}
{"timestamp": "2026-02-06 19:12:45", "operation_type": "app_close", "device_id": null, "details": {"action": "关闭应用程序"}, "result": "success", "thread_id": 83464, "thread_name": "MainThread"}
